/home/yijingxiao/anaconda3/envs/transformers/lib/python3.7/site-packages/allennlp/data/token_indexers/token_characters_indexer.py:61: UserWarning: You are using the default value (0) of `min_padding_length`, which can cause some subtle bugs (more info see https://github.com/allenai/allennlp/issues/1954). Strongly recommend to set a value, usually the maximum size of the convolutional layer size when using CnnEncoder.
  UserWarning,
0it [00:00, ?it/s]
379it [00:00, 28794.20it/s]

0it [00:00, ?it/s]
112it [00:00, 27273.69it/s]

0it [00:00, ?it/s]
112it [00:00, 29995.66it/s]

0it [00:00, ?it/s]
603it [00:00, 15883.22it/s]

  0%|          | 0/5 [00:00<?, ?it/s]
accuracy: 0.0458, accuracy3: 0.1660, loss: 2.4914, reg_loss: 0.0000 ||:  20%|##        | 1/5 [00:00<00:00,  6.97it/s]
accuracy: 0.0441, accuracy3: 0.1769, loss: 2.4883, reg_loss: 0.0000 ||:  60%|######    | 3/5 [00:00<00:00,  7.92it/s]
accuracy: 0.0500, accuracy3: 0.1834, loss: 2.4852, reg_loss: 0.0000 ||: 100%|##########| 5/5 [00:00<00:00,  8.46it/s]

  0%|          | 0/2 [00:00<?, ?it/s]
accuracy: 0.0790, accuracy3: 0.2077, loss: 2.4731, reg_loss: 0.0000 ||: 100%|##########| 2/2 [00:00<00:00, 66.42it/s]

  0%|          | 0/5 [00:00<?, ?it/s]
accuracy: 0.0854, accuracy3: 0.2307, loss: 2.4715, reg_loss: 0.0000 ||:  40%|####      | 2/5 [00:00<00:00, 10.68it/s]
accuracy: 0.0978, accuracy3: 0.2571, loss: 2.4667, reg_loss: 0.0000 ||:  80%|########  | 4/5 [00:00<00:00, 10.53it/s]
accuracy: 0.1156, accuracy3: 0.2798, loss: 2.4643, reg_loss: 0.0000 ||: 100%|##########| 5/5 [00:00<00:00, 10.52it/s]

  0%|          | 0/2 [00:00<?, ?it/s]
accuracy: 0.2077, accuracy3: 0.3278, loss: 2.4537, reg_loss: 0.0000 ||: 100%|##########| 2/2 [00:00<00:00, 83.32it/s]

  0%|          | 0/5 [00:00<?, ?it/s]
accuracy: 0.2050, accuracy3: 0.3742, loss: 2.4495, reg_loss: 0.0000 ||:  40%|####      | 2/5 [00:00<00:00, 12.75it/s]
accuracy: 0.2651, accuracy3: 0.4284, loss: 2.4453, reg_loss: 0.0000 ||:  80%|########  | 4/5 [00:00<00:00, 11.78it/s]
accuracy: 0.2838, accuracy3: 0.4445, loss: 2.4425, reg_loss: 0.0000 ||: 100%|##########| 5/5 [00:00<00:00, 10.09it/s]

  0%|          | 0/2 [00:00<?, ?it/s]
accuracy: 0.3590, accuracy3: 0.4849, loss: 2.4331, reg_loss: 0.0000 ||: 100%|##########| 2/2 [00:00<00:00, 80.18it/s]

  0%|          | 0/5 [00:00<?, ?it/s]
accuracy: 0.3766, accuracy3: 0.5305, loss: 2.4271, reg_loss: 0.0000 ||:  40%|####      | 2/5 [00:00<00:00,  8.82it/s]
accuracy: 0.3730, accuracy3: 0.5382, loss: 2.4258, reg_loss: 0.0000 ||:  60%|######    | 3/5 [00:00<00:00,  8.97it/s]
accuracy: 0.3883, accuracy3: 0.5585, loss: 2.4193, reg_loss: 0.0000 ||: 100%|##########| 5/5 [00:00<00:00,  9.43it/s]

  0%|          | 0/2 [00:00<?, ?it/s]
accuracy: 0.3921, accuracy3: 0.6220, loss: 2.4105, reg_loss: 0.0000 ||: 100%|##########| 2/2 [00:00<00:00, 82.12it/s]

  0%|          | 0/5 [00:00<?, ?it/s]
accuracy: 0.4428, accuracy3: 0.6474, loss: 2.3974, reg_loss: 0.0000 ||:  20%|##        | 1/5 [00:00<00:00,  8.86it/s]
accuracy: 0.4375, accuracy3: 0.6504, loss: 2.3990, reg_loss: 0.0000 ||:  40%|####      | 2/5 [00:00<00:00,  9.07it/s]
accuracy: 0.4468, accuracy3: 0.6725, loss: 2.3938, reg_loss: 0.0000 ||:  80%|########  | 4/5 [00:00<00:00,  8.92it/s]
accuracy: 0.4448, accuracy3: 0.6770, loss: 2.3920, reg_loss: 0.0000 ||: 100%|##########| 5/5 [00:00<00:00,  9.60it/s]

  0%|          | 0/2 [00:00<?, ?it/s]
accuracy: 0.4286, accuracy3: 0.6897, loss: 2.3853, reg_loss: 0.0000 ||: 100%|##########| 2/2 [00:00<00:00, 80.48it/s]

  0%|          | 0/5 [00:00<?, ?it/s]
accuracy: 0.4604, accuracy3: 0.6989, loss: 2.3797, reg_loss: 0.0000 ||:  20%|##        | 1/5 [00:00<00:00,  9.13it/s]
accuracy: 0.4693, accuracy3: 0.7218, loss: 2.3724, reg_loss: 0.0000 ||:  40%|####      | 2/5 [00:00<00:00,  8.49it/s]
accuracy: 0.4716, accuracy3: 0.7312, loss: 2.3655, reg_loss: 0.0000 ||:  80%|########  | 4/5 [00:00<00:00,  8.94it/s]
accuracy: 0.4750, accuracy3: 0.7308, loss: 2.3636, reg_loss: 0.0000 ||: 100%|##########| 5/5 [00:00<00:00,  9.72it/s]

  0%|          | 0/2 [00:00<?, ?it/s]
accuracy: 0.4598, accuracy3: 0.7025, loss: 2.3570, reg_loss: 0.0000 ||: 100%|##########| 2/2 [00:00<00:00, 83.20it/s]

  0%|          | 0/5 [00:00<?, ?it/s]
accuracy: 0.4845, accuracy3: 0.7353, loss: 2.3451, reg_loss: 0.0000 ||:  40%|####      | 2/5 [00:00<00:00, 10.81it/s]
accuracy: 0.4984, accuracy3: 0.7436, loss: 2.3341, reg_loss: 0.0000 ||:  80%|########  | 4/5 [00:00<00:00, 10.76it/s]
accuracy: 0.5056, accuracy3: 0.7483, loss: 2.3297, reg_loss: 0.0000 ||: 100%|##########| 5/5 [00:00<00:00,  9.55it/s]

  0%|          | 0/2 [00:00<?, ?it/s]
accuracy: 0.5137, accuracy3: 0.6977, loss: 2.3253, reg_loss: 0.0000 ||: 100%|##########| 2/2 [00:00<00:00, 84.24it/s]

  0%|          | 0/5 [00:00<?, ?it/s]
accuracy: 0.5175, accuracy3: 0.7500, loss: 2.3057, reg_loss: 0.0000 ||:  40%|####      | 2/5 [00:00<00:00, 10.04it/s]
accuracy: 0.5322, accuracy3: 0.7502, loss: 2.2948, reg_loss: 0.0000 ||:  80%|########  | 4/5 [00:00<00:00, 10.22it/s]
accuracy: 0.5316, accuracy3: 0.7448, loss: 2.2925, reg_loss: 0.0000 ||: 100%|##########| 5/5 [00:00<00:00,  9.91it/s]

  0%|          | 0/2 [00:00<?, ?it/s]
accuracy: 0.5289, accuracy3: 0.6916, loss: 2.2894, reg_loss: 0.0000 ||: 100%|##########| 2/2 [00:00<00:00, 79.21it/s]

  0%|          | 0/5 [00:00<?, ?it/s]
accuracy: 0.5503, accuracy3: 0.7505, loss: 2.2642, reg_loss: 0.0000 ||:  20%|##        | 1/5 [00:00<00:00,  7.37it/s]
accuracy: 0.5518, accuracy3: 0.7473, loss: 2.2545, reg_loss: 0.0000 ||:  60%|######    | 3/5 [00:00<00:00,  8.05it/s]
accuracy: 0.5453, accuracy3: 0.7353, loss: 2.2498, reg_loss: 0.0000 ||: 100%|##########| 5/5 [00:00<00:00,  8.73it/s]

  0%|          | 0/2 [00:00<?, ?it/s]
accuracy: 0.5246, accuracy3: 0.6892, loss: 2.2489, reg_loss: 0.0000 ||: 100%|##########| 2/2 [00:00<00:00, 82.26it/s]

  0%|          | 0/5 [00:00<?, ?it/s]
accuracy: 0.5577, accuracy3: 0.7259, loss: 2.2295, reg_loss: 0.0000 ||:  20%|##        | 1/5 [00:00<00:00,  9.87it/s]
accuracy: 0.5585, accuracy3: 0.7340, loss: 2.2103, reg_loss: 0.0000 ||:  60%|######    | 3/5 [00:00<00:00, 10.38it/s]
accuracy: 0.5598, accuracy3: 0.7357, loss: 2.2046, reg_loss: 0.0000 ||:  80%|########  | 4/5 [00:00<00:00,  9.30it/s]
accuracy: 0.5534, accuracy3: 0.7308, loss: 2.2019, reg_loss: 0.0000 ||: 100%|##########| 5/5 [00:00<00:00,  9.32it/s]

  0%|          | 0/2 [00:00<?, ?it/s]
accuracy: 0.5293, accuracy3: 0.7100, loss: 2.2037, reg_loss: 0.0000 ||: 100%|##########| 2/2 [00:00<00:00, 80.04it/s]

  0%|          | 0/5 [00:00<?, ?it/s]
accuracy: 0.5626, accuracy3: 0.7604, loss: 2.1510, reg_loss: 0.0000 ||:  20%|##        | 1/5 [00:00<00:00,  8.77it/s]
accuracy: 0.5633, accuracy3: 0.7396, loss: 2.1546, reg_loss: 0.0000 ||:  60%|######    | 3/5 [00:00<00:00,  9.10it/s]
accuracy: 0.5555, accuracy3: 0.7295, loss: 2.1529, reg_loss: 0.0000 ||:  80%|########  | 4/5 [00:00<00:00,  9.25it/s]
accuracy: 0.5594, accuracy3: 0.7284, loss: 2.1500, reg_loss: 0.0000 ||: 100%|##########| 5/5 [00:00<00:00,  9.71it/s]

  0%|          | 0/2 [00:00<?, ?it/s]
accuracy: 0.5203, accuracy3: 0.7223, loss: 2.1541, reg_loss: 0.0000 ||: 100%|##########| 2/2 [00:00<00:00, 95.12it/s]

  0%|          | 0/5 [00:00<?, ?it/s]
accuracy: 0.5629, accuracy3: 0.7428, loss: 2.1003, reg_loss: 0.0000 ||:  40%|####      | 2/5 [00:00<00:00, 12.60it/s]
accuracy: 0.5637, accuracy3: 0.7414, loss: 2.0957, reg_loss: 0.0000 ||:  80%|########  | 4/5 [00:00<00:00, 11.22it/s]
accuracy: 0.5576, accuracy3: 0.7376, loss: 2.0923, reg_loss: 0.0000 ||: 100%|##########| 5/5 [00:00<00:00, 10.68it/s]

  0%|          | 0/2 [00:00<?, ?it/s]
accuracy: 0.5189, accuracy3: 0.7346, loss: 2.1005, reg_loss: 0.0000 ||: 100%|##########| 2/2 [00:00<00:00, 81.73it/s]

  0%|          | 0/5 [00:00<?, ?it/s]
accuracy: 0.5421, accuracy3: 0.7362, loss: 2.0663, reg_loss: 0.0000 ||:  20%|##        | 1/5 [00:00<00:00,  8.56it/s]
accuracy: 0.5596, accuracy3: 0.7451, loss: 2.0504, reg_loss: 0.0000 ||:  60%|######    | 3/5 [00:00<00:00,  8.68it/s]
accuracy: 0.5583, accuracy3: 0.7499, loss: 2.0295, reg_loss: 0.0000 ||: 100%|##########| 5/5 [00:00<00:00,  9.54it/s]

  0%|          | 0/2 [00:00<?, ?it/s]
accuracy: 0.5132, accuracy3: 0.7696, loss: 2.0432, reg_loss: 0.0000 ||: 100%|##########| 2/2 [00:00<00:00, 81.84it/s]

  0%|          | 0/5 [00:00<?, ?it/s]
accuracy: 0.5747, accuracy3: 0.7820, loss: 1.9527, reg_loss: 0.0000 ||:  20%|##        | 1/5 [00:00<00:00,  9.82it/s]
accuracy: 0.5606, accuracy3: 0.7644, loss: 1.9744, reg_loss: 0.0000 ||:  60%|######    | 3/5 [00:00<00:00,  9.84it/s]
accuracy: 0.5658, accuracy3: 0.7673, loss: 1.9670, reg_loss: 0.0000 ||:  80%|########  | 4/5 [00:00<00:00,  9.03it/s]
accuracy: 0.5636, accuracy3: 0.7676, loss: 1.9631, reg_loss: 0.0000 ||: 100%|##########| 5/5 [00:00<00:00,  9.92it/s]

  0%|          | 0/2 [00:00<?, ?it/s]
accuracy: 0.5142, accuracy3: 0.7720, loss: 1.9832, reg_loss: 0.0000 ||: 100%|##########| 2/2 [00:00<00:00, 84.50it/s]

  0%|          | 0/5 [00:00<?, ?it/s]
accuracy: 0.5656, accuracy3: 0.7682, loss: 1.9300, reg_loss: 0.0000 ||:  40%|####      | 2/5 [00:00<00:00, 12.24it/s]
accuracy: 0.5563, accuracy3: 0.7684, loss: 1.9227, reg_loss: 0.0000 ||:  60%|######    | 3/5 [00:00<00:00, 11.16it/s]
accuracy: 0.5606, accuracy3: 0.7710, loss: 1.9118, reg_loss: 0.0000 ||:  80%|########  | 4/5 [00:00<00:00,  9.77it/s]
accuracy: 0.5612, accuracy3: 0.7756, loss: 1.8950, reg_loss: 0.0000 ||: 100%|##########| 5/5 [00:00<00:00, 10.01it/s]

  0%|          | 0/2 [00:00<?, ?it/s]
accuracy: 0.5199, accuracy3: 0.7786, loss: 1.9214, reg_loss: 0.0000 ||: 100%|##########| 2/2 [00:00<00:00, 79.41it/s]

  0%|          | 0/5 [00:00<?, ?it/s]
accuracy: 0.5824, accuracy3: 0.7631, loss: 1.8754, reg_loss: 0.0000 ||:  20%|##        | 1/5 [00:00<00:00,  8.32it/s]
accuracy: 0.5802, accuracy3: 0.7781, loss: 1.8550, reg_loss: 0.0000 ||:  40%|####      | 2/5 [00:00<00:00,  8.02it/s]
accuracy: 0.5712, accuracy3: 0.7826, loss: 1.8297, reg_loss: 0.0000 ||:  80%|########  | 4/5 [00:00<00:00,  8.52it/s]
accuracy: 0.5696, accuracy3: 0.7812, loss: 1.8252, reg_loss: 0.0000 ||: 100%|##########| 5/5 [00:00<00:00,  9.47it/s]

  0%|          | 0/2 [00:00<?, ?it/s]
accuracy: 0.5208, accuracy3: 0.7815, loss: 1.8592, reg_loss: 0.0000 ||: 100%|##########| 2/2 [00:00<00:00, 83.67it/s]

  0%|          | 0/5 [00:00<?, ?it/s]
accuracy: 0.5926, accuracy3: 0.7710, loss: 1.8079, reg_loss: 0.0000 ||:  20%|##        | 1/5 [00:00<00:00,  8.85it/s]
accuracy: 0.5810, accuracy3: 0.7841, loss: 1.7657, reg_loss: 0.0000 ||:  60%|######    | 3/5 [00:00<00:00,  9.59it/s]
accuracy: 0.5817, accuracy3: 0.7870, loss: 1.7590, reg_loss: 0.0000 ||:  80%|########  | 4/5 [00:00<00:00,  8.84it/s]
accuracy: 0.5757, accuracy3: 0.7869, loss: 1.7559, reg_loss: 0.0000 ||: 100%|##########| 5/5 [00:00<00:00,  9.00it/s]

  0%|          | 0/2 [00:00<?, ?it/s]
accuracy: 0.5312, accuracy3: 0.7819, loss: 1.7975, reg_loss: 0.0000 ||: 100%|##########| 2/2 [00:00<00:00, 94.07it/s]

  0%|          | 0/5 [00:00<?, ?it/s]
accuracy: 0.5635, accuracy3: 0.7870, loss: 1.7278, reg_loss: 0.0000 ||:  20%|##        | 1/5 [00:00<00:00,  9.68it/s]
accuracy: 0.5831, accuracy3: 0.7938, loss: 1.6959, reg_loss: 0.0000 ||:  60%|######    | 3/5 [00:00<00:00, 10.01it/s]
accuracy: 0.5828, accuracy3: 0.7979, loss: 1.6859, reg_loss: 0.0000 ||: 100%|##########| 5/5 [00:00<00:00, 10.07it/s]

  0%|          | 0/2 [00:00<?, ?it/s]
accuracy: 0.5331, accuracy3: 0.7942, loss: 1.7362, reg_loss: 0.0000 ||: 100%|##########| 2/2 [00:00<00:00, 90.88it/s]

  0%|          | 0/5 [00:00<?, ?it/s]
accuracy: 0.6063, accuracy3: 0.8091, loss: 1.6240, reg_loss: 0.0000 ||:  40%|####      | 2/5 [00:00<00:00, 10.97it/s]
accuracy: 0.6028, accuracy3: 0.8114, loss: 1.6188, reg_loss: 0.0000 ||:  80%|########  | 4/5 [00:00<00:00, 10.79it/s]
accuracy: 0.5960, accuracy3: 0.8125, loss: 1.6153, reg_loss: 0.0000 ||: 100%|##########| 5/5 [00:00<00:00, 10.43it/s]

  0%|          | 0/2 [00:00<?, ?it/s]
accuracy: 0.5530, accuracy3: 0.8098, loss: 1.6754, reg_loss: 0.0000 ||: 100%|##########| 2/2 [00:00<00:00, 82.19it/s]

  0%|          | 0/5 [00:00<?, ?it/s]
accuracy: 0.6120, accuracy3: 0.8286, loss: 1.5705, reg_loss: 0.0000 ||:  20%|##        | 1/5 [00:00<00:00,  7.12it/s]
accuracy: 0.6019, accuracy3: 0.8206, loss: 1.5674, reg_loss: 0.0000 ||:  60%|######    | 3/5 [00:00<00:00,  8.06it/s]
accuracy: 0.6129, accuracy3: 0.8252, loss: 1.5453, reg_loss: 0.0000 ||: 100%|##########| 5/5 [00:00<00:00,  8.65it/s]

  0%|          | 0/2 [00:00<?, ?it/s]
accuracy: 0.5809, accuracy3: 0.8198, loss: 1.6139, reg_loss: 0.0000 ||: 100%|##########| 2/2 [00:00<00:00, 80.43it/s]

  0%|          | 0/5 [00:00<?, ?it/s]
accuracy: 0.6117, accuracy3: 0.8318, loss: 1.5216, reg_loss: 0.0000 ||:  20%|##        | 1/5 [00:00<00:00,  8.30it/s]
accuracy: 0.6288, accuracy3: 0.8380, loss: 1.5053, reg_loss: 0.0000 ||:  40%|####      | 2/5 [00:00<00:00,  8.07it/s]
accuracy: 0.6310, accuracy3: 0.8444, loss: 1.4767, reg_loss: 0.0000 ||:  80%|########  | 4/5 [00:00<00:00,  9.02it/s]
accuracy: 0.6408, accuracy3: 0.8442, loss: 1.4768, reg_loss: 0.0000 ||: 100%|##########| 5/5 [00:00<00:00,  9.84it/s]

  0%|          | 0/2 [00:00<?, ?it/s]
accuracy: 0.6178, accuracy3: 0.8543, loss: 1.5521, reg_loss: 0.0000 ||: 100%|##########| 2/2 [00:00<00:00, 83.50it/s]

  0%|          | 0/5 [00:00<?, ?it/s]
accuracy: 0.6590, accuracy3: 0.8462, loss: 1.4456, reg_loss: 0.0000 ||:  20%|##        | 1/5 [00:00<00:00,  8.54it/s]
accuracy: 0.6763, accuracy3: 0.8580, loss: 1.4126, reg_loss: 0.0000 ||:  60%|######    | 3/5 [00:00<00:00,  9.10it/s]
accuracy: 0.6794, accuracy3: 0.8609, loss: 1.4024, reg_loss: 0.0000 ||: 100%|##########| 5/5 [00:00<00:00,  9.29it/s]

  0%|          | 0/2 [00:00<?, ?it/s]
accuracy: 0.6528, accuracy3: 0.8633, loss: 1.4901, reg_loss: 0.0000 ||: 100%|##########| 2/2 [00:00<00:00, 79.42it/s]

  0%|          | 0/5 [00:00<?, ?it/s]
accuracy: 0.6931, accuracy3: 0.9152, loss: 1.3125, reg_loss: 0.0000 ||:  20%|##        | 1/5 [00:00<00:00,  8.68it/s]
accuracy: 0.7002, accuracy3: 0.8826, loss: 1.3371, reg_loss: 0.0000 ||:  40%|####      | 2/5 [00:00<00:00,  8.80it/s]
accuracy: 0.7027, accuracy3: 0.8837, loss: 1.3332, reg_loss: 0.0000 ||:  80%|########  | 4/5 [00:00<00:00,  9.13it/s]
accuracy: 0.7109, accuracy3: 0.8835, loss: 1.3324, reg_loss: 0.0000 ||: 100%|##########| 5/5 [00:00<00:00,  9.59it/s]

  0%|          | 0/2 [00:00<?, ?it/s]
accuracy: 0.6646, accuracy3: 0.8751, loss: 1.4291, reg_loss: 0.0000 ||: 100%|##########| 2/2 [00:00<00:00, 87.78it/s]

  0%|          | 0/5 [00:00<?, ?it/s]
accuracy: 0.7406, accuracy3: 0.8903, loss: 1.3114, reg_loss: 0.0000 ||:  20%|##        | 1/5 [00:00<00:00,  9.20it/s]
accuracy: 0.7368, accuracy3: 0.8929, loss: 1.2933, reg_loss: 0.0000 ||:  40%|####      | 2/5 [00:00<00:00,  8.71it/s]
accuracy: 0.7366, accuracy3: 0.8984, loss: 1.2606, reg_loss: 0.0000 ||:  80%|########  | 4/5 [00:00<00:00,  9.61it/s]
accuracy: 0.7404, accuracy3: 0.8973, loss: 1.2588, reg_loss: 0.0000 ||: 100%|##########| 5/5 [00:00<00:00,  9.62it/s]

  0%|          | 0/2 [00:00<?, ?it/s]
accuracy: 0.7020, accuracy3: 0.8832, loss: 1.3682, reg_loss: 0.0000 ||: 100%|##########| 2/2 [00:00<00:00, 92.48it/s]

  0%|          | 0/5 [00:00<?, ?it/s]
accuracy: 0.7661, accuracy3: 0.8980, loss: 1.2360, reg_loss: 0.0000 ||:  20%|##        | 1/5 [00:00<00:00,  8.63it/s]
accuracy: 0.7773, accuracy3: 0.9069, loss: 1.2169, reg_loss: 0.0000 ||:  60%|######    | 3/5 [00:00<00:00,  8.70it/s]
accuracy: 0.7798, accuracy3: 0.9126, loss: 1.1889, reg_loss: 0.0000 ||: 100%|##########| 5/5 [00:00<00:00,  9.52it/s]

  0%|          | 0/2 [00:00<?, ?it/s]
accuracy: 0.7200, accuracy3: 0.9035, loss: 1.3081, reg_loss: 0.0000 ||: 100%|##########| 2/2 [00:00<00:00, 83.00it/s]

  0%|          | 0/5 [00:00<?, ?it/s]
accuracy: 0.8102, accuracy3: 0.9489, loss: 1.1040, reg_loss: 0.0000 ||:  20%|##        | 1/5 [00:00<00:00,  9.29it/s]
accuracy: 0.8092, accuracy3: 0.9302, loss: 1.1193, reg_loss: 0.0000 ||:  60%|######    | 3/5 [00:00<00:00,  9.32it/s]
accuracy: 0.8192, accuracy3: 0.9294, loss: 1.1205, reg_loss: 0.0000 ||:  80%|########  | 4/5 [00:00<00:00,  9.48it/s]
accuracy: 0.8205, accuracy3: 0.9262, loss: 1.1191, reg_loss: 0.0000 ||: 100%|##########| 5/5 [00:00<00:00,  9.31it/s]

  0%|          | 0/2 [00:00<?, ?it/s]
accuracy: 0.7455, accuracy3: 0.9078, loss: 1.2500, reg_loss: 0.0000 ||: 100%|##########| 2/2 [00:00<00:00, 82.22it/s]

  0%|          | 0/5 [00:00<?, ?it/s]
accuracy: 0.8318, accuracy3: 0.9184, loss: 1.0985, reg_loss: 0.0000 ||:  20%|##        | 1/5 [00:00<00:00,  9.19it/s]
accuracy: 0.8415, accuracy3: 0.9274, loss: 1.0918, reg_loss: 0.0000 ||:  40%|####      | 2/5 [00:00<00:00,  9.36it/s]
accuracy: 0.8451, accuracy3: 0.9331, loss: 1.0673, reg_loss: 0.0000 ||:  80%|########  | 4/5 [00:00<00:00,  9.44it/s]
accuracy: 0.8488, accuracy3: 0.9359, loss: 1.0502, reg_loss: 0.0000 ||: 100%|##########| 5/5 [00:00<00:00,  9.71it/s]

  0%|          | 0/2 [00:00<?, ?it/s]
accuracy: 0.7621, accuracy3: 0.9167, loss: 1.1930, reg_loss: 0.0000 ||: 100%|##########| 2/2 [00:00<00:00, 82.01it/s]

  0%|          | 0/5 [00:00<?, ?it/s]
accuracy: 0.8542, accuracy3: 0.9323, loss: 1.0300, reg_loss: 0.0000 ||:  20%|##        | 1/5 [00:00<00:00,  9.23it/s]
accuracy: 0.8642, accuracy3: 0.9438, loss: 1.0083, reg_loss: 0.0000 ||:  60%|######    | 3/5 [00:00<00:00,  9.92it/s]
accuracy: 0.8722, accuracy3: 0.9476, loss: 0.9819, reg_loss: 0.0000 ||: 100%|##########| 5/5 [00:00<00:00,  9.65it/s]

  0%|          | 0/2 [00:00<?, ?it/s]
accuracy: 0.7744, accuracy3: 0.9224, loss: 1.1386, reg_loss: 0.0000 ||: 100%|##########| 2/2 [00:00<00:00, 84.41it/s]

  0%|          | 0/5 [00:00<?, ?it/s]
accuracy: 0.8839, accuracy3: 0.9582, loss: 0.9443, reg_loss: 0.0000 ||:  40%|####      | 2/5 [00:00<00:00, 10.03it/s]
accuracy: 0.8814, accuracy3: 0.9538, loss: 0.9424, reg_loss: 0.0000 ||:  60%|######    | 3/5 [00:00<00:00,  9.85it/s]
accuracy: 0.8860, accuracy3: 0.9553, loss: 0.9340, reg_loss: 0.0000 ||:  80%|########  | 4/5 [00:00<00:00,  9.05it/s]
accuracy: 0.8889, accuracy3: 0.9572, loss: 0.9174, reg_loss: 0.0000 ||: 100%|##########| 5/5 [00:00<00:00,  9.38it/s]

  0%|          | 0/2 [00:00<?, ?it/s]
accuracy: 0.7772, accuracy3: 0.9272, loss: 1.0866, reg_loss: 0.0000 ||: 100%|##########| 2/2 [00:00<00:00, 78.97it/s]

  0%|          | 0/5 [00:00<?, ?it/s]
accuracy: 0.8880, accuracy3: 0.9562, loss: 0.9043, reg_loss: 0.0000 ||:  20%|##        | 1/5 [00:00<00:00,  9.18it/s]
accuracy: 0.8961, accuracy3: 0.9634, loss: 0.8652, reg_loss: 0.0000 ||:  60%|######    | 3/5 [00:00<00:00,  9.85it/s]
accuracy: 0.8992, accuracy3: 0.9633, loss: 0.8645, reg_loss: 0.0000 ||:  80%|########  | 4/5 [00:00<00:00,  9.89it/s]
accuracy: 0.9020, accuracy3: 0.9633, loss: 0.8583, reg_loss: 0.0000 ||: 100%|##########| 5/5 [00:00<00:00,  8.96it/s]

  0%|          | 0/2 [00:00<?, ?it/s]
accuracy: 0.7852, accuracy3: 0.9272, loss: 1.0377, reg_loss: 0.0000 ||: 100%|##########| 2/2 [00:00<00:00, 96.92it/s]

  0%|          | 0/5 [00:00<?, ?it/s]
accuracy: 0.9246, accuracy3: 0.9771, loss: 0.7843, reg_loss: 0.0000 ||:  20%|##        | 1/5 [00:00<00:00,  9.80it/s]
accuracy: 0.9154, accuracy3: 0.9722, loss: 0.7974, reg_loss: 0.0000 ||:  60%|######    | 3/5 [00:00<00:00,  9.97it/s]
accuracy: 0.9113, accuracy3: 0.9701, loss: 0.8003, reg_loss: 0.0000 ||: 100%|##########| 5/5 [00:00<00:00, 10.11it/s]

  0%|          | 0/2 [00:00<?, ?it/s]
accuracy: 0.7895, accuracy3: 0.9309, loss: 0.9920, reg_loss: 0.0000 ||: 100%|##########| 2/2 [00:00<00:00, 97.11it/s]

  0%|          | 0/5 [00:00<?, ?it/s]
accuracy: 0.9140, accuracy3: 0.9759, loss: 0.7678, reg_loss: 0.0000 ||:  40%|####      | 2/5 [00:00<00:00, 12.54it/s]
accuracy: 0.9181, accuracy3: 0.9765, loss: 0.7594, reg_loss: 0.0000 ||:  60%|######    | 3/5 [00:00<00:00, 10.67it/s]
accuracy: 0.9152, accuracy3: 0.9738, loss: 0.7597, reg_loss: 0.0000 ||:  80%|########  | 4/5 [00:00<00:00, 10.40it/s]
accuracy: 0.9175, accuracy3: 0.9747, loss: 0.7457, reg_loss: 0.0000 ||: 100%|##########| 5/5 [00:00<00:00, 10.52it/s]

  0%|          | 0/2 [00:00<?, ?it/s]
accuracy: 0.7971, accuracy3: 0.9319, loss: 0.9488, reg_loss: 0.0000 ||: 100%|##########| 2/2 [00:00<00:00, 96.32it/s]

  0%|          | 0/5 [00:00<?, ?it/s]
accuracy: 0.9094, accuracy3: 0.9756, loss: 0.7384, reg_loss: 0.0000 ||:  20%|##        | 1/5 [00:00<00:00,  8.73it/s]
accuracy: 0.9184, accuracy3: 0.9780, loss: 0.7152, reg_loss: 0.0000 ||:  60%|######    | 3/5 [00:00<00:00,  9.50it/s]
accuracy: 0.9243, accuracy3: 0.9797, loss: 0.6939, reg_loss: 0.0000 ||: 100%|##########| 5/5 [00:00<00:00,  9.37it/s]

  0%|          | 0/2 [00:00<?, ?it/s]
accuracy: 0.7994, accuracy3: 0.9319, loss: 0.9092, reg_loss: 0.0000 ||: 100%|##########| 2/2 [00:00<00:00, 79.31it/s]

  0%|          | 0/5 [00:00<?, ?it/s]
accuracy: 0.9169, accuracy3: 0.9736, loss: 0.6914, reg_loss: 0.0000 ||:  20%|##        | 1/5 [00:00<00:00,  9.65it/s]
accuracy: 0.9285, accuracy3: 0.9788, loss: 0.6551, reg_loss: 0.0000 ||:  60%|######    | 3/5 [00:00<00:00,  9.39it/s]
accuracy: 0.9301, accuracy3: 0.9808, loss: 0.6491, reg_loss: 0.0000 ||: 100%|##########| 5/5 [00:00<00:00, 10.02it/s]

  0%|          | 0/2 [00:00<?, ?it/s]
accuracy: 0.8075, accuracy3: 0.9328, loss: 0.8729, reg_loss: 0.0000 ||: 100%|##########| 2/2 [00:00<00:00, 81.11it/s]

  0%|          | 0/5 [00:00<?, ?it/s]
accuracy: 0.9355, accuracy3: 0.9843, loss: 0.6220, reg_loss: 0.0000 ||:  40%|####      | 2/5 [00:00<00:00, 11.04it/s]
accuracy: 0.9354, accuracy3: 0.9829, loss: 0.6089, reg_loss: 0.0000 ||:  80%|########  | 4/5 [00:00<00:00, 10.76it/s]
accuracy: 0.9378, accuracy3: 0.9837, loss: 0.6044, reg_loss: 0.0000 ||: 100%|##########| 5/5 [00:00<00:00,  9.79it/s]

  0%|          | 0/2 [00:00<?, ?it/s]
accuracy: 0.8132, accuracy3: 0.9328, loss: 0.8394, reg_loss: 0.0000 ||: 100%|##########| 2/2 [00:00<00:00, 95.27it/s]

  0%|          | 0/5 [00:00<?, ?it/s]
accuracy: 0.9488, accuracy3: 0.9870, loss: 0.5620, reg_loss: 0.0000 ||:  40%|####      | 2/5 [00:00<00:00,  9.38it/s]
accuracy: 0.9406, accuracy3: 0.9843, loss: 0.5711, reg_loss: 0.0000 ||:  60%|######    | 3/5 [00:00<00:00,  9.55it/s]
accuracy: 0.9424, accuracy3: 0.9854, loss: 0.5651, reg_loss: 0.0000 ||: 100%|##########| 5/5 [00:00<00:00, 10.25it/s]

  0%|          | 0/2 [00:00<?, ?it/s]
accuracy: 0.8155, accuracy3: 0.9324, loss: 0.8088, reg_loss: 0.0000 ||: 100%|##########| 2/2 [00:00<00:00, 92.76it/s]

  0%|          | 0/5 [00:00<?, ?it/s]
accuracy: 0.9506, accuracy3: 0.9878, loss: 0.5403, reg_loss: 0.0000 ||:  20%|##        | 1/5 [00:00<00:00,  7.66it/s]
accuracy: 0.9431, accuracy3: 0.9861, loss: 0.5332, reg_loss: 0.0000 ||:  60%|######    | 3/5 [00:00<00:00,  8.24it/s]
accuracy: 0.9439, accuracy3: 0.9863, loss: 0.5290, reg_loss: 0.0000 ||: 100%|##########| 5/5 [00:00<00:00,  9.12it/s]

  0%|          | 0/2 [00:00<?, ?it/s]
accuracy: 0.8184, accuracy3: 0.9324, loss: 0.7809, reg_loss: 0.0000 ||: 100%|##########| 2/2 [00:00<00:00, 90.64it/s]

  0%|          | 0/5 [00:00<?, ?it/s]
accuracy: 0.9449, accuracy3: 0.9837, loss: 0.5243, reg_loss: 0.0000 ||:  20%|##        | 1/5 [00:00<00:00,  9.78it/s]
accuracy: 0.9485, accuracy3: 0.9854, loss: 0.5114, reg_loss: 0.0000 ||:  40%|####      | 2/5 [00:00<00:00,  9.02it/s]
accuracy: 0.9450, accuracy3: 0.9863, loss: 0.5068, reg_loss: 0.0000 ||:  80%|########  | 4/5 [00:00<00:00,  9.67it/s]
accuracy: 0.9459, accuracy3: 0.9866, loss: 0.4977, reg_loss: 0.0000 ||: 100%|##########| 5/5 [00:00<00:00, 10.08it/s]

  0%|          | 0/2 [00:00<?, ?it/s]
accuracy: 0.8217, accuracy3: 0.9328, loss: 0.7554, reg_loss: 0.0000 ||: 100%|##########| 2/2 [00:00<00:00, 81.60it/s]

  0%|          | 0/5 [00:00<?, ?it/s]
accuracy: 0.9427, accuracy3: 0.9855, loss: 0.4928, reg_loss: 0.0000 ||:  40%|####      | 2/5 [00:00<00:00,  9.97it/s]
accuracy: 0.9471, accuracy3: 0.9876, loss: 0.4709, reg_loss: 0.0000 ||:  80%|########  | 4/5 [00:00<00:00, 10.61it/s]
accuracy: 0.9501, accuracy3: 0.9878, loss: 0.4667, reg_loss: 0.0000 ||: 100%|##########| 5/5 [00:00<00:00,  9.58it/s]

  0%|          | 0/2 [00:00<?, ?it/s]
accuracy: 0.8269, accuracy3: 0.9347, loss: 0.7326, reg_loss: 0.0000 ||: 100%|##########| 2/2 [00:00<00:00, 80.16it/s]

  0%|          | 0/5 [00:00<?, ?it/s]
accuracy: 0.9610, accuracy3: 0.9884, loss: 0.4418, reg_loss: 0.0000 ||:  20%|##        | 1/5 [00:00<00:00,  7.67it/s]
accuracy: 0.9523, accuracy3: 0.9871, loss: 0.4534, reg_loss: 0.0000 ||:  40%|####      | 2/5 [00:00<00:00,  8.10it/s]
accuracy: 0.9518, accuracy3: 0.9880, loss: 0.4418, reg_loss: 0.0000 ||:  80%|########  | 4/5 [00:00<00:00,  8.72it/s]
accuracy: 0.9533, accuracy3: 0.9890, loss: 0.4374, reg_loss: 0.0000 ||: 100%|##########| 5/5 [00:00<00:00, 10.05it/s]

  0%|          | 0/2 [00:00<?, ?it/s]
accuracy: 0.8311, accuracy3: 0.9361, loss: 0.7119, reg_loss: 0.0000 ||: 100%|##########| 2/2 [00:00<00:00, 81.77it/s]

0it [00:00, ?it/s]
accuracy: 0.83, accuracy3: 0.94, loss: 0.71 ||: : 2it [00:00, 61.71it/s]

