2020-07-23 01:26:41,489 - INFO - allennlp.common.params - random_seed = 13370
2020-07-23 01:26:41,489 - INFO - allennlp.common.params - numpy_seed = 1337
2020-07-23 01:26:41,489 - INFO - allennlp.common.params - pytorch_seed = 133
2020-07-23 01:26:41,732 - INFO - allennlp.common.checks - Pytorch version: 1.5.1
2020-07-23 01:26:41,732 - INFO - allennlp.common.params - type = default
2020-07-23 01:26:41,733 - INFO - allennlp.common.params - dataset_reader.type = conll2003
2020-07-23 01:26:41,733 - INFO - allennlp.common.params - dataset_reader.lazy = False
2020-07-23 01:26:41,733 - INFO - allennlp.common.params - dataset_reader.cache_directory = None
2020-07-23 01:26:41,733 - INFO - allennlp.common.params - dataset_reader.max_instances = None
2020-07-23 01:26:41,733 - INFO - allennlp.common.params - dataset_reader.manual_distributed_sharding = False
2020-07-23 01:26:41,733 - INFO - allennlp.common.params - dataset_reader.manual_multi_process_sharding = False
2020-07-23 01:26:41,733 - INFO - allennlp.common.params - dataset_reader.token_indexers.token_characters.type = characters
2020-07-23 01:26:41,733 - INFO - allennlp.common.params - dataset_reader.token_indexers.token_characters.namespace = token_characters
2020-07-23 01:26:41,733 - INFO - allennlp.common.params - dataset_reader.token_indexers.token_characters.character_tokenizer = <allennlp.data.tokenizers.character_tokenizer.CharacterTokenizer object at 0x7f62a72c0240>
2020-07-23 01:26:41,733 - INFO - allennlp.common.params - dataset_reader.token_indexers.token_characters.start_tokens = None
2020-07-23 01:26:41,733 - INFO - allennlp.common.params - dataset_reader.token_indexers.token_characters.end_tokens = None
2020-07-23 01:26:41,733 - INFO - allennlp.common.params - dataset_reader.token_indexers.token_characters.min_padding_length = 0
2020-07-23 01:26:41,734 - INFO - allennlp.common.params - dataset_reader.token_indexers.token_characters.token_min_padding_length = 0
2020-07-23 01:26:41,734 - INFO - allennlp.common.params - dataset_reader.token_indexers.tokens.type = single_id
2020-07-23 01:26:41,734 - INFO - allennlp.common.params - dataset_reader.token_indexers.tokens.namespace = tokens
2020-07-23 01:26:41,734 - INFO - allennlp.common.params - dataset_reader.token_indexers.tokens.lowercase_tokens = True
2020-07-23 01:26:41,734 - INFO - allennlp.common.params - dataset_reader.token_indexers.tokens.start_tokens = None
2020-07-23 01:26:41,734 - INFO - allennlp.common.params - dataset_reader.token_indexers.tokens.end_tokens = None
2020-07-23 01:26:41,734 - INFO - allennlp.common.params - dataset_reader.token_indexers.tokens.feature_name = text
2020-07-23 01:26:41,734 - INFO - allennlp.common.params - dataset_reader.token_indexers.tokens.default_value = THIS IS A REALLY UNLIKELY VALUE THAT HAS TO BE A STRING
2020-07-23 01:26:41,734 - INFO - allennlp.common.params - dataset_reader.token_indexers.tokens.token_min_padding_length = 0
2020-07-23 01:26:41,734 - INFO - allennlp.common.params - dataset_reader.tag_label = pos
2020-07-23 01:26:41,734 - INFO - allennlp.common.params - dataset_reader.feature_labels = ()
2020-07-23 01:26:41,734 - INFO - allennlp.common.params - dataset_reader.coding_scheme = IOB1
2020-07-23 01:26:41,734 - INFO - allennlp.common.params - dataset_reader.label_namespace = labels
2020-07-23 01:26:41,734 - INFO - allennlp.common.params - train_data_path = ./data/twitter_train.pos
2020-07-23 01:26:41,735 - INFO - allennlp.common.params - vocabulary = None
2020-07-23 01:26:41,735 - INFO - allennlp.common.params - datasets_for_vocab_creation = None
2020-07-23 01:26:41,735 - INFO - allennlp.common.params - validation_dataset_reader = None
2020-07-23 01:26:41,735 - INFO - allennlp.common.params - validation_data_path = ./data/twitter_dev.pos
2020-07-23 01:26:41,735 - INFO - allennlp.common.params - validation_data_loader = None
2020-07-23 01:26:41,735 - INFO - allennlp.common.params - test_data_path = ./data/twitter_dev.pos
2020-07-23 01:26:41,735 - INFO - allennlp.common.params - evaluate_on_test = True
2020-07-23 01:26:41,735 - INFO - allennlp.common.params - batch_weight_key = 
2020-07-23 01:26:41,735 - INFO - allennlp.training.util - Reading training data from ./data/twitter_train.pos
2020-07-23 01:26:41,735 - INFO - allennlp.data.dataset_readers.conll2003 - Reading instances from lines in file at: ./data/twitter_train.pos
2020-07-23 01:26:41,748 - INFO - allennlp.training.util - Reading validation data from ./data/twitter_dev.pos
2020-07-23 01:26:41,749 - INFO - allennlp.data.dataset_readers.conll2003 - Reading instances from lines in file at: ./data/twitter_dev.pos
2020-07-23 01:26:41,753 - INFO - allennlp.training.util - Reading test data from ./data/twitter_dev.pos
2020-07-23 01:26:41,753 - INFO - allennlp.data.dataset_readers.conll2003 - Reading instances from lines in file at: ./data/twitter_dev.pos
2020-07-23 01:26:41,757 - INFO - allennlp.data.vocabulary - Fitting token dictionary from dataset.
2020-07-23 01:26:41,797 - INFO - allennlp.common.params - model.type = simple_tagger
2020-07-23 01:26:41,797 - INFO - allennlp.common.params - model.regularizer = None
2020-07-23 01:26:41,798 - INFO - allennlp.common.params - model.text_field_embedder.type = basic
2020-07-23 01:26:41,798 - INFO - allennlp.common.params - model.text_field_embedder.token_embedders.token_characters.type = character_encoding
2020-07-23 01:26:41,798 - INFO - allennlp.common.params - model.text_field_embedder.token_embedders.token_characters.embedding.embedding_dim = 5
2020-07-23 01:26:41,798 - INFO - allennlp.common.params - model.text_field_embedder.token_embedders.token_characters.embedding.num_embeddings = None
2020-07-23 01:26:41,798 - INFO - allennlp.common.params - model.text_field_embedder.token_embedders.token_characters.embedding.projection_dim = None
2020-07-23 01:26:41,798 - INFO - allennlp.common.params - model.text_field_embedder.token_embedders.token_characters.embedding.weight = None
2020-07-23 01:26:41,798 - INFO - allennlp.common.params - model.text_field_embedder.token_embedders.token_characters.embedding.padding_index = None
2020-07-23 01:26:41,798 - INFO - allennlp.common.params - model.text_field_embedder.token_embedders.token_characters.embedding.trainable = True
2020-07-23 01:26:41,798 - INFO - allennlp.common.params - model.text_field_embedder.token_embedders.token_characters.embedding.max_norm = None
2020-07-23 01:26:41,798 - INFO - allennlp.common.params - model.text_field_embedder.token_embedders.token_characters.embedding.norm_type = 2.0
2020-07-23 01:26:41,799 - INFO - allennlp.common.params - model.text_field_embedder.token_embedders.token_characters.embedding.scale_grad_by_freq = False
2020-07-23 01:26:41,799 - INFO - allennlp.common.params - model.text_field_embedder.token_embedders.token_characters.embedding.sparse = False
2020-07-23 01:26:41,799 - INFO - allennlp.common.params - model.text_field_embedder.token_embedders.token_characters.embedding.vocab_namespace = tokens
2020-07-23 01:26:41,799 - INFO - allennlp.common.params - model.text_field_embedder.token_embedders.token_characters.embedding.pretrained_file = None
2020-07-23 01:26:41,799 - INFO - allennlp.common.params - model.text_field_embedder.token_embedders.token_characters.encoder.type = cnn
2020-07-23 01:26:41,799 - INFO - allennlp.common.params - model.text_field_embedder.token_embedders.token_characters.encoder.embedding_dim = 5
2020-07-23 01:26:41,799 - INFO - allennlp.common.params - model.text_field_embedder.token_embedders.token_characters.encoder.num_filters = 50
2020-07-23 01:26:41,799 - INFO - allennlp.common.params - model.text_field_embedder.token_embedders.token_characters.encoder.ngram_filter_sizes = [5]
2020-07-23 01:26:41,799 - INFO - allennlp.common.params - model.text_field_embedder.token_embedders.token_characters.encoder.conv_layer_activation = None
2020-07-23 01:26:41,799 - INFO - allennlp.common.params - model.text_field_embedder.token_embedders.token_characters.encoder.output_dim = None
2020-07-23 01:26:41,800 - INFO - allennlp.common.params - model.text_field_embedder.token_embedders.token_characters.dropout = 0.2
2020-07-23 01:26:41,800 - INFO - allennlp.common.params - model.text_field_embedder.token_embedders.tokens.type = embedding
2020-07-23 01:26:41,800 - INFO - allennlp.common.params - model.text_field_embedder.token_embedders.tokens.embedding_dim = 50
2020-07-23 01:26:41,800 - INFO - allennlp.common.params - model.text_field_embedder.token_embedders.tokens.num_embeddings = None
2020-07-23 01:26:41,800 - INFO - allennlp.common.params - model.text_field_embedder.token_embedders.tokens.projection_dim = None
2020-07-23 01:26:41,800 - INFO - allennlp.common.params - model.text_field_embedder.token_embedders.tokens.weight = None
2020-07-23 01:26:41,800 - INFO - allennlp.common.params - model.text_field_embedder.token_embedders.tokens.padding_index = None
2020-07-23 01:26:41,800 - INFO - allennlp.common.params - model.text_field_embedder.token_embedders.tokens.trainable = True
2020-07-23 01:26:41,800 - INFO - allennlp.common.params - model.text_field_embedder.token_embedders.tokens.max_norm = None
2020-07-23 01:26:41,800 - INFO - allennlp.common.params - model.text_field_embedder.token_embedders.tokens.norm_type = 2.0
2020-07-23 01:26:41,800 - INFO - allennlp.common.params - model.text_field_embedder.token_embedders.tokens.scale_grad_by_freq = False
2020-07-23 01:26:41,800 - INFO - allennlp.common.params - model.text_field_embedder.token_embedders.tokens.sparse = False
2020-07-23 01:26:41,800 - INFO - allennlp.common.params - model.text_field_embedder.token_embedders.tokens.vocab_namespace = tokens
2020-07-23 01:26:41,801 - INFO - allennlp.common.params - model.text_field_embedder.token_embedders.tokens.pretrained_file = None
2020-07-23 01:26:41,801 - INFO - allennlp.common.params - model.encoder.type = pass_through
2020-07-23 01:26:41,801 - INFO - allennlp.common.params - model.encoder.input_dim = 100
2020-07-23 01:26:41,801 - INFO - allennlp.common.params - model.calculate_span_f1 = None
2020-07-23 01:26:41,801 - INFO - allennlp.common.params - model.label_encoding = None
2020-07-23 01:26:41,801 - INFO - allennlp.common.params - model.label_namespace = labels
2020-07-23 01:26:41,801 - INFO - allennlp.common.params - model.verbose_metrics = False
2020-07-23 01:26:41,802 - INFO - allennlp.common.params - model.initializer = <allennlp.nn.initializers.InitializerApplicator object at 0x7f62a71ea550>
2020-07-23 01:26:41,802 - INFO - allennlp.nn.initializers - Initializing parameters
2020-07-23 01:26:41,802 - INFO - allennlp.nn.initializers - Done initializing parameters; the following parameters are using their default initialization from their code
2020-07-23 01:26:41,802 - INFO - allennlp.nn.initializers -    tag_projection_layer._module.bias
2020-07-23 01:26:41,802 - INFO - allennlp.nn.initializers -    tag_projection_layer._module.weight
2020-07-23 01:26:41,802 - INFO - allennlp.nn.initializers -    text_field_embedder.token_embedder_token_characters._embedding._module.weight
2020-07-23 01:26:41,802 - INFO - allennlp.nn.initializers -    text_field_embedder.token_embedder_token_characters._encoder._module.conv_layer_0.bias
2020-07-23 01:26:41,802 - INFO - allennlp.nn.initializers -    text_field_embedder.token_embedder_token_characters._encoder._module.conv_layer_0.weight
2020-07-23 01:26:41,802 - INFO - allennlp.nn.initializers -    text_field_embedder.token_embedder_tokens.weight
2020-07-23 01:26:41,802 - INFO - filelock - Lock 140061421161944 acquired on ./model/simple_tagger_pos/vocabulary/.lock
2020-07-23 01:26:41,806 - INFO - filelock - Lock 140061421161944 released on ./model/simple_tagger_pos/vocabulary/.lock
2020-07-23 01:26:41,806 - INFO - allennlp.common.params - data_loader.type = default
2020-07-23 01:26:41,806 - INFO - allennlp.common.params - data_loader.batch_size = 1
2020-07-23 01:26:41,806 - INFO - allennlp.common.params - data_loader.shuffle = False
2020-07-23 01:26:41,806 - INFO - allennlp.common.params - data_loader.sampler = None
2020-07-23 01:26:41,806 - INFO - allennlp.common.params - data_loader.num_workers = 0
2020-07-23 01:26:41,806 - INFO - allennlp.common.params - data_loader.pin_memory = False
2020-07-23 01:26:41,806 - INFO - allennlp.common.params - data_loader.drop_last = False
2020-07-23 01:26:41,806 - INFO - allennlp.common.params - data_loader.timeout = 0
2020-07-23 01:26:41,806 - INFO - allennlp.common.params - data_loader.worker_init_fn = None
2020-07-23 01:26:41,806 - INFO - allennlp.common.params - data_loader.multiprocessing_context = None
2020-07-23 01:26:41,806 - INFO - allennlp.common.params - data_loader.batches_per_epoch = None
2020-07-23 01:26:41,807 - INFO - allennlp.common.params - data_loader.batch_sampler.type = bucket
2020-07-23 01:26:41,807 - INFO - allennlp.common.params - data_loader.batch_sampler.batch_size = 80
2020-07-23 01:26:41,807 - INFO - allennlp.common.params - data_loader.batch_sampler.sorting_keys = ['tokens']
2020-07-23 01:26:41,807 - INFO - allennlp.common.params - data_loader.batch_sampler.padding_noise = 0
2020-07-23 01:26:41,807 - INFO - allennlp.common.params - data_loader.batch_sampler.drop_last = False
2020-07-23 01:26:41,807 - INFO - allennlp.common.params - data_loader.type = default
2020-07-23 01:26:41,807 - INFO - allennlp.common.params - data_loader.batch_size = 1
2020-07-23 01:26:41,807 - INFO - allennlp.common.params - data_loader.shuffle = False
2020-07-23 01:26:41,807 - INFO - allennlp.common.params - data_loader.sampler = None
2020-07-23 01:26:41,807 - INFO - allennlp.common.params - data_loader.num_workers = 0
2020-07-23 01:26:41,807 - INFO - allennlp.common.params - data_loader.pin_memory = False
2020-07-23 01:26:41,807 - INFO - allennlp.common.params - data_loader.drop_last = False
2020-07-23 01:26:41,807 - INFO - allennlp.common.params - data_loader.timeout = 0
2020-07-23 01:26:41,807 - INFO - allennlp.common.params - data_loader.worker_init_fn = None
2020-07-23 01:26:41,807 - INFO - allennlp.common.params - data_loader.multiprocessing_context = None
2020-07-23 01:26:41,808 - INFO - allennlp.common.params - data_loader.batches_per_epoch = None
2020-07-23 01:26:41,808 - INFO - allennlp.common.params - data_loader.batch_sampler.type = bucket
2020-07-23 01:26:41,808 - INFO - allennlp.common.params - data_loader.batch_sampler.batch_size = 80
2020-07-23 01:26:41,808 - INFO - allennlp.common.params - data_loader.batch_sampler.sorting_keys = ['tokens']
2020-07-23 01:26:41,808 - INFO - allennlp.common.params - data_loader.batch_sampler.padding_noise = 0
2020-07-23 01:26:41,808 - INFO - allennlp.common.params - data_loader.batch_sampler.drop_last = False
2020-07-23 01:26:41,808 - INFO - allennlp.common.params - data_loader.type = default
2020-07-23 01:26:41,808 - INFO - allennlp.common.params - data_loader.batch_size = 1
2020-07-23 01:26:41,808 - INFO - allennlp.common.params - data_loader.shuffle = False
2020-07-23 01:26:41,808 - INFO - allennlp.common.params - data_loader.sampler = None
2020-07-23 01:26:41,808 - INFO - allennlp.common.params - data_loader.num_workers = 0
2020-07-23 01:26:41,808 - INFO - allennlp.common.params - data_loader.pin_memory = False
2020-07-23 01:26:41,808 - INFO - allennlp.common.params - data_loader.drop_last = False
2020-07-23 01:26:41,808 - INFO - allennlp.common.params - data_loader.timeout = 0
2020-07-23 01:26:41,808 - INFO - allennlp.common.params - data_loader.worker_init_fn = None
2020-07-23 01:26:41,808 - INFO - allennlp.common.params - data_loader.multiprocessing_context = None
2020-07-23 01:26:41,808 - INFO - allennlp.common.params - data_loader.batches_per_epoch = None
2020-07-23 01:26:41,809 - INFO - allennlp.common.params - data_loader.batch_sampler.type = bucket
2020-07-23 01:26:41,809 - INFO - allennlp.common.params - data_loader.batch_sampler.batch_size = 80
2020-07-23 01:26:41,809 - INFO - allennlp.common.params - data_loader.batch_sampler.sorting_keys = ['tokens']
2020-07-23 01:26:41,809 - INFO - allennlp.common.params - data_loader.batch_sampler.padding_noise = 0
2020-07-23 01:26:41,809 - INFO - allennlp.common.params - data_loader.batch_sampler.drop_last = False
2020-07-23 01:26:41,809 - INFO - allennlp.common.params - trainer.type = gradient_descent
2020-07-23 01:26:41,809 - INFO - allennlp.common.params - trainer.patience = 10
2020-07-23 01:26:41,809 - INFO - allennlp.common.params - trainer.validation_metric = -loss
2020-07-23 01:26:41,809 - INFO - allennlp.common.params - trainer.num_epochs = 40
2020-07-23 01:26:41,809 - INFO - allennlp.common.params - trainer.cuda_device = -1
2020-07-23 01:26:41,809 - INFO - allennlp.common.params - trainer.grad_norm = None
2020-07-23 01:26:41,809 - INFO - allennlp.common.params - trainer.grad_clipping = None
2020-07-23 01:26:41,809 - INFO - allennlp.common.params - trainer.distributed = None
2020-07-23 01:26:41,809 - INFO - allennlp.common.params - trainer.world_size = 1
2020-07-23 01:26:41,809 - INFO - allennlp.common.params - trainer.num_gradient_accumulation_steps = 1
2020-07-23 01:26:41,809 - INFO - allennlp.common.params - trainer.opt_level = None
2020-07-23 01:26:41,809 - INFO - allennlp.common.params - trainer.no_grad = None
2020-07-23 01:26:41,809 - INFO - allennlp.common.params - trainer.optimizer = adam
2020-07-23 01:26:41,809 - INFO - allennlp.common.params - trainer.learning_rate_scheduler = None
2020-07-23 01:26:41,810 - INFO - allennlp.common.params - trainer.momentum_scheduler = None
2020-07-23 01:26:41,810 - INFO - allennlp.common.params - trainer.tensorboard_writer = None
2020-07-23 01:26:41,810 - INFO - allennlp.common.params - trainer.moving_average = None
2020-07-23 01:26:41,810 - INFO - allennlp.common.params - trainer.checkpointer = None
2020-07-23 01:26:41,810 - INFO - allennlp.common.params - trainer.batch_callbacks = None
2020-07-23 01:26:41,810 - INFO - allennlp.common.params - trainer.epoch_callbacks = None
2020-07-23 01:26:41,810 - INFO - allennlp.common.util - The following parameters are Frozen (without gradient):
2020-07-23 01:26:41,810 - INFO - allennlp.common.util - The following parameters are Tunable (with gradient):
2020-07-23 01:26:41,810 - INFO - allennlp.common.util - text_field_embedder.token_embedder_token_characters._embedding._module.weight
2020-07-23 01:26:41,810 - INFO - allennlp.common.util - text_field_embedder.token_embedder_token_characters._encoder._module.conv_layer_0.weight
2020-07-23 01:26:41,810 - INFO - allennlp.common.util - text_field_embedder.token_embedder_token_characters._encoder._module.conv_layer_0.bias
2020-07-23 01:26:41,810 - INFO - allennlp.common.util - text_field_embedder.token_embedder_tokens.weight
2020-07-23 01:26:41,810 - INFO - allennlp.common.util - tag_projection_layer._module.weight
2020-07-23 01:26:41,810 - INFO - allennlp.common.util - tag_projection_layer._module.bias
2020-07-23 01:26:41,810 - INFO - allennlp.common.params - type = adam
2020-07-23 01:26:41,810 - INFO - allennlp.common.params - parameter_groups = None
2020-07-23 01:26:41,810 - INFO - allennlp.common.params - lr = 0.001
2020-07-23 01:26:41,810 - INFO - allennlp.common.params - betas = (0.9, 0.999)
2020-07-23 01:26:41,810 - INFO - allennlp.common.params - eps = 1e-08
2020-07-23 01:26:41,810 - INFO - allennlp.common.params - weight_decay = 0.0
2020-07-23 01:26:41,810 - INFO - allennlp.common.params - amsgrad = False
2020-07-23 01:26:41,810 - INFO - allennlp.training.optimizers - Number of trainable parameters: 160362
2020-07-23 01:26:41,811 - INFO - allennlp.training.trainer - Beginning training.
2020-07-23 01:26:41,811 - INFO - allennlp.training.trainer - Epoch 0/39
2020-07-23 01:26:41,811 - INFO - allennlp.training.trainer - Worker 0 memory usage MB: 484.4
2020-07-23 01:26:41,824 - INFO - allennlp.training.trainer - GPU 0 memory usage MB: 2
2020-07-23 01:26:41,825 - INFO - allennlp.training.trainer - Training
2020-07-23 01:26:42,340 - INFO - allennlp.training.trainer - Validating
2020-07-23 01:26:42,370 - INFO - allennlp.training.tensorboard_writer -                        Training |  Validation
2020-07-23 01:26:42,371 - INFO - allennlp.training.tensorboard_writer - accuracy           |     0.050  |     0.079
2020-07-23 01:26:42,371 - INFO - allennlp.training.tensorboard_writer - accuracy3          |     0.183  |     0.208
2020-07-23 01:26:42,371 - INFO - allennlp.training.tensorboard_writer - gpu_0_memory_MB    |     2.000  |       N/A
2020-07-23 01:26:42,371 - INFO - allennlp.training.tensorboard_writer - loss               |     2.485  |     2.473
2020-07-23 01:26:42,372 - INFO - allennlp.training.tensorboard_writer - reg_loss           |     0.000  |     0.000
2020-07-23 01:26:42,372 - INFO - allennlp.training.tensorboard_writer - worker_0_memory_MB |   484.400  |       N/A
2020-07-23 01:26:42,373 - INFO - allennlp.training.checkpointer - Best validation performance so far. Copying weights to './model/simple_tagger_pos/best.th'.
2020-07-23 01:26:42,374 - INFO - allennlp.training.trainer - Epoch duration: 0:00:00.562448
2020-07-23 01:26:42,374 - INFO - allennlp.training.trainer - Estimated training time remaining: 0:00:21
2020-07-23 01:26:42,374 - INFO - allennlp.training.trainer - Epoch 1/39
2020-07-23 01:26:42,374 - INFO - allennlp.training.trainer - Worker 0 memory usage MB: 569.012
2020-07-23 01:26:42,389 - INFO - allennlp.training.trainer - GPU 0 memory usage MB: 2
2020-07-23 01:26:42,389 - INFO - allennlp.training.trainer - Training
2020-07-23 01:26:42,865 - INFO - allennlp.training.trainer - Validating
2020-07-23 01:26:42,889 - INFO - allennlp.training.tensorboard_writer -                        Training |  Validation
2020-07-23 01:26:42,890 - INFO - allennlp.training.tensorboard_writer - accuracy           |     0.116  |     0.208
2020-07-23 01:26:42,890 - INFO - allennlp.training.tensorboard_writer - accuracy3          |     0.280  |     0.328
2020-07-23 01:26:42,890 - INFO - allennlp.training.tensorboard_writer - gpu_0_memory_MB    |     2.000  |       N/A
2020-07-23 01:26:42,890 - INFO - allennlp.training.tensorboard_writer - loss               |     2.464  |     2.454
2020-07-23 01:26:42,891 - INFO - allennlp.training.tensorboard_writer - reg_loss           |     0.000  |     0.000
2020-07-23 01:26:42,891 - INFO - allennlp.training.tensorboard_writer - worker_0_memory_MB |   569.012  |       N/A
2020-07-23 01:26:42,892 - INFO - allennlp.training.checkpointer - Best validation performance so far. Copying weights to './model/simple_tagger_pos/best.th'.
2020-07-23 01:26:42,893 - INFO - allennlp.training.trainer - Epoch duration: 0:00:00.518847
2020-07-23 01:26:42,893 - INFO - allennlp.training.trainer - Estimated training time remaining: 0:00:20
2020-07-23 01:26:42,893 - INFO - allennlp.training.trainer - Epoch 2/39
2020-07-23 01:26:42,893 - INFO - allennlp.training.trainer - Worker 0 memory usage MB: 589.004
2020-07-23 01:26:42,907 - INFO - allennlp.training.trainer - GPU 0 memory usage MB: 2
2020-07-23 01:26:42,907 - INFO - allennlp.training.trainer - Training
2020-07-23 01:26:43,397 - INFO - allennlp.training.trainer - Validating
2020-07-23 01:26:43,423 - INFO - allennlp.training.tensorboard_writer -                        Training |  Validation
2020-07-23 01:26:43,423 - INFO - allennlp.training.tensorboard_writer - accuracy           |     0.284  |     0.359
2020-07-23 01:26:43,423 - INFO - allennlp.training.tensorboard_writer - accuracy3          |     0.445  |     0.485
2020-07-23 01:26:43,424 - INFO - allennlp.training.tensorboard_writer - gpu_0_memory_MB    |     2.000  |       N/A
2020-07-23 01:26:43,424 - INFO - allennlp.training.tensorboard_writer - loss               |     2.442  |     2.433
2020-07-23 01:26:43,424 - INFO - allennlp.training.tensorboard_writer - reg_loss           |     0.000  |     0.000
2020-07-23 01:26:43,424 - INFO - allennlp.training.tensorboard_writer - worker_0_memory_MB |   589.004  |       N/A
2020-07-23 01:26:43,426 - INFO - allennlp.training.checkpointer - Best validation performance so far. Copying weights to './model/simple_tagger_pos/best.th'.
2020-07-23 01:26:43,427 - INFO - allennlp.training.trainer - Epoch duration: 0:00:00.533767
2020-07-23 01:26:43,427 - INFO - allennlp.training.trainer - Estimated training time remaining: 0:00:19
2020-07-23 01:26:43,427 - INFO - allennlp.training.trainer - Epoch 3/39
2020-07-23 01:26:43,427 - INFO - allennlp.training.trainer - Worker 0 memory usage MB: 589.44
2020-07-23 01:26:43,444 - INFO - allennlp.training.trainer - GPU 0 memory usage MB: 2
2020-07-23 01:26:43,445 - INFO - allennlp.training.trainer - Training
2020-07-23 01:26:43,969 - INFO - allennlp.training.trainer - Validating
2020-07-23 01:26:43,994 - INFO - allennlp.training.tensorboard_writer -                        Training |  Validation
2020-07-23 01:26:43,994 - INFO - allennlp.training.tensorboard_writer - accuracy           |     0.388  |     0.392
2020-07-23 01:26:43,995 - INFO - allennlp.training.tensorboard_writer - accuracy3          |     0.558  |     0.622
2020-07-23 01:26:43,995 - INFO - allennlp.training.tensorboard_writer - gpu_0_memory_MB    |     2.000  |       N/A
2020-07-23 01:26:43,995 - INFO - allennlp.training.tensorboard_writer - loss               |     2.419  |     2.410
2020-07-23 01:26:43,995 - INFO - allennlp.training.tensorboard_writer - reg_loss           |     0.000  |     0.000
2020-07-23 01:26:43,995 - INFO - allennlp.training.tensorboard_writer - worker_0_memory_MB |   589.440  |       N/A
2020-07-23 01:26:43,997 - INFO - allennlp.training.checkpointer - Best validation performance so far. Copying weights to './model/simple_tagger_pos/best.th'.
2020-07-23 01:26:43,998 - INFO - allennlp.training.trainer - Epoch duration: 0:00:00.571174
2020-07-23 01:26:43,998 - INFO - allennlp.training.trainer - Estimated training time remaining: 0:00:19
2020-07-23 01:26:43,998 - INFO - allennlp.training.trainer - Epoch 4/39
2020-07-23 01:26:43,998 - INFO - allennlp.training.trainer - Worker 0 memory usage MB: 589.98
2020-07-23 01:26:44,014 - INFO - allennlp.training.trainer - GPU 0 memory usage MB: 2
2020-07-23 01:26:44,015 - INFO - allennlp.training.trainer - Training
2020-07-23 01:26:44,537 - INFO - allennlp.training.trainer - Validating
2020-07-23 01:26:44,562 - INFO - allennlp.training.tensorboard_writer -                        Training |  Validation
2020-07-23 01:26:44,563 - INFO - allennlp.training.tensorboard_writer - accuracy           |     0.445  |     0.429
2020-07-23 01:26:44,563 - INFO - allennlp.training.tensorboard_writer - accuracy3          |     0.677  |     0.690
2020-07-23 01:26:44,563 - INFO - allennlp.training.tensorboard_writer - gpu_0_memory_MB    |     2.000  |       N/A
2020-07-23 01:26:44,563 - INFO - allennlp.training.tensorboard_writer - loss               |     2.392  |     2.385
2020-07-23 01:26:44,563 - INFO - allennlp.training.tensorboard_writer - reg_loss           |     0.000  |     0.000
2020-07-23 01:26:44,564 - INFO - allennlp.training.tensorboard_writer - worker_0_memory_MB |   589.980  |       N/A
2020-07-23 01:26:44,565 - INFO - allennlp.training.checkpointer - Best validation performance so far. Copying weights to './model/simple_tagger_pos/best.th'.
2020-07-23 01:26:44,566 - INFO - allennlp.training.trainer - Epoch duration: 0:00:00.568047
2020-07-23 01:26:44,566 - INFO - allennlp.training.trainer - Estimated training time remaining: 0:00:19
2020-07-23 01:26:44,566 - INFO - allennlp.training.trainer - Epoch 5/39
2020-07-23 01:26:44,566 - INFO - allennlp.training.trainer - Worker 0 memory usage MB: 597.068
2020-07-23 01:26:44,581 - INFO - allennlp.training.trainer - GPU 0 memory usage MB: 2
2020-07-23 01:26:44,582 - INFO - allennlp.training.trainer - Training
2020-07-23 01:26:45,097 - INFO - allennlp.training.trainer - Validating
2020-07-23 01:26:45,121 - INFO - allennlp.training.tensorboard_writer -                        Training |  Validation
2020-07-23 01:26:45,122 - INFO - allennlp.training.tensorboard_writer - accuracy           |     0.475  |     0.460
2020-07-23 01:26:45,122 - INFO - allennlp.training.tensorboard_writer - accuracy3          |     0.731  |     0.702
2020-07-23 01:26:45,122 - INFO - allennlp.training.tensorboard_writer - gpu_0_memory_MB    |     2.000  |       N/A
2020-07-23 01:26:45,122 - INFO - allennlp.training.tensorboard_writer - loss               |     2.364  |     2.357
2020-07-23 01:26:45,123 - INFO - allennlp.training.tensorboard_writer - reg_loss           |     0.000  |     0.000
2020-07-23 01:26:45,123 - INFO - allennlp.training.tensorboard_writer - worker_0_memory_MB |   597.068  |       N/A
2020-07-23 01:26:45,125 - INFO - allennlp.training.checkpointer - Best validation performance so far. Copying weights to './model/simple_tagger_pos/best.th'.
2020-07-23 01:26:45,125 - INFO - allennlp.training.trainer - Epoch duration: 0:00:00.559042
2020-07-23 01:26:45,125 - INFO - allennlp.training.trainer - Estimated training time remaining: 0:00:18
2020-07-23 01:26:45,126 - INFO - allennlp.training.trainer - Epoch 6/39
2020-07-23 01:26:45,126 - INFO - allennlp.training.trainer - Worker 0 memory usage MB: 597.32
2020-07-23 01:26:45,141 - INFO - allennlp.training.trainer - GPU 0 memory usage MB: 2
2020-07-23 01:26:45,142 - INFO - allennlp.training.trainer - Training
2020-07-23 01:26:45,650 - INFO - allennlp.training.trainer - Validating
2020-07-23 01:26:45,674 - INFO - allennlp.training.tensorboard_writer -                        Training |  Validation
2020-07-23 01:26:45,674 - INFO - allennlp.training.tensorboard_writer - accuracy           |     0.506  |     0.514
2020-07-23 01:26:45,675 - INFO - allennlp.training.tensorboard_writer - accuracy3          |     0.748  |     0.698
2020-07-23 01:26:45,675 - INFO - allennlp.training.tensorboard_writer - gpu_0_memory_MB    |     2.000  |       N/A
2020-07-23 01:26:45,675 - INFO - allennlp.training.tensorboard_writer - loss               |     2.330  |     2.325
2020-07-23 01:26:45,675 - INFO - allennlp.training.tensorboard_writer - reg_loss           |     0.000  |     0.000
2020-07-23 01:26:45,675 - INFO - allennlp.training.tensorboard_writer - worker_0_memory_MB |   597.320  |       N/A
2020-07-23 01:26:45,677 - INFO - allennlp.training.checkpointer - Best validation performance so far. Copying weights to './model/simple_tagger_pos/best.th'.
2020-07-23 01:26:45,678 - INFO - allennlp.training.trainer - Epoch duration: 0:00:00.552216
2020-07-23 01:26:45,678 - INFO - allennlp.training.trainer - Estimated training time remaining: 0:00:18
2020-07-23 01:26:45,678 - INFO - allennlp.training.trainer - Epoch 7/39
2020-07-23 01:26:45,678 - INFO - allennlp.training.trainer - Worker 0 memory usage MB: 597.32
2020-07-23 01:26:45,693 - INFO - allennlp.training.trainer - GPU 0 memory usage MB: 2
2020-07-23 01:26:45,693 - INFO - allennlp.training.trainer - Training
2020-07-23 01:26:46,189 - INFO - allennlp.training.trainer - Validating
2020-07-23 01:26:46,214 - INFO - allennlp.training.tensorboard_writer -                        Training |  Validation
2020-07-23 01:26:46,215 - INFO - allennlp.training.tensorboard_writer - accuracy           |     0.532  |     0.529
2020-07-23 01:26:46,215 - INFO - allennlp.training.tensorboard_writer - accuracy3          |     0.745  |     0.692
2020-07-23 01:26:46,215 - INFO - allennlp.training.tensorboard_writer - gpu_0_memory_MB    |     2.000  |       N/A
2020-07-23 01:26:46,216 - INFO - allennlp.training.tensorboard_writer - loss               |     2.292  |     2.289
2020-07-23 01:26:46,216 - INFO - allennlp.training.tensorboard_writer - reg_loss           |     0.000  |     0.000
2020-07-23 01:26:46,216 - INFO - allennlp.training.tensorboard_writer - worker_0_memory_MB |   597.320  |       N/A
2020-07-23 01:26:46,218 - INFO - allennlp.training.checkpointer - Best validation performance so far. Copying weights to './model/simple_tagger_pos/best.th'.
2020-07-23 01:26:46,219 - INFO - allennlp.training.trainer - Epoch duration: 0:00:00.540644
2020-07-23 01:26:46,219 - INFO - allennlp.training.trainer - Estimated training time remaining: 0:00:17
2020-07-23 01:26:46,219 - INFO - allennlp.training.trainer - Epoch 8/39
2020-07-23 01:26:46,219 - INFO - allennlp.training.trainer - Worker 0 memory usage MB: 597.32
2020-07-23 01:26:46,233 - INFO - allennlp.training.trainer - GPU 0 memory usage MB: 2
2020-07-23 01:26:46,234 - INFO - allennlp.training.trainer - Training
2020-07-23 01:26:46,749 - INFO - allennlp.training.trainer - Validating
2020-07-23 01:26:46,773 - INFO - allennlp.training.tensorboard_writer -                        Training |  Validation
2020-07-23 01:26:46,774 - INFO - allennlp.training.tensorboard_writer - accuracy           |     0.545  |     0.525
2020-07-23 01:26:46,774 - INFO - allennlp.training.tensorboard_writer - accuracy3          |     0.735  |     0.689
2020-07-23 01:26:46,774 - INFO - allennlp.training.tensorboard_writer - gpu_0_memory_MB    |     2.000  |       N/A
2020-07-23 01:26:46,775 - INFO - allennlp.training.tensorboard_writer - loss               |     2.250  |     2.249
2020-07-23 01:26:46,775 - INFO - allennlp.training.tensorboard_writer - reg_loss           |     0.000  |     0.000
2020-07-23 01:26:46,775 - INFO - allennlp.training.tensorboard_writer - worker_0_memory_MB |   597.320  |       N/A
2020-07-23 01:26:46,777 - INFO - allennlp.training.checkpointer - Best validation performance so far. Copying weights to './model/simple_tagger_pos/best.th'.
2020-07-23 01:26:46,778 - INFO - allennlp.training.trainer - Epoch duration: 0:00:00.559035
2020-07-23 01:26:46,778 - INFO - allennlp.training.trainer - Estimated training time remaining: 0:00:17
2020-07-23 01:26:46,778 - INFO - allennlp.training.trainer - Epoch 9/39
2020-07-23 01:26:46,778 - INFO - allennlp.training.trainer - Worker 0 memory usage MB: 597.32
2020-07-23 01:26:46,793 - INFO - allennlp.training.trainer - GPU 0 memory usage MB: 2
2020-07-23 01:26:46,793 - INFO - allennlp.training.trainer - Training
2020-07-23 01:26:47,305 - INFO - allennlp.training.trainer - Validating
2020-07-23 01:26:47,330 - INFO - allennlp.training.tensorboard_writer -                        Training |  Validation
2020-07-23 01:26:47,331 - INFO - allennlp.training.tensorboard_writer - accuracy           |     0.553  |     0.529
2020-07-23 01:26:47,331 - INFO - allennlp.training.tensorboard_writer - accuracy3          |     0.731  |     0.710
2020-07-23 01:26:47,331 - INFO - allennlp.training.tensorboard_writer - gpu_0_memory_MB    |     2.000  |       N/A
2020-07-23 01:26:47,331 - INFO - allennlp.training.tensorboard_writer - loss               |     2.202  |     2.204
2020-07-23 01:26:47,332 - INFO - allennlp.training.tensorboard_writer - reg_loss           |     0.000  |     0.000
2020-07-23 01:26:47,332 - INFO - allennlp.training.tensorboard_writer - worker_0_memory_MB |   597.320  |       N/A
2020-07-23 01:26:47,334 - INFO - allennlp.training.checkpointer - Best validation performance so far. Copying weights to './model/simple_tagger_pos/best.th'.
2020-07-23 01:26:47,334 - INFO - allennlp.training.trainer - Epoch duration: 0:00:00.556663
2020-07-23 01:26:47,334 - INFO - allennlp.training.trainer - Estimated training time remaining: 0:00:16
2020-07-23 01:26:47,335 - INFO - allennlp.training.trainer - Epoch 10/39
2020-07-23 01:26:47,335 - INFO - allennlp.training.trainer - Worker 0 memory usage MB: 597.32
2020-07-23 01:26:47,351 - INFO - allennlp.training.trainer - GPU 0 memory usage MB: 2
2020-07-23 01:26:47,352 - INFO - allennlp.training.trainer - Training
2020-07-23 01:26:47,870 - INFO - allennlp.training.trainer - Validating
2020-07-23 01:26:47,891 - INFO - allennlp.training.tensorboard_writer -                        Training |  Validation
2020-07-23 01:26:47,891 - INFO - allennlp.training.tensorboard_writer - accuracy           |     0.559  |     0.520
2020-07-23 01:26:47,892 - INFO - allennlp.training.tensorboard_writer - accuracy3          |     0.728  |     0.722
2020-07-23 01:26:47,892 - INFO - allennlp.training.tensorboard_writer - gpu_0_memory_MB    |     2.000  |       N/A
2020-07-23 01:26:47,892 - INFO - allennlp.training.tensorboard_writer - loss               |     2.150  |     2.154
2020-07-23 01:26:47,892 - INFO - allennlp.training.tensorboard_writer - reg_loss           |     0.000  |     0.000
2020-07-23 01:26:47,893 - INFO - allennlp.training.tensorboard_writer - worker_0_memory_MB |   597.320  |       N/A
2020-07-23 01:26:47,894 - INFO - allennlp.training.checkpointer - Best validation performance so far. Copying weights to './model/simple_tagger_pos/best.th'.
2020-07-23 01:26:47,895 - INFO - allennlp.training.trainer - Epoch duration: 0:00:00.560303
2020-07-23 01:26:47,895 - INFO - allennlp.training.trainer - Estimated training time remaining: 0:00:16
2020-07-23 01:26:47,895 - INFO - allennlp.training.trainer - Epoch 11/39
2020-07-23 01:26:47,895 - INFO - allennlp.training.trainer - Worker 0 memory usage MB: 597.32
2020-07-23 01:26:47,909 - INFO - allennlp.training.trainer - GPU 0 memory usage MB: 2
2020-07-23 01:26:47,909 - INFO - allennlp.training.trainer - Training
2020-07-23 01:26:48,397 - INFO - allennlp.training.trainer - Validating
2020-07-23 01:26:48,422 - INFO - allennlp.training.tensorboard_writer -                        Training |  Validation
2020-07-23 01:26:48,422 - INFO - allennlp.training.tensorboard_writer - accuracy           |     0.558  |     0.519
2020-07-23 01:26:48,422 - INFO - allennlp.training.tensorboard_writer - accuracy3          |     0.738  |     0.735
2020-07-23 01:26:48,423 - INFO - allennlp.training.tensorboard_writer - gpu_0_memory_MB    |     2.000  |       N/A
2020-07-23 01:26:48,423 - INFO - allennlp.training.tensorboard_writer - loss               |     2.092  |     2.101
2020-07-23 01:26:48,423 - INFO - allennlp.training.tensorboard_writer - reg_loss           |     0.000  |     0.000
2020-07-23 01:26:48,423 - INFO - allennlp.training.tensorboard_writer - worker_0_memory_MB |   597.320  |       N/A
2020-07-23 01:26:48,425 - INFO - allennlp.training.checkpointer - Best validation performance so far. Copying weights to './model/simple_tagger_pos/best.th'.
2020-07-23 01:26:48,426 - INFO - allennlp.training.trainer - Epoch duration: 0:00:00.530970
2020-07-23 01:26:48,426 - INFO - allennlp.training.trainer - Estimated training time remaining: 0:00:15
2020-07-23 01:26:48,426 - INFO - allennlp.training.trainer - Epoch 12/39
2020-07-23 01:26:48,426 - INFO - allennlp.training.trainer - Worker 0 memory usage MB: 597.32
2020-07-23 01:26:48,442 - INFO - allennlp.training.trainer - GPU 0 memory usage MB: 2
2020-07-23 01:26:48,443 - INFO - allennlp.training.trainer - Training
2020-07-23 01:26:48,946 - INFO - allennlp.training.trainer - Validating
2020-07-23 01:26:48,970 - INFO - allennlp.training.tensorboard_writer -                        Training |  Validation
2020-07-23 01:26:48,971 - INFO - allennlp.training.tensorboard_writer - accuracy           |     0.558  |     0.513
2020-07-23 01:26:48,971 - INFO - allennlp.training.tensorboard_writer - accuracy3          |     0.750  |     0.770
2020-07-23 01:26:48,971 - INFO - allennlp.training.tensorboard_writer - gpu_0_memory_MB    |     2.000  |       N/A
2020-07-23 01:26:48,972 - INFO - allennlp.training.tensorboard_writer - loss               |     2.030  |     2.043
2020-07-23 01:26:48,972 - INFO - allennlp.training.tensorboard_writer - reg_loss           |     0.000  |     0.000
2020-07-23 01:26:48,972 - INFO - allennlp.training.tensorboard_writer - worker_0_memory_MB |   597.320  |       N/A
2020-07-23 01:26:48,974 - INFO - allennlp.training.checkpointer - Best validation performance so far. Copying weights to './model/simple_tagger_pos/best.th'.
2020-07-23 01:26:48,974 - INFO - allennlp.training.trainer - Epoch duration: 0:00:00.548518
2020-07-23 01:26:48,975 - INFO - allennlp.training.trainer - Estimated training time remaining: 0:00:14
2020-07-23 01:26:48,975 - INFO - allennlp.training.trainer - Epoch 13/39
2020-07-23 01:26:48,975 - INFO - allennlp.training.trainer - Worker 0 memory usage MB: 597.32
2020-07-23 01:26:48,990 - INFO - allennlp.training.trainer - GPU 0 memory usage MB: 2
2020-07-23 01:26:48,991 - INFO - allennlp.training.trainer - Training
2020-07-23 01:26:49,498 - INFO - allennlp.training.trainer - Validating
2020-07-23 01:26:49,522 - INFO - allennlp.training.tensorboard_writer -                        Training |  Validation
2020-07-23 01:26:49,522 - INFO - allennlp.training.tensorboard_writer - accuracy           |     0.564  |     0.514
2020-07-23 01:26:49,522 - INFO - allennlp.training.tensorboard_writer - accuracy3          |     0.768  |     0.772
2020-07-23 01:26:49,523 - INFO - allennlp.training.tensorboard_writer - gpu_0_memory_MB    |     2.000  |       N/A
2020-07-23 01:26:49,523 - INFO - allennlp.training.tensorboard_writer - loss               |     1.963  |     1.983
2020-07-23 01:26:49,523 - INFO - allennlp.training.tensorboard_writer - reg_loss           |     0.000  |     0.000
2020-07-23 01:26:49,523 - INFO - allennlp.training.tensorboard_writer - worker_0_memory_MB |   597.320  |       N/A
2020-07-23 01:26:49,525 - INFO - allennlp.training.checkpointer - Best validation performance so far. Copying weights to './model/simple_tagger_pos/best.th'.
2020-07-23 01:26:49,526 - INFO - allennlp.training.trainer - Epoch duration: 0:00:00.550996
2020-07-23 01:26:49,526 - INFO - allennlp.training.trainer - Estimated training time remaining: 0:00:14
2020-07-23 01:26:49,526 - INFO - allennlp.training.trainer - Epoch 14/39
2020-07-23 01:26:49,526 - INFO - allennlp.training.trainer - Worker 0 memory usage MB: 597.32
2020-07-23 01:26:49,540 - INFO - allennlp.training.trainer - GPU 0 memory usage MB: 2
2020-07-23 01:26:49,541 - INFO - allennlp.training.trainer - Training
2020-07-23 01:26:50,041 - INFO - allennlp.training.trainer - Validating
2020-07-23 01:26:50,066 - INFO - allennlp.training.tensorboard_writer -                        Training |  Validation
2020-07-23 01:26:50,067 - INFO - allennlp.training.tensorboard_writer - accuracy           |     0.561  |     0.520
2020-07-23 01:26:50,067 - INFO - allennlp.training.tensorboard_writer - accuracy3          |     0.776  |     0.779
2020-07-23 01:26:50,067 - INFO - allennlp.training.tensorboard_writer - gpu_0_memory_MB    |     2.000  |       N/A
2020-07-23 01:26:50,067 - INFO - allennlp.training.tensorboard_writer - loss               |     1.895  |     1.921
2020-07-23 01:26:50,067 - INFO - allennlp.training.tensorboard_writer - reg_loss           |     0.000  |     0.000
2020-07-23 01:26:50,068 - INFO - allennlp.training.tensorboard_writer - worker_0_memory_MB |   597.320  |       N/A
2020-07-23 01:26:50,070 - INFO - allennlp.training.checkpointer - Best validation performance so far. Copying weights to './model/simple_tagger_pos/best.th'.
2020-07-23 01:26:50,070 - INFO - allennlp.training.trainer - Epoch duration: 0:00:00.544750
2020-07-23 01:26:50,071 - INFO - allennlp.training.trainer - Estimated training time remaining: 0:00:13
2020-07-23 01:26:50,071 - INFO - allennlp.training.trainer - Epoch 15/39
2020-07-23 01:26:50,071 - INFO - allennlp.training.trainer - Worker 0 memory usage MB: 600.128
2020-07-23 01:26:50,086 - INFO - allennlp.training.trainer - GPU 0 memory usage MB: 2
2020-07-23 01:26:50,087 - INFO - allennlp.training.trainer - Training
2020-07-23 01:26:50,618 - INFO - allennlp.training.trainer - Validating
2020-07-23 01:26:50,642 - INFO - allennlp.training.tensorboard_writer -                        Training |  Validation
2020-07-23 01:26:50,642 - INFO - allennlp.training.tensorboard_writer - accuracy           |     0.570  |     0.521
2020-07-23 01:26:50,643 - INFO - allennlp.training.tensorboard_writer - accuracy3          |     0.781  |     0.781
2020-07-23 01:26:50,643 - INFO - allennlp.training.tensorboard_writer - gpu_0_memory_MB    |     2.000  |       N/A
2020-07-23 01:26:50,643 - INFO - allennlp.training.tensorboard_writer - loss               |     1.825  |     1.859
2020-07-23 01:26:50,643 - INFO - allennlp.training.tensorboard_writer - reg_loss           |     0.000  |     0.000
2020-07-23 01:26:50,643 - INFO - allennlp.training.tensorboard_writer - worker_0_memory_MB |   600.128  |       N/A
2020-07-23 01:26:50,645 - INFO - allennlp.training.checkpointer - Best validation performance so far. Copying weights to './model/simple_tagger_pos/best.th'.
2020-07-23 01:26:50,646 - INFO - allennlp.training.trainer - Epoch duration: 0:00:00.575414
2020-07-23 01:26:50,646 - INFO - allennlp.training.trainer - Estimated training time remaining: 0:00:13
2020-07-23 01:26:50,646 - INFO - allennlp.training.trainer - Epoch 16/39
2020-07-23 01:26:50,646 - INFO - allennlp.training.trainer - Worker 0 memory usage MB: 600.128
2020-07-23 01:26:50,662 - INFO - allennlp.training.trainer - GPU 0 memory usage MB: 2
2020-07-23 01:26:50,663 - INFO - allennlp.training.trainer - Training
2020-07-23 01:26:51,185 - INFO - allennlp.training.trainer - Validating
2020-07-23 01:26:51,206 - INFO - allennlp.training.tensorboard_writer -                        Training |  Validation
2020-07-23 01:26:51,207 - INFO - allennlp.training.tensorboard_writer - accuracy           |     0.576  |     0.531
2020-07-23 01:26:51,207 - INFO - allennlp.training.tensorboard_writer - accuracy3          |     0.787  |     0.782
2020-07-23 01:26:51,207 - INFO - allennlp.training.tensorboard_writer - gpu_0_memory_MB    |     2.000  |       N/A
2020-07-23 01:26:51,208 - INFO - allennlp.training.tensorboard_writer - loss               |     1.756  |     1.798
2020-07-23 01:26:51,208 - INFO - allennlp.training.tensorboard_writer - reg_loss           |     0.000  |     0.000
2020-07-23 01:26:51,208 - INFO - allennlp.training.tensorboard_writer - worker_0_memory_MB |   600.128  |       N/A
2020-07-23 01:26:51,210 - INFO - allennlp.training.checkpointer - Best validation performance so far. Copying weights to './model/simple_tagger_pos/best.th'.
2020-07-23 01:26:51,210 - INFO - allennlp.training.trainer - Epoch duration: 0:00:00.564286
2020-07-23 01:26:51,210 - INFO - allennlp.training.trainer - Estimated training time remaining: 0:00:12
2020-07-23 01:26:51,210 - INFO - allennlp.training.trainer - Epoch 17/39
2020-07-23 01:26:51,211 - INFO - allennlp.training.trainer - Worker 0 memory usage MB: 600.128
2020-07-23 01:26:51,224 - INFO - allennlp.training.trainer - GPU 0 memory usage MB: 2
2020-07-23 01:26:51,225 - INFO - allennlp.training.trainer - Training
2020-07-23 01:26:51,709 - INFO - allennlp.training.trainer - Validating
2020-07-23 01:26:51,731 - INFO - allennlp.training.tensorboard_writer -                        Training |  Validation
2020-07-23 01:26:51,731 - INFO - allennlp.training.tensorboard_writer - accuracy           |     0.583  |     0.533
2020-07-23 01:26:51,732 - INFO - allennlp.training.tensorboard_writer - accuracy3          |     0.798  |     0.794
2020-07-23 01:26:51,732 - INFO - allennlp.training.tensorboard_writer - gpu_0_memory_MB    |     2.000  |       N/A
2020-07-23 01:26:51,732 - INFO - allennlp.training.tensorboard_writer - loss               |     1.686  |     1.736
2020-07-23 01:26:51,732 - INFO - allennlp.training.tensorboard_writer - reg_loss           |     0.000  |     0.000
2020-07-23 01:26:51,732 - INFO - allennlp.training.tensorboard_writer - worker_0_memory_MB |   600.128  |       N/A
2020-07-23 01:26:51,734 - INFO - allennlp.training.checkpointer - Best validation performance so far. Copying weights to './model/simple_tagger_pos/best.th'.
2020-07-23 01:26:51,735 - INFO - allennlp.training.trainer - Epoch duration: 0:00:00.524276
2020-07-23 01:26:51,735 - INFO - allennlp.training.trainer - Estimated training time remaining: 0:00:12
2020-07-23 01:26:51,735 - INFO - allennlp.training.trainer - Epoch 18/39
2020-07-23 01:26:51,735 - INFO - allennlp.training.trainer - Worker 0 memory usage MB: 600.128
2020-07-23 01:26:51,749 - INFO - allennlp.training.trainer - GPU 0 memory usage MB: 2
2020-07-23 01:26:51,750 - INFO - allennlp.training.trainer - Training
2020-07-23 01:26:52,230 - INFO - allennlp.training.trainer - Validating
2020-07-23 01:26:52,254 - INFO - allennlp.training.tensorboard_writer -                        Training |  Validation
2020-07-23 01:26:52,255 - INFO - allennlp.training.tensorboard_writer - accuracy           |     0.596  |     0.553
2020-07-23 01:26:52,255 - INFO - allennlp.training.tensorboard_writer - accuracy3          |     0.812  |     0.810
2020-07-23 01:26:52,255 - INFO - allennlp.training.tensorboard_writer - gpu_0_memory_MB    |     2.000  |       N/A
2020-07-23 01:26:52,256 - INFO - allennlp.training.tensorboard_writer - loss               |     1.615  |     1.675
2020-07-23 01:26:52,256 - INFO - allennlp.training.tensorboard_writer - reg_loss           |     0.000  |     0.000
2020-07-23 01:26:52,256 - INFO - allennlp.training.tensorboard_writer - worker_0_memory_MB |   600.128  |       N/A
2020-07-23 01:26:52,258 - INFO - allennlp.training.checkpointer - Best validation performance so far. Copying weights to './model/simple_tagger_pos/best.th'.
2020-07-23 01:26:52,259 - INFO - allennlp.training.trainer - Epoch duration: 0:00:00.523761
2020-07-23 01:26:52,259 - INFO - allennlp.training.trainer - Estimated training time remaining: 0:00:11
2020-07-23 01:26:52,259 - INFO - allennlp.training.trainer - Epoch 19/39
2020-07-23 01:26:52,259 - INFO - allennlp.training.trainer - Worker 0 memory usage MB: 600.128
2020-07-23 01:26:52,275 - INFO - allennlp.training.trainer - GPU 0 memory usage MB: 2
2020-07-23 01:26:52,275 - INFO - allennlp.training.trainer - Training
2020-07-23 01:26:52,781 - INFO - allennlp.training.trainer - Validating
2020-07-23 01:26:52,806 - INFO - allennlp.training.tensorboard_writer -                        Training |  Validation
2020-07-23 01:26:52,806 - INFO - allennlp.training.tensorboard_writer - accuracy           |     0.613  |     0.581
2020-07-23 01:26:52,807 - INFO - allennlp.training.tensorboard_writer - accuracy3          |     0.825  |     0.820
2020-07-23 01:26:52,807 - INFO - allennlp.training.tensorboard_writer - gpu_0_memory_MB    |     2.000  |       N/A
2020-07-23 01:26:52,807 - INFO - allennlp.training.tensorboard_writer - loss               |     1.545  |     1.614
2020-07-23 01:26:52,807 - INFO - allennlp.training.tensorboard_writer - reg_loss           |     0.000  |     0.000
2020-07-23 01:26:52,807 - INFO - allennlp.training.tensorboard_writer - worker_0_memory_MB |   600.128  |       N/A
2020-07-23 01:26:52,809 - INFO - allennlp.training.checkpointer - Best validation performance so far. Copying weights to './model/simple_tagger_pos/best.th'.
2020-07-23 01:26:52,810 - INFO - allennlp.training.trainer - Epoch duration: 0:00:00.551256
2020-07-23 01:26:52,810 - INFO - allennlp.training.trainer - Estimated training time remaining: 0:00:10
2020-07-23 01:26:52,810 - INFO - allennlp.training.trainer - Epoch 20/39
2020-07-23 01:26:52,810 - INFO - allennlp.training.trainer - Worker 0 memory usage MB: 600.128
2020-07-23 01:26:52,826 - INFO - allennlp.training.trainer - GPU 0 memory usage MB: 2
2020-07-23 01:26:52,827 - INFO - allennlp.training.trainer - Training
2020-07-23 01:26:53,336 - INFO - allennlp.training.trainer - Validating
2020-07-23 01:26:53,361 - INFO - allennlp.training.tensorboard_writer -                        Training |  Validation
2020-07-23 01:26:53,361 - INFO - allennlp.training.tensorboard_writer - accuracy           |     0.641  |     0.618
2020-07-23 01:26:53,361 - INFO - allennlp.training.tensorboard_writer - accuracy3          |     0.844  |     0.854
2020-07-23 01:26:53,362 - INFO - allennlp.training.tensorboard_writer - gpu_0_memory_MB    |     2.000  |       N/A
2020-07-23 01:26:53,362 - INFO - allennlp.training.tensorboard_writer - loss               |     1.477  |     1.552
2020-07-23 01:26:53,362 - INFO - allennlp.training.tensorboard_writer - reg_loss           |     0.000  |     0.000
2020-07-23 01:26:53,362 - INFO - allennlp.training.tensorboard_writer - worker_0_memory_MB |   600.128  |       N/A
2020-07-23 01:26:53,364 - INFO - allennlp.training.checkpointer - Best validation performance so far. Copying weights to './model/simple_tagger_pos/best.th'.
2020-07-23 01:26:53,365 - INFO - allennlp.training.trainer - Epoch duration: 0:00:00.554491
2020-07-23 01:26:53,365 - INFO - allennlp.training.trainer - Estimated training time remaining: 0:00:10
2020-07-23 01:26:53,365 - INFO - allennlp.training.trainer - Epoch 21/39
2020-07-23 01:26:53,365 - INFO - allennlp.training.trainer - Worker 0 memory usage MB: 600.128
2020-07-23 01:26:53,380 - INFO - allennlp.training.trainer - GPU 0 memory usage MB: 2
2020-07-23 01:26:53,381 - INFO - allennlp.training.trainer - Training
2020-07-23 01:26:53,890 - INFO - allennlp.training.trainer - Validating
2020-07-23 01:26:53,915 - INFO - allennlp.training.tensorboard_writer -                        Training |  Validation
2020-07-23 01:26:53,916 - INFO - allennlp.training.tensorboard_writer - accuracy           |     0.679  |     0.653
2020-07-23 01:26:53,916 - INFO - allennlp.training.tensorboard_writer - accuracy3          |     0.861  |     0.863
2020-07-23 01:26:53,916 - INFO - allennlp.training.tensorboard_writer - gpu_0_memory_MB    |     2.000  |       N/A
2020-07-23 01:26:53,917 - INFO - allennlp.training.tensorboard_writer - loss               |     1.402  |     1.490
2020-07-23 01:26:53,917 - INFO - allennlp.training.tensorboard_writer - reg_loss           |     0.000  |     0.000
2020-07-23 01:26:53,917 - INFO - allennlp.training.tensorboard_writer - worker_0_memory_MB |   600.128  |       N/A
2020-07-23 01:26:53,919 - INFO - allennlp.training.checkpointer - Best validation performance so far. Copying weights to './model/simple_tagger_pos/best.th'.
2020-07-23 01:26:53,920 - INFO - allennlp.training.trainer - Epoch duration: 0:00:00.554865
2020-07-23 01:26:53,920 - INFO - allennlp.training.trainer - Estimated training time remaining: 0:00:09
2020-07-23 01:26:53,920 - INFO - allennlp.training.trainer - Epoch 22/39
2020-07-23 01:26:53,920 - INFO - allennlp.training.trainer - Worker 0 memory usage MB: 600.128
2020-07-23 01:26:53,937 - INFO - allennlp.training.trainer - GPU 0 memory usage MB: 2
2020-07-23 01:26:53,938 - INFO - allennlp.training.trainer - Training
2020-07-23 01:26:54,461 - INFO - allennlp.training.trainer - Validating
2020-07-23 01:26:54,484 - INFO - allennlp.training.tensorboard_writer -                        Training |  Validation
2020-07-23 01:26:54,484 - INFO - allennlp.training.tensorboard_writer - accuracy           |     0.711  |     0.665
2020-07-23 01:26:54,485 - INFO - allennlp.training.tensorboard_writer - accuracy3          |     0.883  |     0.875
2020-07-23 01:26:54,485 - INFO - allennlp.training.tensorboard_writer - gpu_0_memory_MB    |     2.000  |       N/A
2020-07-23 01:26:54,485 - INFO - allennlp.training.tensorboard_writer - loss               |     1.332  |     1.429
2020-07-23 01:26:54,485 - INFO - allennlp.training.tensorboard_writer - reg_loss           |     0.000  |     0.000
2020-07-23 01:26:54,486 - INFO - allennlp.training.tensorboard_writer - worker_0_memory_MB |   600.128  |       N/A
2020-07-23 01:26:54,487 - INFO - allennlp.training.checkpointer - Best validation performance so far. Copying weights to './model/simple_tagger_pos/best.th'.
2020-07-23 01:26:54,488 - INFO - allennlp.training.trainer - Epoch duration: 0:00:00.568213
2020-07-23 01:26:54,488 - INFO - allennlp.training.trainer - Estimated training time remaining: 0:00:09
2020-07-23 01:26:54,488 - INFO - allennlp.training.trainer - Epoch 23/39
2020-07-23 01:26:54,488 - INFO - allennlp.training.trainer - Worker 0 memory usage MB: 600.128
2020-07-23 01:26:54,503 - INFO - allennlp.training.trainer - GPU 0 memory usage MB: 2
2020-07-23 01:26:54,504 - INFO - allennlp.training.trainer - Training
2020-07-23 01:26:55,004 - INFO - allennlp.training.trainer - Validating
2020-07-23 01:26:55,026 - INFO - allennlp.training.tensorboard_writer -                        Training |  Validation
2020-07-23 01:26:55,027 - INFO - allennlp.training.tensorboard_writer - accuracy           |     0.740  |     0.702
2020-07-23 01:26:55,027 - INFO - allennlp.training.tensorboard_writer - accuracy3          |     0.897  |     0.883
2020-07-23 01:26:55,027 - INFO - allennlp.training.tensorboard_writer - gpu_0_memory_MB    |     2.000  |       N/A
2020-07-23 01:26:55,028 - INFO - allennlp.training.tensorboard_writer - loss               |     1.259  |     1.368
2020-07-23 01:26:55,028 - INFO - allennlp.training.tensorboard_writer - reg_loss           |     0.000  |     0.000
2020-07-23 01:26:55,028 - INFO - allennlp.training.tensorboard_writer - worker_0_memory_MB |   600.128  |       N/A
2020-07-23 01:26:55,030 - INFO - allennlp.training.checkpointer - Best validation performance so far. Copying weights to './model/simple_tagger_pos/best.th'.
2020-07-23 01:26:55,030 - INFO - allennlp.training.trainer - Epoch duration: 0:00:00.542219
2020-07-23 01:26:55,030 - INFO - allennlp.training.trainer - Estimated training time remaining: 0:00:08
2020-07-23 01:26:55,030 - INFO - allennlp.training.trainer - Epoch 24/39
2020-07-23 01:26:55,031 - INFO - allennlp.training.trainer - Worker 0 memory usage MB: 600.128
2020-07-23 01:26:55,045 - INFO - allennlp.training.trainer - GPU 0 memory usage MB: 2
2020-07-23 01:26:55,046 - INFO - allennlp.training.trainer - Training
2020-07-23 01:26:55,553 - INFO - allennlp.training.trainer - Validating
2020-07-23 01:26:55,577 - INFO - allennlp.training.tensorboard_writer -                        Training |  Validation
2020-07-23 01:26:55,578 - INFO - allennlp.training.tensorboard_writer - accuracy           |     0.780  |     0.720
2020-07-23 01:26:55,578 - INFO - allennlp.training.tensorboard_writer - accuracy3          |     0.913  |     0.904
2020-07-23 01:26:55,578 - INFO - allennlp.training.tensorboard_writer - gpu_0_memory_MB    |     2.000  |       N/A
2020-07-23 01:26:55,578 - INFO - allennlp.training.tensorboard_writer - loss               |     1.189  |     1.308
2020-07-23 01:26:55,579 - INFO - allennlp.training.tensorboard_writer - reg_loss           |     0.000  |     0.000
2020-07-23 01:26:55,579 - INFO - allennlp.training.tensorboard_writer - worker_0_memory_MB |   600.128  |       N/A
2020-07-23 01:26:55,581 - INFO - allennlp.training.checkpointer - Best validation performance so far. Copying weights to './model/simple_tagger_pos/best.th'.
2020-07-23 01:26:55,581 - INFO - allennlp.training.trainer - Epoch duration: 0:00:00.550907
2020-07-23 01:26:55,581 - INFO - allennlp.training.trainer - Estimated training time remaining: 0:00:08
2020-07-23 01:26:55,581 - INFO - allennlp.training.trainer - Epoch 25/39
2020-07-23 01:26:55,582 - INFO - allennlp.training.trainer - Worker 0 memory usage MB: 600.128
2020-07-23 01:26:55,597 - INFO - allennlp.training.trainer - GPU 0 memory usage MB: 2
2020-07-23 01:26:55,598 - INFO - allennlp.training.trainer - Training
2020-07-23 01:26:56,133 - INFO - allennlp.training.trainer - Validating
2020-07-23 01:26:56,157 - INFO - allennlp.training.tensorboard_writer -                        Training |  Validation
2020-07-23 01:26:56,158 - INFO - allennlp.training.tensorboard_writer - accuracy           |     0.820  |     0.746
2020-07-23 01:26:56,158 - INFO - allennlp.training.tensorboard_writer - accuracy3          |     0.926  |     0.908
2020-07-23 01:26:56,158 - INFO - allennlp.training.tensorboard_writer - gpu_0_memory_MB    |     2.000  |       N/A
2020-07-23 01:26:56,159 - INFO - allennlp.training.tensorboard_writer - loss               |     1.119  |     1.250
2020-07-23 01:26:56,159 - INFO - allennlp.training.tensorboard_writer - reg_loss           |     0.000  |     0.000
2020-07-23 01:26:56,159 - INFO - allennlp.training.tensorboard_writer - worker_0_memory_MB |   600.128  |       N/A
2020-07-23 01:26:56,161 - INFO - allennlp.training.checkpointer - Best validation performance so far. Copying weights to './model/simple_tagger_pos/best.th'.
2020-07-23 01:26:56,162 - INFO - allennlp.training.trainer - Epoch duration: 0:00:00.580155
2020-07-23 01:26:56,162 - INFO - allennlp.training.trainer - Estimated training time remaining: 0:00:07
2020-07-23 01:26:56,162 - INFO - allennlp.training.trainer - Epoch 26/39
2020-07-23 01:26:56,162 - INFO - allennlp.training.trainer - Worker 0 memory usage MB: 600.128
2020-07-23 01:26:56,177 - INFO - allennlp.training.trainer - GPU 0 memory usage MB: 2
2020-07-23 01:26:56,177 - INFO - allennlp.training.trainer - Training
2020-07-23 01:26:56,693 - INFO - allennlp.training.trainer - Validating
2020-07-23 01:26:56,718 - INFO - allennlp.training.tensorboard_writer -                        Training |  Validation
2020-07-23 01:26:56,718 - INFO - allennlp.training.tensorboard_writer - accuracy           |     0.849  |     0.762
2020-07-23 01:26:56,718 - INFO - allennlp.training.tensorboard_writer - accuracy3          |     0.936  |     0.917
2020-07-23 01:26:56,719 - INFO - allennlp.training.tensorboard_writer - gpu_0_memory_MB    |     2.000  |       N/A
2020-07-23 01:26:56,719 - INFO - allennlp.training.tensorboard_writer - loss               |     1.050  |     1.193
2020-07-23 01:26:56,719 - INFO - allennlp.training.tensorboard_writer - reg_loss           |     0.000  |     0.000
2020-07-23 01:26:56,719 - INFO - allennlp.training.tensorboard_writer - worker_0_memory_MB |   600.128  |       N/A
2020-07-23 01:26:56,721 - INFO - allennlp.training.checkpointer - Best validation performance so far. Copying weights to './model/simple_tagger_pos/best.th'.
2020-07-23 01:26:56,722 - INFO - allennlp.training.trainer - Epoch duration: 0:00:00.560082
2020-07-23 01:26:56,722 - INFO - allennlp.training.trainer - Estimated training time remaining: 0:00:07
2020-07-23 01:26:56,722 - INFO - allennlp.training.trainer - Epoch 27/39
2020-07-23 01:26:56,722 - INFO - allennlp.training.trainer - Worker 0 memory usage MB: 600.128
2020-07-23 01:26:56,737 - INFO - allennlp.training.trainer - GPU 0 memory usage MB: 2
2020-07-23 01:26:56,737 - INFO - allennlp.training.trainer - Training
2020-07-23 01:26:57,234 - INFO - allennlp.training.trainer - Validating
2020-07-23 01:26:57,258 - INFO - allennlp.training.tensorboard_writer -                        Training |  Validation
2020-07-23 01:26:57,258 - INFO - allennlp.training.tensorboard_writer - accuracy           |     0.872  |     0.774
2020-07-23 01:26:57,259 - INFO - allennlp.training.tensorboard_writer - accuracy3          |     0.948  |     0.922
2020-07-23 01:26:57,259 - INFO - allennlp.training.tensorboard_writer - gpu_0_memory_MB    |     2.000  |       N/A
2020-07-23 01:26:57,259 - INFO - allennlp.training.tensorboard_writer - loss               |     0.982  |     1.139
2020-07-23 01:26:57,259 - INFO - allennlp.training.tensorboard_writer - reg_loss           |     0.000  |     0.000
2020-07-23 01:26:57,259 - INFO - allennlp.training.tensorboard_writer - worker_0_memory_MB |   600.128  |       N/A
2020-07-23 01:26:57,261 - INFO - allennlp.training.checkpointer - Best validation performance so far. Copying weights to './model/simple_tagger_pos/best.th'.
2020-07-23 01:26:57,262 - INFO - allennlp.training.trainer - Epoch duration: 0:00:00.540158
2020-07-23 01:26:57,262 - INFO - allennlp.training.trainer - Estimated training time remaining: 0:00:06
2020-07-23 01:26:57,262 - INFO - allennlp.training.trainer - Epoch 28/39
2020-07-23 01:26:57,262 - INFO - allennlp.training.trainer - Worker 0 memory usage MB: 600.128
2020-07-23 01:26:57,278 - INFO - allennlp.training.trainer - GPU 0 memory usage MB: 2
2020-07-23 01:26:57,279 - INFO - allennlp.training.trainer - Training
2020-07-23 01:26:57,813 - INFO - allennlp.training.trainer - Validating
2020-07-23 01:26:57,839 - INFO - allennlp.training.tensorboard_writer -                        Training |  Validation
2020-07-23 01:26:57,839 - INFO - allennlp.training.tensorboard_writer - accuracy           |     0.889  |     0.777
2020-07-23 01:26:57,839 - INFO - allennlp.training.tensorboard_writer - accuracy3          |     0.957  |     0.927
2020-07-23 01:26:57,840 - INFO - allennlp.training.tensorboard_writer - gpu_0_memory_MB    |     2.000  |       N/A
2020-07-23 01:26:57,840 - INFO - allennlp.training.tensorboard_writer - loss               |     0.917  |     1.087
2020-07-23 01:26:57,840 - INFO - allennlp.training.tensorboard_writer - reg_loss           |     0.000  |     0.000
2020-07-23 01:26:57,840 - INFO - allennlp.training.tensorboard_writer - worker_0_memory_MB |   600.128  |       N/A
2020-07-23 01:26:57,842 - INFO - allennlp.training.checkpointer - Best validation performance so far. Copying weights to './model/simple_tagger_pos/best.th'.
2020-07-23 01:26:57,843 - INFO - allennlp.training.trainer - Epoch duration: 0:00:00.580787
2020-07-23 01:26:57,843 - INFO - allennlp.training.trainer - Estimated training time remaining: 0:00:06
2020-07-23 01:26:57,843 - INFO - allennlp.training.trainer - Epoch 29/39
2020-07-23 01:26:57,843 - INFO - allennlp.training.trainer - Worker 0 memory usage MB: 600.128
2020-07-23 01:26:57,858 - INFO - allennlp.training.trainer - GPU 0 memory usage MB: 2
2020-07-23 01:26:57,858 - INFO - allennlp.training.trainer - Training
2020-07-23 01:26:58,373 - INFO - allennlp.training.trainer - Validating
2020-07-23 01:26:58,394 - INFO - allennlp.training.tensorboard_writer -                        Training |  Validation
2020-07-23 01:26:58,394 - INFO - allennlp.training.tensorboard_writer - accuracy           |     0.902  |     0.785
2020-07-23 01:26:58,394 - INFO - allennlp.training.tensorboard_writer - accuracy3          |     0.963  |     0.927
2020-07-23 01:26:58,395 - INFO - allennlp.training.tensorboard_writer - gpu_0_memory_MB    |     2.000  |       N/A
2020-07-23 01:26:58,395 - INFO - allennlp.training.tensorboard_writer - loss               |     0.858  |     1.038
2020-07-23 01:26:58,395 - INFO - allennlp.training.tensorboard_writer - reg_loss           |     0.000  |     0.000
2020-07-23 01:26:58,395 - INFO - allennlp.training.tensorboard_writer - worker_0_memory_MB |   600.128  |       N/A
2020-07-23 01:26:58,397 - INFO - allennlp.training.checkpointer - Best validation performance so far. Copying weights to './model/simple_tagger_pos/best.th'.
2020-07-23 01:26:58,398 - INFO - allennlp.training.trainer - Epoch duration: 0:00:00.554499
2020-07-23 01:26:58,398 - INFO - allennlp.training.trainer - Estimated training time remaining: 0:00:05
2020-07-23 01:26:58,398 - INFO - allennlp.training.trainer - Epoch 30/39
2020-07-23 01:26:58,398 - INFO - allennlp.training.trainer - Worker 0 memory usage MB: 604.608
2020-07-23 01:26:58,413 - INFO - allennlp.training.trainer - GPU 0 memory usage MB: 2
2020-07-23 01:26:58,414 - INFO - allennlp.training.trainer - Training
2020-07-23 01:26:58,901 - INFO - allennlp.training.trainer - Validating
2020-07-23 01:26:58,922 - INFO - allennlp.training.tensorboard_writer -                        Training |  Validation
2020-07-23 01:26:58,922 - INFO - allennlp.training.tensorboard_writer - accuracy           |     0.911  |     0.789
2020-07-23 01:26:58,922 - INFO - allennlp.training.tensorboard_writer - accuracy3          |     0.970  |     0.931
2020-07-23 01:26:58,923 - INFO - allennlp.training.tensorboard_writer - gpu_0_memory_MB    |     2.000  |       N/A
2020-07-23 01:26:58,923 - INFO - allennlp.training.tensorboard_writer - loss               |     0.800  |     0.992
2020-07-23 01:26:58,923 - INFO - allennlp.training.tensorboard_writer - reg_loss           |     0.000  |     0.000
2020-07-23 01:26:58,923 - INFO - allennlp.training.tensorboard_writer - worker_0_memory_MB |   604.608  |       N/A
2020-07-23 01:26:58,925 - INFO - allennlp.training.checkpointer - Best validation performance so far. Copying weights to './model/simple_tagger_pos/best.th'.
2020-07-23 01:26:58,926 - INFO - allennlp.training.trainer - Epoch duration: 0:00:00.527888
2020-07-23 01:26:58,926 - INFO - allennlp.training.trainer - Estimated training time remaining: 0:00:04
2020-07-23 01:26:58,926 - INFO - allennlp.training.trainer - Epoch 31/39
2020-07-23 01:26:58,926 - INFO - allennlp.training.trainer - Worker 0 memory usage MB: 604.608
2020-07-23 01:26:58,940 - INFO - allennlp.training.trainer - GPU 0 memory usage MB: 2
2020-07-23 01:26:58,941 - INFO - allennlp.training.trainer - Training
2020-07-23 01:26:59,417 - INFO - allennlp.training.trainer - Validating
2020-07-23 01:26:59,438 - INFO - allennlp.training.tensorboard_writer -                        Training |  Validation
2020-07-23 01:26:59,439 - INFO - allennlp.training.tensorboard_writer - accuracy           |     0.917  |     0.797
2020-07-23 01:26:59,439 - INFO - allennlp.training.tensorboard_writer - accuracy3          |     0.975  |     0.932
2020-07-23 01:26:59,439 - INFO - allennlp.training.tensorboard_writer - gpu_0_memory_MB    |     2.000  |       N/A
2020-07-23 01:26:59,439 - INFO - allennlp.training.tensorboard_writer - loss               |     0.746  |     0.949
2020-07-23 01:26:59,440 - INFO - allennlp.training.tensorboard_writer - reg_loss           |     0.000  |     0.000
2020-07-23 01:26:59,440 - INFO - allennlp.training.tensorboard_writer - worker_0_memory_MB |   604.608  |       N/A
2020-07-23 01:26:59,441 - INFO - allennlp.training.checkpointer - Best validation performance so far. Copying weights to './model/simple_tagger_pos/best.th'.
2020-07-23 01:26:59,442 - INFO - allennlp.training.trainer - Epoch duration: 0:00:00.516340
2020-07-23 01:26:59,442 - INFO - allennlp.training.trainer - Estimated training time remaining: 0:00:04
2020-07-23 01:26:59,442 - INFO - allennlp.training.trainer - Epoch 32/39
2020-07-23 01:26:59,442 - INFO - allennlp.training.trainer - Worker 0 memory usage MB: 604.608
2020-07-23 01:26:59,457 - INFO - allennlp.training.trainer - GPU 0 memory usage MB: 2
2020-07-23 01:26:59,458 - INFO - allennlp.training.trainer - Training
2020-07-23 01:26:59,961 - INFO - allennlp.training.trainer - Validating
2020-07-23 01:26:59,986 - INFO - allennlp.training.tensorboard_writer -                        Training |  Validation
2020-07-23 01:26:59,987 - INFO - allennlp.training.tensorboard_writer - accuracy           |     0.924  |     0.799
2020-07-23 01:26:59,987 - INFO - allennlp.training.tensorboard_writer - accuracy3          |     0.980  |     0.932
2020-07-23 01:26:59,987 - INFO - allennlp.training.tensorboard_writer - gpu_0_memory_MB    |     2.000  |       N/A
2020-07-23 01:26:59,988 - INFO - allennlp.training.tensorboard_writer - loss               |     0.694  |     0.909
2020-07-23 01:26:59,988 - INFO - allennlp.training.tensorboard_writer - reg_loss           |     0.000  |     0.000
2020-07-23 01:26:59,988 - INFO - allennlp.training.tensorboard_writer - worker_0_memory_MB |   604.608  |       N/A
2020-07-23 01:26:59,990 - INFO - allennlp.training.checkpointer - Best validation performance so far. Copying weights to './model/simple_tagger_pos/best.th'.
2020-07-23 01:26:59,991 - INFO - allennlp.training.trainer - Epoch duration: 0:00:00.548558
2020-07-23 01:26:59,991 - INFO - allennlp.training.trainer - Estimated training time remaining: 0:00:03
2020-07-23 01:26:59,991 - INFO - allennlp.training.trainer - Epoch 33/39
2020-07-23 01:26:59,991 - INFO - allennlp.training.trainer - Worker 0 memory usage MB: 604.608
2020-07-23 01:27:00,006 - INFO - allennlp.training.trainer - GPU 0 memory usage MB: 2
2020-07-23 01:27:00,006 - INFO - allennlp.training.trainer - Training
2020-07-23 01:27:00,505 - INFO - allennlp.training.trainer - Validating
2020-07-23 01:27:00,530 - INFO - allennlp.training.tensorboard_writer -                        Training |  Validation
2020-07-23 01:27:00,530 - INFO - allennlp.training.tensorboard_writer - accuracy           |     0.930  |     0.807
2020-07-23 01:27:00,531 - INFO - allennlp.training.tensorboard_writer - accuracy3          |     0.981  |     0.933
2020-07-23 01:27:00,531 - INFO - allennlp.training.tensorboard_writer - gpu_0_memory_MB    |     2.000  |       N/A
2020-07-23 01:27:00,531 - INFO - allennlp.training.tensorboard_writer - loss               |     0.649  |     0.873
2020-07-23 01:27:00,531 - INFO - allennlp.training.tensorboard_writer - reg_loss           |     0.000  |     0.000
2020-07-23 01:27:00,532 - INFO - allennlp.training.tensorboard_writer - worker_0_memory_MB |   604.608  |       N/A
2020-07-23 01:27:00,533 - INFO - allennlp.training.checkpointer - Best validation performance so far. Copying weights to './model/simple_tagger_pos/best.th'.
2020-07-23 01:27:00,534 - INFO - allennlp.training.trainer - Epoch duration: 0:00:00.543310
2020-07-23 01:27:00,534 - INFO - allennlp.training.trainer - Estimated training time remaining: 0:00:03
2020-07-23 01:27:00,534 - INFO - allennlp.training.trainer - Epoch 34/39
2020-07-23 01:27:00,534 - INFO - allennlp.training.trainer - Worker 0 memory usage MB: 604.608
2020-07-23 01:27:00,549 - INFO - allennlp.training.trainer - GPU 0 memory usage MB: 2
2020-07-23 01:27:00,550 - INFO - allennlp.training.trainer - Training
2020-07-23 01:27:01,053 - INFO - allennlp.training.trainer - Validating
2020-07-23 01:27:01,074 - INFO - allennlp.training.tensorboard_writer -                        Training |  Validation
2020-07-23 01:27:01,075 - INFO - allennlp.training.tensorboard_writer - accuracy           |     0.938  |     0.813
2020-07-23 01:27:01,075 - INFO - allennlp.training.tensorboard_writer - accuracy3          |     0.984  |     0.933
2020-07-23 01:27:01,075 - INFO - allennlp.training.tensorboard_writer - gpu_0_memory_MB    |     2.000  |       N/A
2020-07-23 01:27:01,075 - INFO - allennlp.training.tensorboard_writer - loss               |     0.604  |     0.839
2020-07-23 01:27:01,076 - INFO - allennlp.training.tensorboard_writer - reg_loss           |     0.000  |     0.000
2020-07-23 01:27:01,076 - INFO - allennlp.training.tensorboard_writer - worker_0_memory_MB |   604.608  |       N/A
2020-07-23 01:27:01,077 - INFO - allennlp.training.checkpointer - Best validation performance so far. Copying weights to './model/simple_tagger_pos/best.th'.
2020-07-23 01:27:01,078 - INFO - allennlp.training.trainer - Epoch duration: 0:00:00.543954
2020-07-23 01:27:01,078 - INFO - allennlp.training.trainer - Estimated training time remaining: 0:00:02
2020-07-23 01:27:01,078 - INFO - allennlp.training.trainer - Epoch 35/39
2020-07-23 01:27:01,078 - INFO - allennlp.training.trainer - Worker 0 memory usage MB: 604.608
2020-07-23 01:27:01,093 - INFO - allennlp.training.trainer - GPU 0 memory usage MB: 2
2020-07-23 01:27:01,093 - INFO - allennlp.training.trainer - Training
2020-07-23 01:27:01,569 - INFO - allennlp.training.trainer - Validating
2020-07-23 01:27:01,591 - INFO - allennlp.training.tensorboard_writer -                        Training |  Validation
2020-07-23 01:27:01,591 - INFO - allennlp.training.tensorboard_writer - accuracy           |     0.942  |     0.816
2020-07-23 01:27:01,591 - INFO - allennlp.training.tensorboard_writer - accuracy3          |     0.985  |     0.932
2020-07-23 01:27:01,592 - INFO - allennlp.training.tensorboard_writer - gpu_0_memory_MB    |     2.000  |       N/A
2020-07-23 01:27:01,592 - INFO - allennlp.training.tensorboard_writer - loss               |     0.565  |     0.809
2020-07-23 01:27:01,592 - INFO - allennlp.training.tensorboard_writer - reg_loss           |     0.000  |     0.000
2020-07-23 01:27:01,592 - INFO - allennlp.training.tensorboard_writer - worker_0_memory_MB |   604.608  |       N/A
2020-07-23 01:27:01,594 - INFO - allennlp.training.checkpointer - Best validation performance so far. Copying weights to './model/simple_tagger_pos/best.th'.
2020-07-23 01:27:01,595 - INFO - allennlp.training.trainer - Epoch duration: 0:00:00.516290
2020-07-23 01:27:01,595 - INFO - allennlp.training.trainer - Estimated training time remaining: 0:00:02
2020-07-23 01:27:01,595 - INFO - allennlp.training.trainer - Epoch 36/39
2020-07-23 01:27:01,595 - INFO - allennlp.training.trainer - Worker 0 memory usage MB: 604.608
2020-07-23 01:27:01,609 - INFO - allennlp.training.trainer - GPU 0 memory usage MB: 2
2020-07-23 01:27:01,610 - INFO - allennlp.training.trainer - Training
2020-07-23 01:27:02,106 - INFO - allennlp.training.trainer - Validating
2020-07-23 01:27:02,128 - INFO - allennlp.training.tensorboard_writer -                        Training |  Validation
2020-07-23 01:27:02,128 - INFO - allennlp.training.tensorboard_writer - accuracy           |     0.944  |     0.818
2020-07-23 01:27:02,129 - INFO - allennlp.training.tensorboard_writer - accuracy3          |     0.986  |     0.932
2020-07-23 01:27:02,129 - INFO - allennlp.training.tensorboard_writer - gpu_0_memory_MB    |     2.000  |       N/A
2020-07-23 01:27:02,129 - INFO - allennlp.training.tensorboard_writer - loss               |     0.529  |     0.781
2020-07-23 01:27:02,129 - INFO - allennlp.training.tensorboard_writer - reg_loss           |     0.000  |     0.000
2020-07-23 01:27:02,130 - INFO - allennlp.training.tensorboard_writer - worker_0_memory_MB |   604.608  |       N/A
2020-07-23 01:27:02,131 - INFO - allennlp.training.checkpointer - Best validation performance so far. Copying weights to './model/simple_tagger_pos/best.th'.
2020-07-23 01:27:02,132 - INFO - allennlp.training.trainer - Epoch duration: 0:00:00.537373
2020-07-23 01:27:02,132 - INFO - allennlp.training.trainer - Estimated training time remaining: 0:00:01
2020-07-23 01:27:02,132 - INFO - allennlp.training.trainer - Epoch 37/39
2020-07-23 01:27:02,132 - INFO - allennlp.training.trainer - Worker 0 memory usage MB: 604.608
2020-07-23 01:27:02,147 - INFO - allennlp.training.trainer - GPU 0 memory usage MB: 2
2020-07-23 01:27:02,147 - INFO - allennlp.training.trainer - Training
2020-07-23 01:27:02,644 - INFO - allennlp.training.trainer - Validating
2020-07-23 01:27:02,669 - INFO - allennlp.training.tensorboard_writer -                        Training |  Validation
2020-07-23 01:27:02,669 - INFO - allennlp.training.tensorboard_writer - accuracy           |     0.946  |     0.822
2020-07-23 01:27:02,669 - INFO - allennlp.training.tensorboard_writer - accuracy3          |     0.987  |     0.933
2020-07-23 01:27:02,669 - INFO - allennlp.training.tensorboard_writer - gpu_0_memory_MB    |     2.000  |       N/A
2020-07-23 01:27:02,670 - INFO - allennlp.training.tensorboard_writer - loss               |     0.498  |     0.755
2020-07-23 01:27:02,670 - INFO - allennlp.training.tensorboard_writer - reg_loss           |     0.000  |     0.000
2020-07-23 01:27:02,670 - INFO - allennlp.training.tensorboard_writer - worker_0_memory_MB |   604.608  |       N/A
2020-07-23 01:27:02,672 - INFO - allennlp.training.checkpointer - Best validation performance so far. Copying weights to './model/simple_tagger_pos/best.th'.
2020-07-23 01:27:02,672 - INFO - allennlp.training.trainer - Epoch duration: 0:00:00.540308
2020-07-23 01:27:02,672 - INFO - allennlp.training.trainer - Estimated training time remaining: 0:00:01
2020-07-23 01:27:02,673 - INFO - allennlp.training.trainer - Epoch 38/39
2020-07-23 01:27:02,673 - INFO - allennlp.training.trainer - Worker 0 memory usage MB: 604.608
2020-07-23 01:27:02,687 - INFO - allennlp.training.trainer - GPU 0 memory usage MB: 2
2020-07-23 01:27:02,687 - INFO - allennlp.training.trainer - Training
2020-07-23 01:27:03,177 - INFO - allennlp.training.trainer - Validating
2020-07-23 01:27:03,202 - INFO - allennlp.training.tensorboard_writer -                        Training |  Validation
2020-07-23 01:27:03,203 - INFO - allennlp.training.tensorboard_writer - accuracy           |     0.950  |     0.827
2020-07-23 01:27:03,203 - INFO - allennlp.training.tensorboard_writer - accuracy3          |     0.988  |     0.935
2020-07-23 01:27:03,203 - INFO - allennlp.training.tensorboard_writer - gpu_0_memory_MB    |     2.000  |       N/A
2020-07-23 01:27:03,203 - INFO - allennlp.training.tensorboard_writer - loss               |     0.467  |     0.733
2020-07-23 01:27:03,204 - INFO - allennlp.training.tensorboard_writer - reg_loss           |     0.000  |     0.000
2020-07-23 01:27:03,204 - INFO - allennlp.training.tensorboard_writer - worker_0_memory_MB |   604.608  |       N/A
2020-07-23 01:27:03,206 - INFO - allennlp.training.checkpointer - Best validation performance so far. Copying weights to './model/simple_tagger_pos/best.th'.
2020-07-23 01:27:03,207 - INFO - allennlp.training.trainer - Epoch duration: 0:00:00.534118
2020-07-23 01:27:03,207 - INFO - allennlp.training.trainer - Estimated training time remaining: 0:00:00
2020-07-23 01:27:03,207 - INFO - allennlp.training.trainer - Epoch 39/39
2020-07-23 01:27:03,207 - INFO - allennlp.training.trainer - Worker 0 memory usage MB: 614.972
2020-07-23 01:27:03,222 - INFO - allennlp.training.trainer - GPU 0 memory usage MB: 2
2020-07-23 01:27:03,222 - INFO - allennlp.training.trainer - Training
2020-07-23 01:27:03,720 - INFO - allennlp.training.trainer - Validating
2020-07-23 01:27:03,745 - INFO - allennlp.training.tensorboard_writer -                        Training |  Validation
2020-07-23 01:27:03,746 - INFO - allennlp.training.tensorboard_writer - accuracy           |     0.953  |     0.831
2020-07-23 01:27:03,746 - INFO - allennlp.training.tensorboard_writer - accuracy3          |     0.989  |     0.936
2020-07-23 01:27:03,746 - INFO - allennlp.training.tensorboard_writer - gpu_0_memory_MB    |     2.000  |       N/A
2020-07-23 01:27:03,746 - INFO - allennlp.training.tensorboard_writer - loss               |     0.437  |     0.712
2020-07-23 01:27:03,747 - INFO - allennlp.training.tensorboard_writer - reg_loss           |     0.000  |     0.000
2020-07-23 01:27:03,747 - INFO - allennlp.training.tensorboard_writer - worker_0_memory_MB |   614.972  |       N/A
2020-07-23 01:27:03,749 - INFO - allennlp.training.checkpointer - Best validation performance so far. Copying weights to './model/simple_tagger_pos/best.th'.
2020-07-23 01:27:03,749 - INFO - allennlp.training.trainer - Epoch duration: 0:00:00.542601
2020-07-23 01:27:03,750 - INFO - allennlp.training.checkpointer - loading best weights
2020-07-23 01:27:03,750 - INFO - allennlp.commands.train - The model will be evaluated using the best epoch weights.
2020-07-23 01:27:03,751 - INFO - allennlp.training.util - Iterating over dataset
2020-07-23 01:27:03,783 - INFO - allennlp.common.util - Metrics: {
  "best_epoch": 39,
  "peak_worker_0_memory_MB": 614.972,
  "peak_gpu_0_memory_MB": 2,
  "training_duration": "0:00:21.935531",
  "training_start_epoch": 0,
  "training_epochs": 39,
  "epoch": 39,
  "training_accuracy": 0.9532583660750575,
  "training_accuracy3": 0.9890258772524049,
  "training_loss": 0.4374297559261322,
  "training_reg_loss": 0.0,
  "training_worker_0_memory_MB": 614.972,
  "training_gpu_0_memory_MB": 2,
  "validation_accuracy": 0.8311258278145696,
  "validation_accuracy3": 0.9361400189214759,
  "validation_loss": 0.7118577063083649,
  "validation_reg_loss": 0.0,
  "best_validation_accuracy": 0.8311258278145696,
  "best_validation_accuracy3": 0.9361400189214759,
  "best_validation_loss": 0.7118577063083649,
  "best_validation_reg_loss": 0.0,
  "test_accuracy": 0.8311258278145696,
  "test_accuracy3": 0.9361400189214759,
  "test_loss": 0.7118577063083649
}
2020-07-23 01:27:03,784 - INFO - allennlp.models.archival - archiving weights and vocabulary to ./model/simple_tagger_pos/model.tar.gz
