/home/yijingxiao/anaconda3/envs/transformers/lib/python3.7/site-packages/allennlp/data/token_indexers/token_characters_indexer.py:61: UserWarning: You are using the default value (0) of `min_padding_length`, which can cause some subtle bugs (more info see https://github.com/allenai/allennlp/issues/1954). Strongly recommend to set a value, usually the maximum size of the convolutional layer size when using CnnEncoder.
  UserWarning,
0it [00:00, ?it/s]
1630it [00:00, 15089.52it/s]
1804it [00:00, 15922.95it/s]

0it [00:00, ?it/s]
590it [00:00, 29985.09it/s]

0it [00:00, ?it/s]
590it [00:00, 30283.41it/s]

0it [00:00, ?it/s]
1617it [00:00, 16163.12it/s]
2984it [00:00, 16225.38it/s]

  0%|          | 0/23 [00:00<?, ?it/s]
accuracy: 0.0043, accuracy3: 0.0114, loss: 3.0550, reg_loss: 0.0000 ||:   4%|4         | 1/23 [00:00<00:03,  6.58it/s]
accuracy: 0.0050, accuracy3: 0.0121, loss: 3.0493, reg_loss: 0.0000 ||:   9%|8         | 2/23 [00:00<00:03,  6.84it/s]
accuracy: 0.0042, accuracy3: 0.0150, loss: 3.0387, reg_loss: 0.0000 ||:  17%|#7        | 4/23 [00:00<00:02,  8.16it/s]
accuracy: 0.0043, accuracy3: 0.0211, loss: 3.0340, reg_loss: 0.0000 ||:  22%|##1       | 5/23 [00:00<00:02,  7.79it/s]
accuracy: 0.0063, accuracy3: 0.0487, loss: 3.0286, reg_loss: 0.0000 ||:  26%|##6       | 6/23 [00:00<00:02,  8.01it/s]
accuracy: 0.0092, accuracy3: 0.0830, loss: 3.0236, reg_loss: 0.0000 ||:  30%|###       | 7/23 [00:00<00:02,  7.92it/s]
accuracy: 0.0230, accuracy3: 0.1617, loss: 3.0181, reg_loss: 0.0000 ||:  35%|###4      | 8/23 [00:00<00:01,  8.18it/s]
accuracy: 0.0623, accuracy3: 0.2669, loss: 3.0072, reg_loss: 0.0000 ||:  43%|####3     | 10/23 [00:01<00:01,  8.88it/s]
accuracy: 0.1015, accuracy3: 0.3232, loss: 3.0017, reg_loss: 0.0000 ||:  48%|####7     | 11/23 [00:01<00:01,  8.63it/s]
accuracy: 0.1348, accuracy3: 0.3601, loss: 2.9964, reg_loss: 0.0000 ||:  52%|#####2    | 12/23 [00:01<00:01,  7.73it/s]
accuracy: 0.1876, accuracy3: 0.4082, loss: 2.9852, reg_loss: 0.0000 ||:  61%|######    | 14/23 [00:01<00:01,  8.50it/s]
accuracy: 0.2515, accuracy3: 0.4580, loss: 2.9797, reg_loss: 0.0000 ||:  65%|######5   | 15/23 [00:01<00:00,  8.81it/s]
accuracy: 0.2947, accuracy3: 0.4900, loss: 2.9739, reg_loss: 0.0000 ||:  70%|######9   | 16/23 [00:01<00:00,  8.40it/s]
accuracy: 0.3403, accuracy3: 0.5236, loss: 2.9680, reg_loss: 0.0000 ||:  74%|#######3  | 17/23 [00:01<00:00,  8.04it/s]
accuracy: 0.3921, accuracy3: 0.5612, loss: 2.9619, reg_loss: 0.0000 ||:  78%|#######8  | 18/23 [00:02<00:00,  8.19it/s]
accuracy: 0.4070, accuracy3: 0.5718, loss: 2.9560, reg_loss: 0.0000 ||:  83%|########2 | 19/23 [00:02<00:00,  8.33it/s]
accuracy: 0.4585, accuracy3: 0.6085, loss: 2.9437, reg_loss: 0.0000 ||:  91%|#########1| 21/23 [00:02<00:00,  8.70it/s]
accuracy: 0.5184, accuracy3: 0.6514, loss: 2.9313, reg_loss: 0.0000 ||: 100%|##########| 23/23 [00:02<00:00,  8.97it/s]

  0%|          | 0/8 [00:00<?, ?it/s]
accuracy: 0.9384, accuracy3: 0.9463, loss: 2.7812, reg_loss: 0.0000 ||:  12%|#2        | 1/8 [00:00<00:00,  9.85it/s]
accuracy: 0.9448, accuracy3: 0.9532, loss: 2.7793, reg_loss: 0.0000 ||:  88%|########7 | 7/8 [00:00<00:00, 13.01it/s]
accuracy: 0.9462, accuracy3: 0.9548, loss: 2.7787, reg_loss: 0.0000 ||: 100%|##########| 8/8 [00:00<00:00, 33.95it/s]

  0%|          | 0/23 [00:00<?, ?it/s]
accuracy: 0.9568, accuracy3: 0.9669, loss: 2.7637, reg_loss: 0.0000 ||:   9%|8         | 2/23 [00:00<00:02, 10.30it/s]
accuracy: 0.9494, accuracy3: 0.9604, loss: 2.7514, reg_loss: 0.0000 ||:  17%|#7        | 4/23 [00:00<00:01, 10.09it/s]
accuracy: 0.9504, accuracy3: 0.9609, loss: 2.7428, reg_loss: 0.0000 ||:  22%|##1       | 5/23 [00:00<00:01, 10.03it/s]
accuracy: 0.9536, accuracy3: 0.9638, loss: 2.7339, reg_loss: 0.0000 ||:  26%|##6       | 6/23 [00:00<00:01,  9.84it/s]
accuracy: 0.9543, accuracy3: 0.9649, loss: 2.7253, reg_loss: 0.0000 ||:  30%|###       | 7/23 [00:00<00:01,  9.78it/s]
accuracy: 0.9508, accuracy3: 0.9616, loss: 2.7095, reg_loss: 0.0000 ||:  39%|###9      | 9/23 [00:00<00:01,  9.62it/s]
accuracy: 0.9496, accuracy3: 0.9596, loss: 2.6925, reg_loss: 0.0000 ||:  48%|####7     | 11/23 [00:01<00:01,  9.59it/s]
accuracy: 0.9483, accuracy3: 0.9582, loss: 2.6847, reg_loss: 0.0000 ||:  52%|#####2    | 12/23 [00:01<00:01,  9.34it/s]
accuracy: 0.9454, accuracy3: 0.9557, loss: 2.6683, reg_loss: 0.0000 ||:  61%|######    | 14/23 [00:01<00:00,  9.31it/s]
accuracy: 0.9457, accuracy3: 0.9558, loss: 2.6491, reg_loss: 0.0000 ||:  70%|######9   | 16/23 [00:01<00:00,  9.69it/s]
accuracy: 0.9457, accuracy3: 0.9557, loss: 2.6299, reg_loss: 0.0000 ||:  78%|#######8  | 18/23 [00:01<00:00,  9.24it/s]
accuracy: 0.9471, accuracy3: 0.9566, loss: 2.6083, reg_loss: 0.0000 ||:  87%|########6 | 20/23 [00:02<00:00, 10.30it/s]
accuracy: 0.9471, accuracy3: 0.9567, loss: 2.5881, reg_loss: 0.0000 ||:  96%|#########5| 22/23 [00:02<00:00, 10.98it/s]
accuracy: 0.9473, accuracy3: 0.9567, loss: 2.5775, reg_loss: 0.0000 ||: 100%|##########| 23/23 [00:02<00:00, 10.00it/s]

  0%|          | 0/8 [00:00<?, ?it/s]
accuracy: 0.9439, accuracy3: 0.9515, loss: 2.3331, reg_loss: 0.0000 ||:  88%|########7 | 7/8 [00:00<00:00, 69.92it/s]
accuracy: 0.9462, accuracy3: 0.9535, loss: 2.3289, reg_loss: 0.0000 ||: 100%|##########| 8/8 [00:00<00:00, 75.79it/s]

  0%|          | 0/23 [00:00<?, ?it/s]
accuracy: 0.9319, accuracy3: 0.9421, loss: 2.3286, reg_loss: 0.0000 ||:   4%|4         | 1/23 [00:00<00:03,  6.66it/s]
accuracy: 0.9512, accuracy3: 0.9606, loss: 2.3024, reg_loss: 0.0000 ||:   9%|8         | 2/23 [00:00<00:02,  7.29it/s]
accuracy: 0.9487, accuracy3: 0.9589, loss: 2.2886, reg_loss: 0.0000 ||:  13%|#3        | 3/23 [00:00<00:02,  7.43it/s]
accuracy: 0.9461, accuracy3: 0.9566, loss: 2.2640, reg_loss: 0.0000 ||:  22%|##1       | 5/23 [00:00<00:02,  8.08it/s]
accuracy: 0.9453, accuracy3: 0.9563, loss: 2.2345, reg_loss: 0.0000 ||:  30%|###       | 7/23 [00:00<00:01,  8.65it/s]
accuracy: 0.9477, accuracy3: 0.9585, loss: 2.2047, reg_loss: 0.0000 ||:  39%|###9      | 9/23 [00:00<00:01,  9.09it/s]
accuracy: 0.9477, accuracy3: 0.9582, loss: 2.1899, reg_loss: 0.0000 ||:  43%|####3     | 10/23 [00:01<00:01,  8.94it/s]
accuracy: 0.9478, accuracy3: 0.9586, loss: 2.1618, reg_loss: 0.0000 ||:  52%|#####2    | 12/23 [00:01<00:01,  9.84it/s]
accuracy: 0.9473, accuracy3: 0.9581, loss: 2.1486, reg_loss: 0.0000 ||:  57%|#####6    | 13/23 [00:01<00:01,  8.69it/s]
accuracy: 0.9476, accuracy3: 0.9584, loss: 2.1325, reg_loss: 0.0000 ||:  61%|######    | 14/23 [00:01<00:01,  8.57it/s]
accuracy: 0.9481, accuracy3: 0.9587, loss: 2.1005, reg_loss: 0.0000 ||:  70%|######9   | 16/23 [00:01<00:00,  9.46it/s]
accuracy: 0.9483, accuracy3: 0.9587, loss: 2.0685, reg_loss: 0.0000 ||:  78%|#######8  | 18/23 [00:01<00:00, 10.31it/s]
accuracy: 0.9489, accuracy3: 0.9593, loss: 2.0366, reg_loss: 0.0000 ||:  87%|########6 | 20/23 [00:02<00:00, 10.04it/s]
accuracy: 0.9484, accuracy3: 0.9590, loss: 2.0036, reg_loss: 0.0000 ||:  96%|#########5| 22/23 [00:02<00:00, 10.53it/s]
accuracy: 0.9473, accuracy3: 0.9579, loss: 1.9889, reg_loss: 0.0000 ||: 100%|##########| 23/23 [00:02<00:00,  9.86it/s]

  0%|          | 0/8 [00:00<?, ?it/s]
accuracy: 0.9462, accuracy3: 0.9546, loss: 1.6090, reg_loss: 0.0000 ||: 100%|##########| 8/8 [00:00<00:00, 75.18it/s]

  0%|          | 0/23 [00:00<?, ?it/s]
accuracy: 0.9394, accuracy3: 0.9516, loss: 1.6014, reg_loss: 0.0000 ||:   4%|4         | 1/23 [00:00<00:03,  6.58it/s]
accuracy: 0.9417, accuracy3: 0.9553, loss: 1.5570, reg_loss: 0.0000 ||:  13%|#3        | 3/23 [00:00<00:02,  7.25it/s]
accuracy: 0.9422, accuracy3: 0.9551, loss: 1.5370, reg_loss: 0.0000 ||:  17%|#7        | 4/23 [00:00<00:02,  7.75it/s]
accuracy: 0.9436, accuracy3: 0.9562, loss: 1.5127, reg_loss: 0.0000 ||:  22%|##1       | 5/23 [00:00<00:02,  7.92it/s]
accuracy: 0.9413, accuracy3: 0.9539, loss: 1.4983, reg_loss: 0.0000 ||:  26%|##6       | 6/23 [00:00<00:02,  8.14it/s]
accuracy: 0.9477, accuracy3: 0.9593, loss: 1.4515, reg_loss: 0.0000 ||:  35%|###4      | 8/23 [00:00<00:01,  8.61it/s]
accuracy: 0.9479, accuracy3: 0.9589, loss: 1.4096, reg_loss: 0.0000 ||:  43%|####3     | 10/23 [00:01<00:01,  9.29it/s]
accuracy: 0.9484, accuracy3: 0.9593, loss: 1.3673, reg_loss: 0.0000 ||:  52%|#####2    | 12/23 [00:01<00:01,  9.47it/s]
accuracy: 0.9474, accuracy3: 0.9587, loss: 1.3502, reg_loss: 0.0000 ||:  57%|#####6    | 13/23 [00:01<00:01,  9.62it/s]
accuracy: 0.9469, accuracy3: 0.9581, loss: 1.3155, reg_loss: 0.0000 ||:  65%|######5   | 15/23 [00:01<00:00, 10.56it/s]
accuracy: 0.9465, accuracy3: 0.9579, loss: 1.2820, reg_loss: 0.0000 ||:  74%|#######3  | 17/23 [00:01<00:00,  9.87it/s]
accuracy: 0.9464, accuracy3: 0.9574, loss: 1.2455, reg_loss: 0.0000 ||:  83%|########2 | 19/23 [00:02<00:00,  9.27it/s]
accuracy: 0.9469, accuracy3: 0.9577, loss: 1.2110, reg_loss: 0.0000 ||:  91%|#########1| 21/23 [00:02<00:00, 10.60it/s]
accuracy: 0.9473, accuracy3: 0.9579, loss: 1.1755, reg_loss: 0.0000 ||: 100%|##########| 23/23 [00:02<00:00, 11.01it/s]

  0%|          | 0/8 [00:00<?, ?it/s]
accuracy: 0.9462, accuracy3: 0.9530, loss: 0.7979, reg_loss: 0.0000 ||: 100%|##########| 8/8 [00:00<00:00, 75.26it/s]

  0%|          | 0/23 [00:00<?, ?it/s]
accuracy: 0.9374, accuracy3: 0.9474, loss: 0.7800, reg_loss: 0.0000 ||:   4%|4         | 1/23 [00:00<00:02,  8.27it/s]
accuracy: 0.9446, accuracy3: 0.9561, loss: 0.7370, reg_loss: 0.0000 ||:  13%|#3        | 3/23 [00:00<00:02,  8.27it/s]
accuracy: 0.9529, accuracy3: 0.9626, loss: 0.7129, reg_loss: 0.0000 ||:  17%|#7        | 4/23 [00:00<00:02,  8.56it/s]
accuracy: 0.9481, accuracy3: 0.9589, loss: 0.7134, reg_loss: 0.0000 ||:  22%|##1       | 5/23 [00:00<00:02,  8.61it/s]
accuracy: 0.9456, accuracy3: 0.9581, loss: 0.6959, reg_loss: 0.0000 ||:  30%|###       | 7/23 [00:00<00:01,  8.87it/s]
accuracy: 0.9453, accuracy3: 0.9578, loss: 0.6838, reg_loss: 0.0000 ||:  35%|###4      | 8/23 [00:00<00:01,  8.41it/s]
accuracy: 0.9458, accuracy3: 0.9580, loss: 0.6532, reg_loss: 0.0000 ||:  43%|####3     | 10/23 [00:01<00:01,  9.32it/s]
accuracy: 0.9462, accuracy3: 0.9584, loss: 0.6410, reg_loss: 0.0000 ||:  48%|####7     | 11/23 [00:01<00:01,  9.00it/s]
accuracy: 0.9462, accuracy3: 0.9584, loss: 0.6312, reg_loss: 0.0000 ||:  52%|#####2    | 12/23 [00:01<00:01,  9.06it/s]
accuracy: 0.9463, accuracy3: 0.9579, loss: 0.6220, reg_loss: 0.0000 ||:  57%|#####6    | 13/23 [00:01<00:01,  8.89it/s]
accuracy: 0.9463, accuracy3: 0.9577, loss: 0.6047, reg_loss: 0.0000 ||:  65%|######5   | 15/23 [00:01<00:00,  9.20it/s]
accuracy: 0.9474, accuracy3: 0.9586, loss: 0.5941, reg_loss: 0.0000 ||:  70%|######9   | 16/23 [00:01<00:00,  9.36it/s]
accuracy: 0.9488, accuracy3: 0.9596, loss: 0.5759, reg_loss: 0.0000 ||:  78%|#######8  | 18/23 [00:01<00:00, 10.22it/s]
accuracy: 0.9480, accuracy3: 0.9590, loss: 0.5647, reg_loss: 0.0000 ||:  87%|########6 | 20/23 [00:02<00:00,  9.97it/s]
accuracy: 0.9474, accuracy3: 0.9586, loss: 0.5527, reg_loss: 0.0000 ||:  96%|#########5| 22/23 [00:02<00:00, 10.06it/s]
accuracy: 0.9473, accuracy3: 0.9585, loss: 0.5477, reg_loss: 0.0000 ||: 100%|##########| 23/23 [00:02<00:00,  9.88it/s]

  0%|          | 0/8 [00:00<?, ?it/s]
accuracy: 0.9439, accuracy3: 0.9531, loss: 0.4444, reg_loss: 0.0000 ||:  88%|########7 | 7/8 [00:00<00:00, 69.74it/s]
accuracy: 0.9462, accuracy3: 0.9550, loss: 0.4302, reg_loss: 0.0000 ||: 100%|##########| 8/8 [00:00<00:00, 75.64it/s]

  0%|          | 0/23 [00:00<?, ?it/s]
accuracy: 0.9654, accuracy3: 0.9752, loss: 0.3297, reg_loss: 0.0000 ||:   4%|4         | 1/23 [00:00<00:02,  8.96it/s]
accuracy: 0.9488, accuracy3: 0.9623, loss: 0.4283, reg_loss: 0.0000 ||:   9%|8         | 2/23 [00:00<00:02,  8.51it/s]
accuracy: 0.9482, accuracy3: 0.9622, loss: 0.4168, reg_loss: 0.0000 ||:  13%|#3        | 3/23 [00:00<00:02,  8.71it/s]
accuracy: 0.9530, accuracy3: 0.9666, loss: 0.3793, reg_loss: 0.0000 ||:  22%|##1       | 5/23 [00:00<00:01,  9.11it/s]
accuracy: 0.9526, accuracy3: 0.9663, loss: 0.3775, reg_loss: 0.0000 ||:  26%|##6       | 6/23 [00:00<00:01,  8.77it/s]
accuracy: 0.9510, accuracy3: 0.9648, loss: 0.3779, reg_loss: 0.0000 ||:  30%|###       | 7/23 [00:00<00:01,  8.45it/s]
accuracy: 0.9503, accuracy3: 0.9650, loss: 0.3776, reg_loss: 0.0000 ||:  39%|###9      | 9/23 [00:00<00:01,  8.97it/s]
accuracy: 0.9494, accuracy3: 0.9638, loss: 0.3730, reg_loss: 0.0000 ||:  48%|####7     | 11/23 [00:01<00:01,  9.68it/s]
accuracy: 0.9502, accuracy3: 0.9645, loss: 0.3670, reg_loss: 0.0000 ||:  61%|######    | 14/23 [00:01<00:00, 10.70it/s]
accuracy: 0.9485, accuracy3: 0.9635, loss: 0.3691, reg_loss: 0.0000 ||:  70%|######9   | 16/23 [00:01<00:00, 11.32it/s]
accuracy: 0.9489, accuracy3: 0.9641, loss: 0.3631, reg_loss: 0.0000 ||:  78%|#######8  | 18/23 [00:01<00:00, 10.73it/s]
accuracy: 0.9482, accuracy3: 0.9632, loss: 0.3631, reg_loss: 0.0000 ||:  87%|########6 | 20/23 [00:01<00:00, 10.24it/s]
accuracy: 0.9472, accuracy3: 0.9621, loss: 0.3664, reg_loss: 0.0000 ||:  96%|#########5| 22/23 [00:02<00:00,  9.29it/s]
accuracy: 0.9473, accuracy3: 0.9622, loss: 0.3610, reg_loss: 0.0000 ||: 100%|##########| 23/23 [00:02<00:00,  9.98it/s]

  0%|          | 0/8 [00:00<?, ?it/s]
accuracy: 0.9439, accuracy3: 0.9586, loss: 0.3814, reg_loss: 0.0000 ||:  88%|########7 | 7/8 [00:00<00:00, 69.80it/s]
accuracy: 0.9462, accuracy3: 0.9606, loss: 0.3641, reg_loss: 0.0000 ||: 100%|##########| 8/8 [00:00<00:00, 75.71it/s]

  0%|          | 0/23 [00:00<?, ?it/s]
accuracy: 0.9549, accuracy3: 0.9706, loss: 0.2847, reg_loss: 0.0000 ||:   9%|8         | 2/23 [00:00<00:02, 10.28it/s]
accuracy: 0.9571, accuracy3: 0.9705, loss: 0.2723, reg_loss: 0.0000 ||:  17%|#7        | 4/23 [00:00<00:01, 10.24it/s]
accuracy: 0.9524, accuracy3: 0.9687, loss: 0.2933, reg_loss: 0.0000 ||:  26%|##6       | 6/23 [00:00<00:01, 10.46it/s]
accuracy: 0.9495, accuracy3: 0.9661, loss: 0.3151, reg_loss: 0.0000 ||:  35%|###4      | 8/23 [00:00<00:01,  9.85it/s]
accuracy: 0.9496, accuracy3: 0.9659, loss: 0.3149, reg_loss: 0.0000 ||:  39%|###9      | 9/23 [00:00<00:01,  9.21it/s]
accuracy: 0.9462, accuracy3: 0.9634, loss: 0.3293, reg_loss: 0.0000 ||:  48%|####7     | 11/23 [00:01<00:01,  9.39it/s]
accuracy: 0.9462, accuracy3: 0.9635, loss: 0.3317, reg_loss: 0.0000 ||:  57%|#####6    | 13/23 [00:01<00:00, 10.28it/s]
accuracy: 0.9460, accuracy3: 0.9634, loss: 0.3313, reg_loss: 0.0000 ||:  61%|######    | 14/23 [00:01<00:00,  9.34it/s]
accuracy: 0.9462, accuracy3: 0.9638, loss: 0.3287, reg_loss: 0.0000 ||:  65%|######5   | 15/23 [00:01<00:00,  8.95it/s]
accuracy: 0.9457, accuracy3: 0.9636, loss: 0.3303, reg_loss: 0.0000 ||:  70%|######9   | 16/23 [00:01<00:00,  9.20it/s]
accuracy: 0.9452, accuracy3: 0.9637, loss: 0.3318, reg_loss: 0.0000 ||:  78%|#######8  | 18/23 [00:01<00:00,  9.37it/s]
accuracy: 0.9450, accuracy3: 0.9635, loss: 0.3331, reg_loss: 0.0000 ||:  83%|########2 | 19/23 [00:01<00:00,  8.39it/s]
accuracy: 0.9466, accuracy3: 0.9648, loss: 0.3228, reg_loss: 0.0000 ||:  91%|#########1| 21/23 [00:02<00:00,  8.78it/s]
accuracy: 0.9473, accuracy3: 0.9654, loss: 0.3191, reg_loss: 0.0000 ||: 100%|##########| 23/23 [00:02<00:00, 10.10it/s]

  0%|          | 0/8 [00:00<?, ?it/s]
accuracy: 0.9462, accuracy3: 0.9652, loss: 0.3422, reg_loss: 0.0000 ||: 100%|##########| 8/8 [00:00<00:00, 75.50it/s]

  0%|          | 0/23 [00:00<?, ?it/s]
accuracy: 0.9522, accuracy3: 0.9719, loss: 0.2791, reg_loss: 0.0000 ||:   4%|4         | 1/23 [00:00<00:02,  7.91it/s]
accuracy: 0.9527, accuracy3: 0.9696, loss: 0.2744, reg_loss: 0.0000 ||:   9%|8         | 2/23 [00:00<00:02,  8.41it/s]
accuracy: 0.9580, accuracy3: 0.9742, loss: 0.2563, reg_loss: 0.0000 ||:  13%|#3        | 3/23 [00:00<00:02,  8.68it/s]
accuracy: 0.9507, accuracy3: 0.9698, loss: 0.3045, reg_loss: 0.0000 ||:  17%|#7        | 4/23 [00:00<00:02,  8.31it/s]
accuracy: 0.9511, accuracy3: 0.9714, loss: 0.3038, reg_loss: 0.0000 ||:  26%|##6       | 6/23 [00:00<00:01,  9.62it/s]
accuracy: 0.9507, accuracy3: 0.9708, loss: 0.3052, reg_loss: 0.0000 ||:  30%|###       | 7/23 [00:00<00:01,  9.27it/s]
accuracy: 0.9519, accuracy3: 0.9714, loss: 0.2971, reg_loss: 0.0000 ||:  35%|###4      | 8/23 [00:00<00:01,  9.38it/s]
accuracy: 0.9502, accuracy3: 0.9699, loss: 0.3011, reg_loss: 0.0000 ||:  39%|###9      | 9/23 [00:00<00:01,  9.56it/s]
accuracy: 0.9484, accuracy3: 0.9688, loss: 0.3075, reg_loss: 0.0000 ||:  43%|####3     | 10/23 [00:01<00:01,  9.24it/s]
accuracy: 0.9478, accuracy3: 0.9685, loss: 0.3104, reg_loss: 0.0000 ||:  48%|####7     | 11/23 [00:01<00:01,  8.32it/s]
accuracy: 0.9495, accuracy3: 0.9694, loss: 0.2982, reg_loss: 0.0000 ||:  57%|#####6    | 13/23 [00:01<00:01,  9.30it/s]
accuracy: 0.9503, accuracy3: 0.9699, loss: 0.2880, reg_loss: 0.0000 ||:  65%|######5   | 15/23 [00:01<00:00,  9.83it/s]
accuracy: 0.9489, accuracy3: 0.9688, loss: 0.2918, reg_loss: 0.0000 ||:  74%|#######3  | 17/23 [00:01<00:00, 10.57it/s]
accuracy: 0.9474, accuracy3: 0.9677, loss: 0.2957, reg_loss: 0.0000 ||:  83%|########2 | 19/23 [00:01<00:00, 10.11it/s]
accuracy: 0.9476, accuracy3: 0.9675, loss: 0.2952, reg_loss: 0.0000 ||:  91%|#########1| 21/23 [00:02<00:00,  9.58it/s]
accuracy: 0.9473, accuracy3: 0.9675, loss: 0.2959, reg_loss: 0.0000 ||: 100%|##########| 23/23 [00:02<00:00,  9.66it/s]

  0%|          | 0/8 [00:00<?, ?it/s]
accuracy: 0.9462, accuracy3: 0.9646, loss: 0.3276, reg_loss: 0.0000 ||: 100%|##########| 8/8 [00:00<00:00, 74.74it/s]

  0%|          | 0/23 [00:00<?, ?it/s]
accuracy: 0.9537, accuracy3: 0.9718, loss: 0.2480, reg_loss: 0.0000 ||:   9%|8         | 2/23 [00:00<00:01, 12.16it/s]
accuracy: 0.9523, accuracy3: 0.9721, loss: 0.2520, reg_loss: 0.0000 ||:  13%|#3        | 3/23 [00:00<00:01, 11.08it/s]
accuracy: 0.9458, accuracy3: 0.9674, loss: 0.2833, reg_loss: 0.0000 ||:  22%|##1       | 5/23 [00:00<00:01, 12.25it/s]
accuracy: 0.9453, accuracy3: 0.9667, loss: 0.2852, reg_loss: 0.0000 ||:  26%|##6       | 6/23 [00:00<00:01, 10.41it/s]
accuracy: 0.9463, accuracy3: 0.9660, loss: 0.2841, reg_loss: 0.0000 ||:  30%|###       | 7/23 [00:00<00:01,  9.55it/s]
accuracy: 0.9442, accuracy3: 0.9658, loss: 0.2923, reg_loss: 0.0000 ||:  35%|###4      | 8/23 [00:00<00:01,  9.29it/s]
accuracy: 0.9434, accuracy3: 0.9653, loss: 0.2944, reg_loss: 0.0000 ||:  39%|###9      | 9/23 [00:00<00:01,  9.46it/s]
accuracy: 0.9431, accuracy3: 0.9652, loss: 0.2967, reg_loss: 0.0000 ||:  43%|####3     | 10/23 [00:01<00:01,  8.45it/s]
accuracy: 0.9450, accuracy3: 0.9660, loss: 0.2910, reg_loss: 0.0000 ||:  52%|#####2    | 12/23 [00:01<00:01,  9.12it/s]
accuracy: 0.9459, accuracy3: 0.9662, loss: 0.2877, reg_loss: 0.0000 ||:  57%|#####6    | 13/23 [00:01<00:01,  9.31it/s]
accuracy: 0.9466, accuracy3: 0.9666, loss: 0.2856, reg_loss: 0.0000 ||:  65%|######5   | 15/23 [00:01<00:00,  9.50it/s]
accuracy: 0.9457, accuracy3: 0.9659, loss: 0.2868, reg_loss: 0.0000 ||:  74%|#######3  | 17/23 [00:01<00:00,  9.48it/s]
accuracy: 0.9466, accuracy3: 0.9672, loss: 0.2792, reg_loss: 0.0000 ||:  83%|########2 | 19/23 [00:01<00:00,  9.75it/s]
accuracy: 0.9466, accuracy3: 0.9670, loss: 0.2795, reg_loss: 0.0000 ||:  87%|########6 | 20/23 [00:02<00:00,  9.58it/s]
accuracy: 0.9479, accuracy3: 0.9680, loss: 0.2754, reg_loss: 0.0000 ||:  91%|#########1| 21/23 [00:02<00:00,  9.48it/s]
accuracy: 0.9473, accuracy3: 0.9678, loss: 0.2784, reg_loss: 0.0000 ||: 100%|##########| 23/23 [00:02<00:00,  9.46it/s]

  0%|          | 0/8 [00:00<?, ?it/s]
accuracy: 0.9462, accuracy3: 0.9645, loss: 0.3171, reg_loss: 0.0000 ||: 100%|##########| 8/8 [00:00<00:00, 74.26it/s]

  0%|          | 0/23 [00:00<?, ?it/s]
accuracy: 0.9319, accuracy3: 0.9594, loss: 0.3353, reg_loss: 0.0000 ||:   4%|4         | 1/23 [00:00<00:02,  8.52it/s]
accuracy: 0.9350, accuracy3: 0.9608, loss: 0.3216, reg_loss: 0.0000 ||:   9%|8         | 2/23 [00:00<00:02,  7.89it/s]
accuracy: 0.9456, accuracy3: 0.9668, loss: 0.2620, reg_loss: 0.0000 ||:  17%|#7        | 4/23 [00:00<00:02,  8.93it/s]
accuracy: 0.9436, accuracy3: 0.9650, loss: 0.2692, reg_loss: 0.0000 ||:  22%|##1       | 5/23 [00:00<00:01,  9.22it/s]
accuracy: 0.9449, accuracy3: 0.9658, loss: 0.2645, reg_loss: 0.0000 ||:  26%|##6       | 6/23 [00:00<00:01,  9.19it/s]
accuracy: 0.9470, accuracy3: 0.9677, loss: 0.2570, reg_loss: 0.0000 ||:  35%|###4      | 8/23 [00:00<00:01, 10.15it/s]
accuracy: 0.9475, accuracy3: 0.9671, loss: 0.2576, reg_loss: 0.0000 ||:  39%|###9      | 9/23 [00:00<00:01,  9.40it/s]
accuracy: 0.9447, accuracy3: 0.9659, loss: 0.2743, reg_loss: 0.0000 ||:  48%|####7     | 11/23 [00:01<00:01, 10.07it/s]
accuracy: 0.9441, accuracy3: 0.9647, loss: 0.2723, reg_loss: 0.0000 ||:  57%|#####6    | 13/23 [00:01<00:00, 10.29it/s]
accuracy: 0.9435, accuracy3: 0.9640, loss: 0.2762, reg_loss: 0.0000 ||:  65%|######5   | 15/23 [00:01<00:00, 10.11it/s]
accuracy: 0.9459, accuracy3: 0.9661, loss: 0.2694, reg_loss: 0.0000 ||:  74%|#######3  | 17/23 [00:01<00:00, 10.06it/s]
accuracy: 0.9470, accuracy3: 0.9667, loss: 0.2670, reg_loss: 0.0000 ||:  83%|########2 | 19/23 [00:01<00:00,  9.92it/s]
accuracy: 0.9472, accuracy3: 0.9669, loss: 0.2657, reg_loss: 0.0000 ||:  87%|########6 | 20/23 [00:01<00:00,  9.18it/s]
accuracy: 0.9470, accuracy3: 0.9668, loss: 0.2660, reg_loss: 0.0000 ||:  91%|#########1| 21/23 [00:02<00:00,  8.56it/s]
accuracy: 0.9473, accuracy3: 0.9668, loss: 0.2646, reg_loss: 0.0000 ||:  96%|#########5| 22/23 [00:02<00:00,  8.89it/s]
accuracy: 0.9473, accuracy3: 0.9668, loss: 0.2646, reg_loss: 0.0000 ||: 100%|##########| 23/23 [00:02<00:00,  9.00it/s]

  0%|          | 0/8 [00:00<?, ?it/s]
accuracy: 0.9462, accuracy3: 0.9642, loss: 0.3092, reg_loss: 0.0000 ||: 100%|##########| 8/8 [00:00<00:00, 75.13it/s]

  0%|          | 0/23 [00:00<?, ?it/s]
accuracy: 0.9469, accuracy3: 0.9686, loss: 0.2560, reg_loss: 0.0000 ||:   4%|4         | 1/23 [00:00<00:02,  9.38it/s]
accuracy: 0.9480, accuracy3: 0.9671, loss: 0.2533, reg_loss: 0.0000 ||:  13%|#3        | 3/23 [00:00<00:02,  9.86it/s]
accuracy: 0.9447, accuracy3: 0.9642, loss: 0.2485, reg_loss: 0.0000 ||:  22%|##1       | 5/23 [00:00<00:01, 10.17it/s]
accuracy: 0.9420, accuracy3: 0.9634, loss: 0.2601, reg_loss: 0.0000 ||:  26%|##6       | 6/23 [00:00<00:01,  9.71it/s]
accuracy: 0.9423, accuracy3: 0.9637, loss: 0.2607, reg_loss: 0.0000 ||:  30%|###       | 7/23 [00:00<00:01,  9.01it/s]
accuracy: 0.9431, accuracy3: 0.9637, loss: 0.2620, reg_loss: 0.0000 ||:  35%|###4      | 8/23 [00:00<00:01,  8.87it/s]
accuracy: 0.9434, accuracy3: 0.9637, loss: 0.2614, reg_loss: 0.0000 ||:  43%|####3     | 10/23 [00:00<00:01,  9.88it/s]
accuracy: 0.9432, accuracy3: 0.9638, loss: 0.2641, reg_loss: 0.0000 ||:  48%|####7     | 11/23 [00:01<00:01,  8.69it/s]
accuracy: 0.9450, accuracy3: 0.9650, loss: 0.2586, reg_loss: 0.0000 ||:  52%|#####2    | 12/23 [00:01<00:01,  8.94it/s]
accuracy: 0.9468, accuracy3: 0.9663, loss: 0.2535, reg_loss: 0.0000 ||:  61%|######    | 14/23 [00:01<00:00,  9.25it/s]
accuracy: 0.9453, accuracy3: 0.9655, loss: 0.2620, reg_loss: 0.0000 ||:  65%|######5   | 15/23 [00:01<00:00,  8.71it/s]
accuracy: 0.9470, accuracy3: 0.9668, loss: 0.2566, reg_loss: 0.0000 ||:  70%|######9   | 16/23 [00:01<00:00,  8.87it/s]
accuracy: 0.9478, accuracy3: 0.9669, loss: 0.2524, reg_loss: 0.0000 ||:  78%|#######8  | 18/23 [00:01<00:00,  8.93it/s]
accuracy: 0.9479, accuracy3: 0.9671, loss: 0.2510, reg_loss: 0.0000 ||:  83%|########2 | 19/23 [00:01<00:00,  9.01it/s]
accuracy: 0.9479, accuracy3: 0.9673, loss: 0.2517, reg_loss: 0.0000 ||:  91%|#########1| 21/23 [00:02<00:00,  9.87it/s]
accuracy: 0.9473, accuracy3: 0.9668, loss: 0.2531, reg_loss: 0.0000 ||: 100%|##########| 23/23 [00:02<00:00,  9.75it/s]

  0%|          | 0/8 [00:00<?, ?it/s]
accuracy: 0.9462, accuracy3: 0.9643, loss: 0.3032, reg_loss: 0.0000 ||: 100%|##########| 8/8 [00:00<00:00, 74.58it/s]

  0%|          | 0/23 [00:00<?, ?it/s]
accuracy: 0.9331, accuracy3: 0.9600, loss: 0.3070, reg_loss: 0.0000 ||:   4%|4         | 1/23 [00:00<00:02,  8.38it/s]
accuracy: 0.9255, accuracy3: 0.9547, loss: 0.3380, reg_loss: 0.0000 ||:   9%|8         | 2/23 [00:00<00:02,  8.15it/s]
accuracy: 0.9390, accuracy3: 0.9639, loss: 0.2901, reg_loss: 0.0000 ||:  22%|##1       | 5/23 [00:00<00:01,  9.08it/s]
accuracy: 0.9388, accuracy3: 0.9620, loss: 0.2851, reg_loss: 0.0000 ||:  30%|###       | 7/23 [00:00<00:01,  9.80it/s]
accuracy: 0.9420, accuracy3: 0.9637, loss: 0.2667, reg_loss: 0.0000 ||:  39%|###9      | 9/23 [00:00<00:01,  9.49it/s]
accuracy: 0.9444, accuracy3: 0.9662, loss: 0.2610, reg_loss: 0.0000 ||:  43%|####3     | 10/23 [00:00<00:01,  9.59it/s]
accuracy: 0.9445, accuracy3: 0.9660, loss: 0.2607, reg_loss: 0.0000 ||:  48%|####7     | 11/23 [00:01<00:01,  8.79it/s]
accuracy: 0.9445, accuracy3: 0.9659, loss: 0.2599, reg_loss: 0.0000 ||:  52%|#####2    | 12/23 [00:01<00:01,  8.72it/s]
accuracy: 0.9448, accuracy3: 0.9659, loss: 0.2602, reg_loss: 0.0000 ||:  57%|#####6    | 13/23 [00:01<00:01,  8.55it/s]
accuracy: 0.9453, accuracy3: 0.9663, loss: 0.2573, reg_loss: 0.0000 ||:  65%|######5   | 15/23 [00:01<00:00,  9.21it/s]
accuracy: 0.9448, accuracy3: 0.9658, loss: 0.2583, reg_loss: 0.0000 ||:  70%|######9   | 16/23 [00:01<00:00,  9.42it/s]
accuracy: 0.9443, accuracy3: 0.9655, loss: 0.2553, reg_loss: 0.0000 ||:  78%|#######8  | 18/23 [00:01<00:00,  9.85it/s]
accuracy: 0.9461, accuracy3: 0.9667, loss: 0.2507, reg_loss: 0.0000 ||:  83%|########2 | 19/23 [00:01<00:00,  9.67it/s]
accuracy: 0.9463, accuracy3: 0.9670, loss: 0.2489, reg_loss: 0.0000 ||:  87%|########6 | 20/23 [00:02<00:00,  9.52it/s]
accuracy: 0.9472, accuracy3: 0.9675, loss: 0.2459, reg_loss: 0.0000 ||:  91%|#########1| 21/23 [00:02<00:00,  9.52it/s]
accuracy: 0.9474, accuracy3: 0.9673, loss: 0.2458, reg_loss: 0.0000 ||:  96%|#########5| 22/23 [00:02<00:00,  9.03it/s]
accuracy: 0.9477, accuracy3: 0.9673, loss: 0.2446, reg_loss: 0.0000 ||: 100%|##########| 23/23 [00:02<00:00,  9.26it/s]

  0%|          | 0/8 [00:00<?, ?it/s]
accuracy: 0.9470, accuracy3: 0.9640, loss: 0.2986, reg_loss: 0.0000 ||: 100%|##########| 8/8 [00:00<00:00, 74.58it/s]

  0%|          | 0/23 [00:00<?, ?it/s]
accuracy: 0.9457, accuracy3: 0.9636, loss: 0.2539, reg_loss: 0.0000 ||:   4%|4         | 1/23 [00:00<00:02,  7.53it/s]
accuracy: 0.9526, accuracy3: 0.9686, loss: 0.2206, reg_loss: 0.0000 ||:   9%|8         | 2/23 [00:00<00:02,  8.03it/s]
accuracy: 0.9447, accuracy3: 0.9643, loss: 0.2666, reg_loss: 0.0000 ||:  13%|#3        | 3/23 [00:00<00:02,  7.91it/s]
accuracy: 0.9471, accuracy3: 0.9654, loss: 0.2536, reg_loss: 0.0000 ||:  17%|#7        | 4/23 [00:00<00:02,  8.41it/s]
accuracy: 0.9525, accuracy3: 0.9698, loss: 0.2262, reg_loss: 0.0000 ||:  26%|##6       | 6/23 [00:00<00:01,  8.94it/s]
accuracy: 0.9520, accuracy3: 0.9692, loss: 0.2302, reg_loss: 0.0000 ||:  30%|###       | 7/23 [00:00<00:01,  8.81it/s]
accuracy: 0.9510, accuracy3: 0.9686, loss: 0.2285, reg_loss: 0.0000 ||:  39%|###9      | 9/23 [00:00<00:01,  9.20it/s]
accuracy: 0.9518, accuracy3: 0.9700, loss: 0.2203, reg_loss: 0.0000 ||:  48%|####7     | 11/23 [00:01<00:01,  9.57it/s]
accuracy: 0.9503, accuracy3: 0.9692, loss: 0.2264, reg_loss: 0.0000 ||:  52%|#####2    | 12/23 [00:01<00:01,  9.31it/s]
accuracy: 0.9504, accuracy3: 0.9691, loss: 0.2252, reg_loss: 0.0000 ||:  57%|#####6    | 13/23 [00:01<00:01,  8.95it/s]
accuracy: 0.9504, accuracy3: 0.9695, loss: 0.2237, reg_loss: 0.0000 ||:  61%|######    | 14/23 [00:01<00:00,  9.03it/s]
accuracy: 0.9494, accuracy3: 0.9689, loss: 0.2306, reg_loss: 0.0000 ||:  70%|######9   | 16/23 [00:01<00:00, 10.32it/s]
accuracy: 0.9479, accuracy3: 0.9675, loss: 0.2362, reg_loss: 0.0000 ||:  78%|#######8  | 18/23 [00:01<00:00,  9.70it/s]
accuracy: 0.9480, accuracy3: 0.9672, loss: 0.2361, reg_loss: 0.0000 ||:  87%|########6 | 20/23 [00:02<00:00,  9.32it/s]
accuracy: 0.9473, accuracy3: 0.9666, loss: 0.2383, reg_loss: 0.0000 ||:  96%|#########5| 22/23 [00:02<00:00, 10.14it/s]
accuracy: 0.9480, accuracy3: 0.9671, loss: 0.2363, reg_loss: 0.0000 ||: 100%|##########| 23/23 [00:02<00:00,  9.90it/s]

  0%|          | 0/8 [00:00<?, ?it/s]
accuracy: 0.9470, accuracy3: 0.9641, loss: 0.2949, reg_loss: 0.0000 ||: 100%|##########| 8/8 [00:00<00:00, 75.15it/s]

  0%|          | 0/23 [00:00<?, ?it/s]
accuracy: 0.9442, accuracy3: 0.9636, loss: 0.2463, reg_loss: 0.0000 ||:   9%|8         | 2/23 [00:00<00:02,  9.76it/s]
accuracy: 0.9444, accuracy3: 0.9637, loss: 0.2419, reg_loss: 0.0000 ||:  13%|#3        | 3/23 [00:00<00:02,  9.58it/s]
accuracy: 0.9503, accuracy3: 0.9697, loss: 0.2192, reg_loss: 0.0000 ||:  22%|##1       | 5/23 [00:00<00:01,  9.99it/s]
accuracy: 0.9502, accuracy3: 0.9690, loss: 0.2250, reg_loss: 0.0000 ||:  26%|##6       | 6/23 [00:00<00:01,  9.49it/s]
accuracy: 0.9523, accuracy3: 0.9702, loss: 0.2100, reg_loss: 0.0000 ||:  35%|###4      | 8/23 [00:00<00:01,  9.67it/s]
accuracy: 0.9524, accuracy3: 0.9701, loss: 0.2095, reg_loss: 0.0000 ||:  39%|###9      | 9/23 [00:00<00:01,  9.19it/s]
accuracy: 0.9525, accuracy3: 0.9698, loss: 0.2092, reg_loss: 0.0000 ||:  43%|####3     | 10/23 [00:01<00:01,  9.38it/s]
accuracy: 0.9500, accuracy3: 0.9683, loss: 0.2215, reg_loss: 0.0000 ||:  48%|####7     | 11/23 [00:01<00:01,  8.79it/s]
accuracy: 0.9496, accuracy3: 0.9679, loss: 0.2237, reg_loss: 0.0000 ||:  57%|#####6    | 13/23 [00:01<00:01,  9.16it/s]
accuracy: 0.9514, accuracy3: 0.9691, loss: 0.2189, reg_loss: 0.0000 ||:  61%|######    | 14/23 [00:01<00:00,  9.14it/s]
accuracy: 0.9519, accuracy3: 0.9690, loss: 0.2161, reg_loss: 0.0000 ||:  70%|######9   | 16/23 [00:01<00:00,  9.13it/s]
accuracy: 0.9514, accuracy3: 0.9687, loss: 0.2189, reg_loss: 0.0000 ||:  74%|#######3  | 17/23 [00:01<00:00,  8.26it/s]
accuracy: 0.9496, accuracy3: 0.9673, loss: 0.2247, reg_loss: 0.0000 ||:  83%|########2 | 19/23 [00:02<00:00,  8.91it/s]
accuracy: 0.9487, accuracy3: 0.9667, loss: 0.2277, reg_loss: 0.0000 ||:  87%|########6 | 20/23 [00:02<00:00,  8.86it/s]
accuracy: 0.9481, accuracy3: 0.9663, loss: 0.2290, reg_loss: 0.0000 ||:  91%|#########1| 21/23 [00:02<00:00,  9.15it/s]
accuracy: 0.9487, accuracy3: 0.9668, loss: 0.2291, reg_loss: 0.0000 ||: 100%|##########| 23/23 [00:02<00:00,  9.87it/s]

  0%|          | 0/8 [00:00<?, ?it/s]
accuracy: 0.9477, accuracy3: 0.9641, loss: 0.2921, reg_loss: 0.0000 ||: 100%|##########| 8/8 [00:00<00:00, 74.95it/s]

  0%|          | 0/23 [00:00<?, ?it/s]
accuracy: 0.9486, accuracy3: 0.9701, loss: 0.2235, reg_loss: 0.0000 ||:   9%|8         | 2/23 [00:00<00:02,  9.96it/s]
accuracy: 0.9549, accuracy3: 0.9737, loss: 0.1995, reg_loss: 0.0000 ||:  13%|#3        | 3/23 [00:00<00:02,  9.73it/s]
accuracy: 0.9512, accuracy3: 0.9701, loss: 0.2210, reg_loss: 0.0000 ||:  22%|##1       | 5/23 [00:00<00:01,  9.45it/s]
accuracy: 0.9487, accuracy3: 0.9687, loss: 0.2310, reg_loss: 0.0000 ||:  26%|##6       | 6/23 [00:00<00:01,  9.23it/s]
accuracy: 0.9461, accuracy3: 0.9662, loss: 0.2400, reg_loss: 0.0000 ||:  35%|###4      | 8/23 [00:00<00:01,  8.99it/s]
accuracy: 0.9461, accuracy3: 0.9661, loss: 0.2383, reg_loss: 0.0000 ||:  39%|###9      | 9/23 [00:00<00:01,  9.05it/s]
accuracy: 0.9466, accuracy3: 0.9661, loss: 0.2370, reg_loss: 0.0000 ||:  43%|####3     | 10/23 [00:01<00:01,  8.67it/s]
accuracy: 0.9470, accuracy3: 0.9662, loss: 0.2334, reg_loss: 0.0000 ||:  48%|####7     | 11/23 [00:01<00:01,  8.55it/s]
accuracy: 0.9482, accuracy3: 0.9673, loss: 0.2218, reg_loss: 0.0000 ||:  57%|#####6    | 13/23 [00:01<00:01,  9.22it/s]
accuracy: 0.9499, accuracy3: 0.9683, loss: 0.2154, reg_loss: 0.0000 ||:  65%|######5   | 15/23 [00:01<00:00, 10.08it/s]
accuracy: 0.9499, accuracy3: 0.9687, loss: 0.2168, reg_loss: 0.0000 ||:  74%|#######3  | 17/23 [00:01<00:00, 10.98it/s]
accuracy: 0.9506, accuracy3: 0.9691, loss: 0.2145, reg_loss: 0.0000 ||:  83%|########2 | 19/23 [00:01<00:00, 11.18it/s]
accuracy: 0.9498, accuracy3: 0.9683, loss: 0.2189, reg_loss: 0.0000 ||:  91%|#########1| 21/23 [00:02<00:00, 10.66it/s]
accuracy: 0.9490, accuracy3: 0.9677, loss: 0.2231, reg_loss: 0.0000 ||: 100%|##########| 23/23 [00:02<00:00,  9.94it/s]

  0%|          | 0/8 [00:00<?, ?it/s]
accuracy: 0.9479, accuracy3: 0.9648, loss: 0.2899, reg_loss: 0.0000 ||: 100%|##########| 8/8 [00:00<00:00, 74.88it/s]

  0%|          | 0/23 [00:00<?, ?it/s]
accuracy: 0.9489, accuracy3: 0.9658, loss: 0.2351, reg_loss: 0.0000 ||:   4%|4         | 1/23 [00:00<00:02,  7.39it/s]
accuracy: 0.9442, accuracy3: 0.9638, loss: 0.2414, reg_loss: 0.0000 ||:   9%|8         | 2/23 [00:00<00:02,  8.00it/s]
accuracy: 0.9423, accuracy3: 0.9634, loss: 0.2558, reg_loss: 0.0000 ||:  17%|#7        | 4/23 [00:00<00:02,  9.44it/s]
accuracy: 0.9442, accuracy3: 0.9638, loss: 0.2484, reg_loss: 0.0000 ||:  22%|##1       | 5/23 [00:00<00:02,  8.95it/s]
accuracy: 0.9462, accuracy3: 0.9649, loss: 0.2398, reg_loss: 0.0000 ||:  30%|###       | 7/23 [00:00<00:01,  9.34it/s]
accuracy: 0.9484, accuracy3: 0.9665, loss: 0.2334, reg_loss: 0.0000 ||:  39%|###9      | 9/23 [00:00<00:01,  9.84it/s]
accuracy: 0.9510, accuracy3: 0.9683, loss: 0.2247, reg_loss: 0.0000 ||:  43%|####3     | 10/23 [00:00<00:01,  9.68it/s]
accuracy: 0.9511, accuracy3: 0.9682, loss: 0.2218, reg_loss: 0.0000 ||:  52%|#####2    | 12/23 [00:01<00:01, 10.26it/s]
accuracy: 0.9505, accuracy3: 0.9678, loss: 0.2241, reg_loss: 0.0000 ||:  61%|######    | 14/23 [00:01<00:00,  9.35it/s]
accuracy: 0.9500, accuracy3: 0.9678, loss: 0.2240, reg_loss: 0.0000 ||:  70%|######9   | 16/23 [00:01<00:00,  9.47it/s]
accuracy: 0.9490, accuracy3: 0.9673, loss: 0.2269, reg_loss: 0.0000 ||:  74%|#######3  | 17/23 [00:01<00:00,  9.21it/s]
accuracy: 0.9499, accuracy3: 0.9682, loss: 0.2228, reg_loss: 0.0000 ||:  83%|########2 | 19/23 [00:01<00:00,  9.19it/s]
accuracy: 0.9505, accuracy3: 0.9687, loss: 0.2160, reg_loss: 0.0000 ||:  91%|#########1| 21/23 [00:02<00:00,  9.74it/s]
accuracy: 0.9494, accuracy3: 0.9680, loss: 0.2211, reg_loss: 0.0000 ||:  96%|#########5| 22/23 [00:02<00:00,  9.01it/s]
accuracy: 0.9498, accuracy3: 0.9683, loss: 0.2182, reg_loss: 0.0000 ||: 100%|##########| 23/23 [00:02<00:00,  9.88it/s]

  0%|          | 0/8 [00:00<?, ?it/s]
accuracy: 0.9478, accuracy3: 0.9648, loss: 0.2879, reg_loss: 0.0000 ||: 100%|##########| 8/8 [00:00<00:00, 74.73it/s]

  0%|          | 0/23 [00:00<?, ?it/s]
accuracy: 0.9518, accuracy3: 0.9660, loss: 0.2165, reg_loss: 0.0000 ||:   4%|4         | 1/23 [00:00<00:02,  7.75it/s]
accuracy: 0.9536, accuracy3: 0.9686, loss: 0.1954, reg_loss: 0.0000 ||:  13%|#3        | 3/23 [00:00<00:02,  8.72it/s]
accuracy: 0.9539, accuracy3: 0.9723, loss: 0.2045, reg_loss: 0.0000 ||:  22%|##1       | 5/23 [00:00<00:01, 10.01it/s]
accuracy: 0.9541, accuracy3: 0.9720, loss: 0.2071, reg_loss: 0.0000 ||:  30%|###       | 7/23 [00:00<00:01,  9.87it/s]
accuracy: 0.9540, accuracy3: 0.9717, loss: 0.2024, reg_loss: 0.0000 ||:  39%|###9      | 9/23 [00:00<00:01,  9.75it/s]
accuracy: 0.9527, accuracy3: 0.9707, loss: 0.2044, reg_loss: 0.0000 ||:  48%|####7     | 11/23 [00:01<00:01, 10.28it/s]
accuracy: 0.9503, accuracy3: 0.9692, loss: 0.2142, reg_loss: 0.0000 ||:  52%|#####2    | 12/23 [00:01<00:01,  9.32it/s]
accuracy: 0.9487, accuracy3: 0.9684, loss: 0.2183, reg_loss: 0.0000 ||:  57%|#####6    | 13/23 [00:01<00:01,  9.10it/s]
accuracy: 0.9483, accuracy3: 0.9678, loss: 0.2214, reg_loss: 0.0000 ||:  65%|######5   | 15/23 [00:01<00:00,  9.05it/s]
accuracy: 0.9477, accuracy3: 0.9669, loss: 0.2220, reg_loss: 0.0000 ||:  74%|#######3  | 17/23 [00:01<00:00,  9.46it/s]
accuracy: 0.9489, accuracy3: 0.9678, loss: 0.2186, reg_loss: 0.0000 ||:  78%|#######8  | 18/23 [00:01<00:00,  9.48it/s]
accuracy: 0.9505, accuracy3: 0.9688, loss: 0.2146, reg_loss: 0.0000 ||:  83%|########2 | 19/23 [00:01<00:00,  9.42it/s]
accuracy: 0.9506, accuracy3: 0.9689, loss: 0.2130, reg_loss: 0.0000 ||:  87%|########6 | 20/23 [00:02<00:00,  9.04it/s]
accuracy: 0.9500, accuracy3: 0.9685, loss: 0.2143, reg_loss: 0.0000 ||:  91%|#########1| 21/23 [00:02<00:00,  9.30it/s]
accuracy: 0.9501, accuracy3: 0.9687, loss: 0.2128, reg_loss: 0.0000 ||:  96%|#########5| 22/23 [00:02<00:00,  9.26it/s]
accuracy: 0.9501, accuracy3: 0.9687, loss: 0.2128, reg_loss: 0.0000 ||: 100%|##########| 23/23 [00:02<00:00,  9.22it/s]

  0%|          | 0/8 [00:00<?, ?it/s]
accuracy: 0.9478, accuracy3: 0.9650, loss: 0.2864, reg_loss: 0.0000 ||: 100%|##########| 8/8 [00:00<00:00, 74.36it/s]

  0%|          | 0/23 [00:00<?, ?it/s]
accuracy: 0.9548, accuracy3: 0.9682, loss: 0.1915, reg_loss: 0.0000 ||:   4%|4         | 1/23 [00:00<00:02,  9.53it/s]
accuracy: 0.9534, accuracy3: 0.9677, loss: 0.2012, reg_loss: 0.0000 ||:   9%|8         | 2/23 [00:00<00:02,  8.97it/s]
accuracy: 0.9520, accuracy3: 0.9669, loss: 0.2087, reg_loss: 0.0000 ||:  13%|#3        | 3/23 [00:00<00:02,  8.53it/s]
accuracy: 0.9492, accuracy3: 0.9658, loss: 0.2161, reg_loss: 0.0000 ||:  17%|#7        | 4/23 [00:00<00:02,  8.91it/s]
accuracy: 0.9453, accuracy3: 0.9634, loss: 0.2367, reg_loss: 0.0000 ||:  22%|##1       | 5/23 [00:00<00:02,  8.48it/s]
accuracy: 0.9487, accuracy3: 0.9661, loss: 0.2236, reg_loss: 0.0000 ||:  26%|##6       | 6/23 [00:00<00:01,  8.77it/s]
accuracy: 0.9499, accuracy3: 0.9669, loss: 0.2123, reg_loss: 0.0000 ||:  35%|###4      | 8/23 [00:00<00:01,  9.07it/s]
accuracy: 0.9529, accuracy3: 0.9690, loss: 0.2044, reg_loss: 0.0000 ||:  39%|###9      | 9/23 [00:01<00:01,  8.95it/s]
accuracy: 0.9516, accuracy3: 0.9683, loss: 0.2131, reg_loss: 0.0000 ||:  48%|####7     | 11/23 [00:01<00:01, 10.26it/s]
accuracy: 0.9504, accuracy3: 0.9679, loss: 0.2106, reg_loss: 0.0000 ||:  57%|#####6    | 13/23 [00:01<00:00, 10.04it/s]
accuracy: 0.9483, accuracy3: 0.9661, loss: 0.2173, reg_loss: 0.0000 ||:  65%|######5   | 15/23 [00:01<00:00, 10.41it/s]
accuracy: 0.9489, accuracy3: 0.9667, loss: 0.2129, reg_loss: 0.0000 ||:  74%|#######3  | 17/23 [00:01<00:00, 11.15it/s]
accuracy: 0.9506, accuracy3: 0.9683, loss: 0.2088, reg_loss: 0.0000 ||:  83%|########2 | 19/23 [00:01<00:00, 11.55it/s]
accuracy: 0.9508, accuracy3: 0.9684, loss: 0.2083, reg_loss: 0.0000 ||:  91%|#########1| 21/23 [00:02<00:00, 10.56it/s]
accuracy: 0.9505, accuracy3: 0.9684, loss: 0.2085, reg_loss: 0.0000 ||: 100%|##########| 23/23 [00:02<00:00,  9.40it/s]

  0%|          | 0/8 [00:00<?, ?it/s]
accuracy: 0.9480, accuracy3: 0.9650, loss: 0.2850, reg_loss: 0.0000 ||: 100%|##########| 8/8 [00:00<00:00, 74.89it/s]

  0%|          | 0/23 [00:00<?, ?it/s]
accuracy: 0.9494, accuracy3: 0.9627, loss: 0.2044, reg_loss: 0.0000 ||:   4%|4         | 1/23 [00:00<00:02,  8.86it/s]
accuracy: 0.9521, accuracy3: 0.9685, loss: 0.1920, reg_loss: 0.0000 ||:   9%|8         | 2/23 [00:00<00:02,  8.66it/s]
accuracy: 0.9481, accuracy3: 0.9669, loss: 0.2091, reg_loss: 0.0000 ||:  13%|#3        | 3/23 [00:00<00:02,  8.00it/s]
accuracy: 0.9503, accuracy3: 0.9693, loss: 0.2003, reg_loss: 0.0000 ||:  17%|#7        | 4/23 [00:00<00:02,  8.32it/s]
accuracy: 0.9481, accuracy3: 0.9673, loss: 0.2065, reg_loss: 0.0000 ||:  22%|##1       | 5/23 [00:00<00:02,  8.72it/s]
accuracy: 0.9502, accuracy3: 0.9690, loss: 0.1977, reg_loss: 0.0000 ||:  30%|###       | 7/23 [00:00<00:01,  9.74it/s]
accuracy: 0.9513, accuracy3: 0.9690, loss: 0.1963, reg_loss: 0.0000 ||:  35%|###4      | 8/23 [00:00<00:01,  9.78it/s]
accuracy: 0.9537, accuracy3: 0.9712, loss: 0.1889, reg_loss: 0.0000 ||:  43%|####3     | 10/23 [00:01<00:01, 10.00it/s]
accuracy: 0.9535, accuracy3: 0.9707, loss: 0.1904, reg_loss: 0.0000 ||:  48%|####7     | 11/23 [00:01<00:01,  9.29it/s]
accuracy: 0.9536, accuracy3: 0.9706, loss: 0.1935, reg_loss: 0.0000 ||:  57%|#####6    | 13/23 [00:01<00:00, 10.10it/s]
accuracy: 0.9543, accuracy3: 0.9708, loss: 0.1927, reg_loss: 0.0000 ||:  65%|######5   | 15/23 [00:01<00:00,  9.56it/s]
accuracy: 0.9530, accuracy3: 0.9702, loss: 0.1965, reg_loss: 0.0000 ||:  70%|######9   | 16/23 [00:01<00:00,  9.31it/s]
accuracy: 0.9529, accuracy3: 0.9700, loss: 0.1985, reg_loss: 0.0000 ||:  74%|#######3  | 17/23 [00:01<00:00,  9.02it/s]
accuracy: 0.9528, accuracy3: 0.9702, loss: 0.1974, reg_loss: 0.0000 ||:  83%|########2 | 19/23 [00:01<00:00, 10.32it/s]
accuracy: 0.9530, accuracy3: 0.9703, loss: 0.1999, reg_loss: 0.0000 ||:  91%|#########1| 21/23 [00:02<00:00,  9.64it/s]
accuracy: 0.9514, accuracy3: 0.9692, loss: 0.2048, reg_loss: 0.0000 ||: 100%|##########| 23/23 [00:02<00:00, 10.08it/s]

  0%|          | 0/8 [00:00<?, ?it/s]
accuracy: 0.9479, accuracy3: 0.9652, loss: 0.2840, reg_loss: 0.0000 ||: 100%|##########| 8/8 [00:00<00:00, 75.20it/s]

  0%|          | 0/23 [00:00<?, ?it/s]
accuracy: 0.9507, accuracy3: 0.9667, loss: 0.1999, reg_loss: 0.0000 ||:   4%|4         | 1/23 [00:00<00:02,  8.88it/s]
accuracy: 0.9509, accuracy3: 0.9661, loss: 0.2135, reg_loss: 0.0000 ||:   9%|8         | 2/23 [00:00<00:02,  8.78it/s]
accuracy: 0.9510, accuracy3: 0.9675, loss: 0.2144, reg_loss: 0.0000 ||:  17%|#7        | 4/23 [00:00<00:01,  9.78it/s]
accuracy: 0.9545, accuracy3: 0.9703, loss: 0.2016, reg_loss: 0.0000 ||:  22%|##1       | 5/23 [00:00<00:01,  9.72it/s]
accuracy: 0.9541, accuracy3: 0.9699, loss: 0.2017, reg_loss: 0.0000 ||:  26%|##6       | 6/23 [00:00<00:01,  9.12it/s]
accuracy: 0.9543, accuracy3: 0.9700, loss: 0.1976, reg_loss: 0.0000 ||:  30%|###       | 7/23 [00:00<00:01,  8.82it/s]
accuracy: 0.9518, accuracy3: 0.9691, loss: 0.2042, reg_loss: 0.0000 ||:  35%|###4      | 8/23 [00:00<00:01,  8.80it/s]
accuracy: 0.9515, accuracy3: 0.9695, loss: 0.2049, reg_loss: 0.0000 ||:  43%|####3     | 10/23 [00:01<00:01,  9.33it/s]
accuracy: 0.9515, accuracy3: 0.9699, loss: 0.2017, reg_loss: 0.0000 ||:  52%|#####2    | 12/23 [00:01<00:01, 10.62it/s]
accuracy: 0.9531, accuracy3: 0.9709, loss: 0.2001, reg_loss: 0.0000 ||:  61%|######    | 14/23 [00:01<00:00, 10.39it/s]
accuracy: 0.9509, accuracy3: 0.9695, loss: 0.2088, reg_loss: 0.0000 ||:  70%|######9   | 16/23 [00:01<00:00,  9.80it/s]
accuracy: 0.9504, accuracy3: 0.9695, loss: 0.2108, reg_loss: 0.0000 ||:  78%|#######8  | 18/23 [00:01<00:00,  8.84it/s]
accuracy: 0.9516, accuracy3: 0.9702, loss: 0.2041, reg_loss: 0.0000 ||:  87%|########6 | 20/23 [00:02<00:00,  9.43it/s]
accuracy: 0.9518, accuracy3: 0.9703, loss: 0.2025, reg_loss: 0.0000 ||:  91%|#########1| 21/23 [00:02<00:00,  9.34it/s]
accuracy: 0.9520, accuracy3: 0.9703, loss: 0.2016, reg_loss: 0.0000 ||: 100%|##########| 23/23 [00:02<00:00,  9.96it/s]

  0%|          | 0/8 [00:00<?, ?it/s]
accuracy: 0.9480, accuracy3: 0.9662, loss: 0.2830, reg_loss: 0.0000 ||: 100%|##########| 8/8 [00:00<00:00, 74.58it/s]

  0%|          | 0/23 [00:00<?, ?it/s]
accuracy: 0.9420, accuracy3: 0.9706, loss: 0.2335, reg_loss: 0.0000 ||:   4%|4         | 1/23 [00:00<00:03,  6.58it/s]
accuracy: 0.9568, accuracy3: 0.9755, loss: 0.1910, reg_loss: 0.0000 ||:   9%|8         | 2/23 [00:00<00:02,  7.26it/s]
accuracy: 0.9480, accuracy3: 0.9694, loss: 0.2207, reg_loss: 0.0000 ||:  17%|#7        | 4/23 [00:00<00:02,  7.88it/s]
accuracy: 0.9485, accuracy3: 0.9690, loss: 0.2206, reg_loss: 0.0000 ||:  22%|##1       | 5/23 [00:00<00:02,  8.04it/s]
accuracy: 0.9490, accuracy3: 0.9686, loss: 0.2161, reg_loss: 0.0000 ||:  26%|##6       | 6/23 [00:00<00:02,  8.33it/s]
accuracy: 0.9499, accuracy3: 0.9686, loss: 0.2098, reg_loss: 0.0000 ||:  35%|###4      | 8/23 [00:00<00:01,  8.90it/s]
accuracy: 0.9500, accuracy3: 0.9682, loss: 0.2066, reg_loss: 0.0000 ||:  43%|####3     | 10/23 [00:01<00:01,  9.61it/s]
accuracy: 0.9527, accuracy3: 0.9702, loss: 0.1999, reg_loss: 0.0000 ||:  48%|####7     | 11/23 [00:01<00:01,  9.50it/s]
accuracy: 0.9533, accuracy3: 0.9703, loss: 0.1983, reg_loss: 0.0000 ||:  52%|#####2    | 12/23 [00:01<00:01,  9.61it/s]
accuracy: 0.9523, accuracy3: 0.9698, loss: 0.2003, reg_loss: 0.0000 ||:  57%|#####6    | 13/23 [00:01<00:01,  9.70it/s]
accuracy: 0.9522, accuracy3: 0.9698, loss: 0.2014, reg_loss: 0.0000 ||:  61%|######    | 14/23 [00:01<00:01,  8.99it/s]
accuracy: 0.9508, accuracy3: 0.9691, loss: 0.2079, reg_loss: 0.0000 ||:  65%|######5   | 15/23 [00:01<00:00,  8.49it/s]
accuracy: 0.9516, accuracy3: 0.9700, loss: 0.2048, reg_loss: 0.0000 ||:  74%|#######3  | 17/23 [00:01<00:00,  9.35it/s]
accuracy: 0.9516, accuracy3: 0.9703, loss: 0.2023, reg_loss: 0.0000 ||:  83%|########2 | 19/23 [00:01<00:00, 10.58it/s]
accuracy: 0.9526, accuracy3: 0.9709, loss: 0.1988, reg_loss: 0.0000 ||:  91%|#########1| 21/23 [00:02<00:00, 10.84it/s]
accuracy: 0.9528, accuracy3: 0.9710, loss: 0.1975, reg_loss: 0.0000 ||: 100%|##########| 23/23 [00:02<00:00,  9.78it/s]

  0%|          | 0/8 [00:00<?, ?it/s]
accuracy: 0.9480, accuracy3: 0.9661, loss: 0.2823, reg_loss: 0.0000 ||: 100%|##########| 8/8 [00:00<00:00, 71.83it/s]

  0%|          | 0/23 [00:00<?, ?it/s]
accuracy: 0.9594, accuracy3: 0.9709, loss: 0.1804, reg_loss: 0.0000 ||:   4%|4         | 1/23 [00:00<00:02,  9.58it/s]
accuracy: 0.9581, accuracy3: 0.9712, loss: 0.1745, reg_loss: 0.0000 ||:   9%|8         | 2/23 [00:00<00:02,  9.13it/s]
accuracy: 0.9508, accuracy3: 0.9681, loss: 0.2088, reg_loss: 0.0000 ||:  17%|#7        | 4/23 [00:00<00:01, 10.47it/s]
accuracy: 0.9513, accuracy3: 0.9679, loss: 0.2053, reg_loss: 0.0000 ||:  22%|##1       | 5/23 [00:00<00:01,  9.99it/s]
accuracy: 0.9521, accuracy3: 0.9679, loss: 0.2042, reg_loss: 0.0000 ||:  26%|##6       | 6/23 [00:00<00:01,  9.23it/s]
accuracy: 0.9533, accuracy3: 0.9693, loss: 0.1947, reg_loss: 0.0000 ||:  35%|###4      | 8/23 [00:00<00:01, 10.13it/s]
accuracy: 0.9532, accuracy3: 0.9700, loss: 0.1967, reg_loss: 0.0000 ||:  43%|####3     | 10/23 [00:00<00:01, 10.45it/s]
accuracy: 0.9522, accuracy3: 0.9698, loss: 0.2007, reg_loss: 0.0000 ||:  52%|#####2    | 12/23 [00:01<00:01,  9.08it/s]
accuracy: 0.9544, accuracy3: 0.9715, loss: 0.1952, reg_loss: 0.0000 ||:  57%|#####6    | 13/23 [00:01<00:01,  9.15it/s]
accuracy: 0.9555, accuracy3: 0.9726, loss: 0.1909, reg_loss: 0.0000 ||:  65%|######5   | 15/23 [00:01<00:00,  9.33it/s]
accuracy: 0.9547, accuracy3: 0.9722, loss: 0.1927, reg_loss: 0.0000 ||:  70%|######9   | 16/23 [00:01<00:00,  9.48it/s]
accuracy: 0.9549, accuracy3: 0.9720, loss: 0.1912, reg_loss: 0.0000 ||:  78%|#######8  | 18/23 [00:01<00:00,  9.41it/s]
accuracy: 0.9537, accuracy3: 0.9710, loss: 0.1957, reg_loss: 0.0000 ||:  87%|########6 | 20/23 [00:02<00:00,  9.83it/s]
accuracy: 0.9526, accuracy3: 0.9705, loss: 0.2006, reg_loss: 0.0000 ||:  91%|#########1| 21/23 [00:02<00:00,  9.03it/s]
accuracy: 0.9537, accuracy3: 0.9711, loss: 0.1948, reg_loss: 0.0000 ||: 100%|##########| 23/23 [00:02<00:00,  9.32it/s]

  0%|          | 0/8 [00:00<?, ?it/s]
accuracy: 0.9482, accuracy3: 0.9664, loss: 0.2816, reg_loss: 0.0000 ||: 100%|##########| 8/8 [00:00<00:00, 75.89it/s]

  0%|          | 0/23 [00:00<?, ?it/s]
accuracy: 0.9574, accuracy3: 0.9740, loss: 0.1652, reg_loss: 0.0000 ||:   4%|4         | 1/23 [00:00<00:02,  7.99it/s]
accuracy: 0.9608, accuracy3: 0.9745, loss: 0.1729, reg_loss: 0.0000 ||:  13%|#3        | 3/23 [00:00<00:02,  8.64it/s]
accuracy: 0.9586, accuracy3: 0.9731, loss: 0.1836, reg_loss: 0.0000 ||:  17%|#7        | 4/23 [00:00<00:02,  8.58it/s]
accuracy: 0.9582, accuracy3: 0.9736, loss: 0.1790, reg_loss: 0.0000 ||:  22%|##1       | 5/23 [00:00<00:02,  8.73it/s]
accuracy: 0.9549, accuracy3: 0.9722, loss: 0.1806, reg_loss: 0.0000 ||:  30%|###       | 7/23 [00:00<00:01,  9.31it/s]
accuracy: 0.9534, accuracy3: 0.9713, loss: 0.1852, reg_loss: 0.0000 ||:  39%|###9      | 9/23 [00:00<00:01,  9.96it/s]
accuracy: 0.9515, accuracy3: 0.9695, loss: 0.1943, reg_loss: 0.0000 ||:  48%|####7     | 11/23 [00:01<00:01, 10.24it/s]
accuracy: 0.9541, accuracy3: 0.9713, loss: 0.1887, reg_loss: 0.0000 ||:  52%|#####2    | 12/23 [00:01<00:01,  9.91it/s]
accuracy: 0.9535, accuracy3: 0.9713, loss: 0.1915, reg_loss: 0.0000 ||:  57%|#####6    | 13/23 [00:01<00:01,  8.70it/s]
accuracy: 0.9541, accuracy3: 0.9713, loss: 0.1905, reg_loss: 0.0000 ||:  61%|######    | 14/23 [00:01<00:00,  9.01it/s]
accuracy: 0.9543, accuracy3: 0.9716, loss: 0.1895, reg_loss: 0.0000 ||:  70%|######9   | 16/23 [00:01<00:00, 10.32it/s]
accuracy: 0.9538, accuracy3: 0.9712, loss: 0.1924, reg_loss: 0.0000 ||:  78%|#######8  | 18/23 [00:01<00:00, 10.02it/s]
accuracy: 0.9558, accuracy3: 0.9725, loss: 0.1883, reg_loss: 0.0000 ||:  87%|########6 | 20/23 [00:01<00:00, 10.02it/s]
accuracy: 0.9556, accuracy3: 0.9724, loss: 0.1892, reg_loss: 0.0000 ||:  96%|#########5| 22/23 [00:02<00:00,  9.45it/s]
accuracy: 0.9548, accuracy3: 0.9721, loss: 0.1914, reg_loss: 0.0000 ||: 100%|##########| 23/23 [00:02<00:00,  9.24it/s]

  0%|          | 0/8 [00:00<?, ?it/s]
accuracy: 0.9486, accuracy3: 0.9664, loss: 0.2810, reg_loss: 0.0000 ||: 100%|##########| 8/8 [00:00<00:00, 74.95it/s]

  0%|          | 0/23 [00:00<?, ?it/s]
accuracy: 0.9379, accuracy3: 0.9648, loss: 0.2381, reg_loss: 0.0000 ||:   4%|4         | 1/23 [00:00<00:03,  6.79it/s]
accuracy: 0.9561, accuracy3: 0.9746, loss: 0.1670, reg_loss: 0.0000 ||:  13%|#3        | 3/23 [00:00<00:02,  7.52it/s]
accuracy: 0.9520, accuracy3: 0.9714, loss: 0.1863, reg_loss: 0.0000 ||:  22%|##1       | 5/23 [00:00<00:02,  8.60it/s]
accuracy: 0.9513, accuracy3: 0.9701, loss: 0.1908, reg_loss: 0.0000 ||:  26%|##6       | 6/23 [00:00<00:01,  8.94it/s]
accuracy: 0.9518, accuracy3: 0.9704, loss: 0.1955, reg_loss: 0.0000 ||:  35%|###4      | 8/23 [00:00<00:01,  9.79it/s]
accuracy: 0.9513, accuracy3: 0.9699, loss: 0.1991, reg_loss: 0.0000 ||:  43%|####3     | 10/23 [00:00<00:01,  9.64it/s]
accuracy: 0.9524, accuracy3: 0.9701, loss: 0.1970, reg_loss: 0.0000 ||:  48%|####7     | 11/23 [00:01<00:01,  9.73it/s]
accuracy: 0.9526, accuracy3: 0.9703, loss: 0.1962, reg_loss: 0.0000 ||:  52%|#####2    | 12/23 [00:01<00:01,  9.55it/s]
accuracy: 0.9529, accuracy3: 0.9706, loss: 0.1933, reg_loss: 0.0000 ||:  57%|#####6    | 13/23 [00:01<00:01,  9.13it/s]
accuracy: 0.9536, accuracy3: 0.9708, loss: 0.1906, reg_loss: 0.0000 ||:  65%|######5   | 15/23 [00:01<00:00,  9.20it/s]
accuracy: 0.9550, accuracy3: 0.9722, loss: 0.1869, reg_loss: 0.0000 ||:  74%|#######3  | 17/23 [00:01<00:00,  9.36it/s]
accuracy: 0.9565, accuracy3: 0.9734, loss: 0.1833, reg_loss: 0.0000 ||:  78%|#######8  | 18/23 [00:01<00:00,  9.31it/s]
accuracy: 0.9570, accuracy3: 0.9736, loss: 0.1830, reg_loss: 0.0000 ||:  87%|########6 | 20/23 [00:02<00:00,  9.62it/s]
accuracy: 0.9561, accuracy3: 0.9732, loss: 0.1870, reg_loss: 0.0000 ||:  96%|#########5| 22/23 [00:02<00:00,  9.18it/s]
accuracy: 0.9555, accuracy3: 0.9727, loss: 0.1888, reg_loss: 0.0000 ||: 100%|##########| 23/23 [00:02<00:00,  9.76it/s]

  0%|          | 0/8 [00:00<?, ?it/s]
accuracy: 0.9490, accuracy3: 0.9665, loss: 0.2805, reg_loss: 0.0000 ||: 100%|##########| 8/8 [00:00<00:00, 74.57it/s]

  0%|          | 0/23 [00:00<?, ?it/s]
accuracy: 0.9644, accuracy3: 0.9765, loss: 0.1598, reg_loss: 0.0000 ||:   9%|8         | 2/23 [00:00<00:02, 10.27it/s]
accuracy: 0.9600, accuracy3: 0.9756, loss: 0.1644, reg_loss: 0.0000 ||:  17%|#7        | 4/23 [00:00<00:01, 10.57it/s]
accuracy: 0.9539, accuracy3: 0.9719, loss: 0.1882, reg_loss: 0.0000 ||:  22%|##1       | 5/23 [00:00<00:01,  9.47it/s]
accuracy: 0.9534, accuracy3: 0.9714, loss: 0.1837, reg_loss: 0.0000 ||:  30%|###       | 7/23 [00:00<00:01,  9.79it/s]
accuracy: 0.9522, accuracy3: 0.9700, loss: 0.1891, reg_loss: 0.0000 ||:  39%|###9      | 9/23 [00:00<00:01,  9.65it/s]
accuracy: 0.9532, accuracy3: 0.9711, loss: 0.1871, reg_loss: 0.0000 ||:  48%|####7     | 11/23 [00:01<00:01, 10.88it/s]
accuracy: 0.9548, accuracy3: 0.9720, loss: 0.1860, reg_loss: 0.0000 ||:  57%|#####6    | 13/23 [00:01<00:00, 10.73it/s]
accuracy: 0.9563, accuracy3: 0.9730, loss: 0.1836, reg_loss: 0.0000 ||:  65%|######5   | 15/23 [00:01<00:00, 10.36it/s]
accuracy: 0.9577, accuracy3: 0.9737, loss: 0.1795, reg_loss: 0.0000 ||:  74%|#######3  | 17/23 [00:01<00:00,  9.86it/s]
accuracy: 0.9571, accuracy3: 0.9739, loss: 0.1816, reg_loss: 0.0000 ||:  78%|#######8  | 18/23 [00:01<00:00,  8.68it/s]
accuracy: 0.9560, accuracy3: 0.9735, loss: 0.1843, reg_loss: 0.0000 ||:  83%|########2 | 19/23 [00:01<00:00,  8.69it/s]
accuracy: 0.9564, accuracy3: 0.9735, loss: 0.1838, reg_loss: 0.0000 ||:  87%|########6 | 20/23 [00:02<00:00,  9.03it/s]
accuracy: 0.9562, accuracy3: 0.9736, loss: 0.1854, reg_loss: 0.0000 ||:  96%|#########5| 22/23 [00:02<00:00,  9.52it/s]
accuracy: 0.9561, accuracy3: 0.9733, loss: 0.1866, reg_loss: 0.0000 ||: 100%|##########| 23/23 [00:02<00:00,  9.21it/s]

  0%|          | 0/8 [00:00<?, ?it/s]
accuracy: 0.9492, accuracy3: 0.9664, loss: 0.2801, reg_loss: 0.0000 ||: 100%|##########| 8/8 [00:00<00:00, 74.76it/s]

  0%|          | 0/23 [00:00<?, ?it/s]
accuracy: 0.9603, accuracy3: 0.9723, loss: 0.1740, reg_loss: 0.0000 ||:   4%|4         | 1/23 [00:00<00:02,  9.60it/s]
accuracy: 0.9492, accuracy3: 0.9672, loss: 0.2267, reg_loss: 0.0000 ||:   9%|8         | 2/23 [00:00<00:02,  8.91it/s]
accuracy: 0.9478, accuracy3: 0.9690, loss: 0.2234, reg_loss: 0.0000 ||:  13%|#3        | 3/23 [00:00<00:02,  8.16it/s]
accuracy: 0.9492, accuracy3: 0.9686, loss: 0.2194, reg_loss: 0.0000 ||:  17%|#7        | 4/23 [00:00<00:02,  8.59it/s]
accuracy: 0.9486, accuracy3: 0.9688, loss: 0.2055, reg_loss: 0.0000 ||:  26%|##6       | 6/23 [00:00<00:01,  9.20it/s]
accuracy: 0.9531, accuracy3: 0.9714, loss: 0.1925, reg_loss: 0.0000 ||:  35%|###4      | 8/23 [00:00<00:01,  9.82it/s]
accuracy: 0.9548, accuracy3: 0.9721, loss: 0.1853, reg_loss: 0.0000 ||:  43%|####3     | 10/23 [00:00<00:01, 10.67it/s]
accuracy: 0.9556, accuracy3: 0.9729, loss: 0.1799, reg_loss: 0.0000 ||:  52%|#####2    | 12/23 [00:01<00:01, 10.39it/s]
accuracy: 0.9553, accuracy3: 0.9727, loss: 0.1849, reg_loss: 0.0000 ||:  61%|######    | 14/23 [00:01<00:00, 11.06it/s]
accuracy: 0.9539, accuracy3: 0.9715, loss: 0.1897, reg_loss: 0.0000 ||:  70%|######9   | 16/23 [00:01<00:00, 11.01it/s]
accuracy: 0.9557, accuracy3: 0.9730, loss: 0.1864, reg_loss: 0.0000 ||:  78%|#######8  | 18/23 [00:01<00:00, 10.08it/s]
accuracy: 0.9566, accuracy3: 0.9736, loss: 0.1849, reg_loss: 0.0000 ||:  87%|########6 | 20/23 [00:01<00:00,  9.75it/s]
accuracy: 0.9567, accuracy3: 0.9738, loss: 0.1834, reg_loss: 0.0000 ||:  91%|#########1| 21/23 [00:02<00:00,  9.24it/s]
accuracy: 0.9559, accuracy3: 0.9735, loss: 0.1855, reg_loss: 0.0000 ||:  96%|#########5| 22/23 [00:02<00:00,  9.07it/s]
accuracy: 0.9569, accuracy3: 0.9740, loss: 0.1833, reg_loss: 0.0000 ||: 100%|##########| 23/23 [00:02<00:00,  9.23it/s]

  0%|          | 0/8 [00:00<?, ?it/s]
accuracy: 0.9493, accuracy3: 0.9666, loss: 0.2796, reg_loss: 0.0000 ||: 100%|##########| 8/8 [00:00<00:00, 74.66it/s]

  0%|          | 0/23 [00:00<?, ?it/s]
accuracy: 0.9648, accuracy3: 0.9751, loss: 0.1522, reg_loss: 0.0000 ||:   9%|8         | 2/23 [00:00<00:02, 10.46it/s]
accuracy: 0.9626, accuracy3: 0.9730, loss: 0.1632, reg_loss: 0.0000 ||:  13%|#3        | 3/23 [00:00<00:02,  9.60it/s]
accuracy: 0.9578, accuracy3: 0.9718, loss: 0.1677, reg_loss: 0.0000 ||:  22%|##1       | 5/23 [00:00<00:01,  9.98it/s]
accuracy: 0.9582, accuracy3: 0.9727, loss: 0.1646, reg_loss: 0.0000 ||:  26%|##6       | 6/23 [00:00<00:01,  9.73it/s]
accuracy: 0.9585, accuracy3: 0.9745, loss: 0.1693, reg_loss: 0.0000 ||:  35%|###4      | 8/23 [00:00<00:01,  9.24it/s]
accuracy: 0.9576, accuracy3: 0.9739, loss: 0.1787, reg_loss: 0.0000 ||:  43%|####3     | 10/23 [00:01<00:01,  9.56it/s]
accuracy: 0.9560, accuracy3: 0.9732, loss: 0.1831, reg_loss: 0.0000 ||:  48%|####7     | 11/23 [00:01<00:01,  9.24it/s]
accuracy: 0.9558, accuracy3: 0.9730, loss: 0.1842, reg_loss: 0.0000 ||:  52%|#####2    | 12/23 [00:01<00:01,  8.71it/s]
accuracy: 0.9547, accuracy3: 0.9722, loss: 0.1883, reg_loss: 0.0000 ||:  61%|######    | 14/23 [00:01<00:01,  8.99it/s]
accuracy: 0.9553, accuracy3: 0.9726, loss: 0.1837, reg_loss: 0.0000 ||:  70%|######9   | 16/23 [00:01<00:00,  9.79it/s]
accuracy: 0.9553, accuracy3: 0.9727, loss: 0.1833, reg_loss: 0.0000 ||:  74%|#######3  | 17/23 [00:01<00:00,  9.57it/s]
accuracy: 0.9550, accuracy3: 0.9724, loss: 0.1871, reg_loss: 0.0000 ||:  83%|########2 | 19/23 [00:01<00:00, 10.81it/s]
accuracy: 0.9566, accuracy3: 0.9736, loss: 0.1822, reg_loss: 0.0000 ||:  91%|#########1| 21/23 [00:02<00:00, 10.08it/s]
accuracy: 0.9573, accuracy3: 0.9739, loss: 0.1810, reg_loss: 0.0000 ||: 100%|##########| 23/23 [00:02<00:00,  9.98it/s]

  0%|          | 0/8 [00:00<?, ?it/s]
accuracy: 0.9470, accuracy3: 0.9650, loss: 0.2972, reg_loss: 0.0000 ||:  88%|########7 | 7/8 [00:00<00:00, 69.30it/s]
accuracy: 0.9493, accuracy3: 0.9669, loss: 0.2791, reg_loss: 0.0000 ||: 100%|##########| 8/8 [00:00<00:00, 75.17it/s]

  0%|          | 0/23 [00:00<?, ?it/s]
accuracy: 0.9464, accuracy3: 0.9784, loss: 0.2102, reg_loss: 0.0000 ||:   4%|4         | 1/23 [00:00<00:03,  6.63it/s]
accuracy: 0.9374, accuracy3: 0.9685, loss: 0.2421, reg_loss: 0.0000 ||:   9%|8         | 2/23 [00:00<00:03,  6.89it/s]
accuracy: 0.9532, accuracy3: 0.9750, loss: 0.1841, reg_loss: 0.0000 ||:  17%|#7        | 4/23 [00:00<00:02,  7.80it/s]
accuracy: 0.9538, accuracy3: 0.9753, loss: 0.1817, reg_loss: 0.0000 ||:  22%|##1       | 5/23 [00:00<00:02,  8.15it/s]
accuracy: 0.9527, accuracy3: 0.9735, loss: 0.1854, reg_loss: 0.0000 ||:  30%|###       | 7/23 [00:00<00:01,  9.16it/s]
accuracy: 0.9552, accuracy3: 0.9746, loss: 0.1853, reg_loss: 0.0000 ||:  39%|###9      | 9/23 [00:00<00:01,  9.51it/s]
accuracy: 0.9559, accuracy3: 0.9746, loss: 0.1781, reg_loss: 0.0000 ||:  48%|####7     | 11/23 [00:01<00:01,  9.39it/s]
accuracy: 0.9556, accuracy3: 0.9745, loss: 0.1794, reg_loss: 0.0000 ||:  52%|#####2    | 12/23 [00:01<00:01,  8.80it/s]
accuracy: 0.9573, accuracy3: 0.9754, loss: 0.1753, reg_loss: 0.0000 ||:  61%|######    | 14/23 [00:01<00:00,  9.33it/s]
accuracy: 0.9592, accuracy3: 0.9766, loss: 0.1715, reg_loss: 0.0000 ||:  65%|######5   | 15/23 [00:01<00:00,  9.32it/s]
accuracy: 0.9589, accuracy3: 0.9763, loss: 0.1733, reg_loss: 0.0000 ||:  70%|######9   | 16/23 [00:01<00:00,  9.05it/s]
accuracy: 0.9601, accuracy3: 0.9769, loss: 0.1708, reg_loss: 0.0000 ||:  74%|#######3  | 17/23 [00:01<00:00,  9.19it/s]
accuracy: 0.9585, accuracy3: 0.9756, loss: 0.1758, reg_loss: 0.0000 ||:  83%|########2 | 19/23 [00:01<00:00,  9.57it/s]
accuracy: 0.9576, accuracy3: 0.9754, loss: 0.1782, reg_loss: 0.0000 ||:  87%|########6 | 20/23 [00:02<00:00,  9.26it/s]
accuracy: 0.9579, accuracy3: 0.9753, loss: 0.1793, reg_loss: 0.0000 ||:  96%|#########5| 22/23 [00:02<00:00, 10.41it/s]
accuracy: 0.9580, accuracy3: 0.9754, loss: 0.1779, reg_loss: 0.0000 ||: 100%|##########| 23/23 [00:02<00:00,  9.86it/s]

  0%|          | 0/8 [00:00<?, ?it/s]
accuracy: 0.9473, accuracy3: 0.9653, loss: 0.2969, reg_loss: 0.0000 ||:  88%|########7 | 7/8 [00:00<00:00, 68.87it/s]
accuracy: 0.9496, accuracy3: 0.9671, loss: 0.2787, reg_loss: 0.0000 ||: 100%|##########| 8/8 [00:00<00:00, 74.82it/s]

  0%|          | 0/23 [00:00<?, ?it/s]
accuracy: 0.9636, accuracy3: 0.9782, loss: 0.1480, reg_loss: 0.0000 ||:   4%|4         | 1/23 [00:00<00:03,  6.58it/s]
accuracy: 0.9499, accuracy3: 0.9731, loss: 0.1831, reg_loss: 0.0000 ||:   9%|8         | 2/23 [00:00<00:02,  7.09it/s]
accuracy: 0.9540, accuracy3: 0.9738, loss: 0.1762, reg_loss: 0.0000 ||:  17%|#7        | 4/23 [00:00<00:02,  7.87it/s]
accuracy: 0.9545, accuracy3: 0.9753, loss: 0.1706, reg_loss: 0.0000 ||:  26%|##6       | 6/23 [00:00<00:01,  9.23it/s]
accuracy: 0.9552, accuracy3: 0.9758, loss: 0.1705, reg_loss: 0.0000 ||:  30%|###       | 7/23 [00:00<00:01,  9.21it/s]
accuracy: 0.9568, accuracy3: 0.9766, loss: 0.1674, reg_loss: 0.0000 ||:  35%|###4      | 8/23 [00:00<00:01,  9.19it/s]
accuracy: 0.9565, accuracy3: 0.9756, loss: 0.1710, reg_loss: 0.0000 ||:  39%|###9      | 9/23 [00:00<00:01,  9.40it/s]
accuracy: 0.9599, accuracy3: 0.9777, loss: 0.1655, reg_loss: 0.0000 ||:  43%|####3     | 10/23 [00:01<00:01,  9.37it/s]
accuracy: 0.9576, accuracy3: 0.9763, loss: 0.1748, reg_loss: 0.0000 ||:  48%|####7     | 11/23 [00:01<00:01,  8.77it/s]
accuracy: 0.9573, accuracy3: 0.9762, loss: 0.1755, reg_loss: 0.0000 ||:  57%|#####6    | 13/23 [00:01<00:01,  9.14it/s]
accuracy: 0.9579, accuracy3: 0.9759, loss: 0.1750, reg_loss: 0.0000 ||:  61%|######    | 14/23 [00:01<00:00,  9.35it/s]
accuracy: 0.9578, accuracy3: 0.9757, loss: 0.1743, reg_loss: 0.0000 ||:  70%|######9   | 16/23 [00:01<00:00,  9.96it/s]
accuracy: 0.9575, accuracy3: 0.9756, loss: 0.1761, reg_loss: 0.0000 ||:  78%|#######8  | 18/23 [00:01<00:00,  9.00it/s]
accuracy: 0.9574, accuracy3: 0.9754, loss: 0.1773, reg_loss: 0.0000 ||:  83%|########2 | 19/23 [00:02<00:00,  8.83it/s]
accuracy: 0.9574, accuracy3: 0.9757, loss: 0.1785, reg_loss: 0.0000 ||:  91%|#########1| 21/23 [00:02<00:00,  9.36it/s]
accuracy: 0.9584, accuracy3: 0.9762, loss: 0.1763, reg_loss: 0.0000 ||:  96%|#########5| 22/23 [00:02<00:00,  9.41it/s]
accuracy: 0.9590, accuracy3: 0.9765, loss: 0.1752, reg_loss: 0.0000 ||: 100%|##########| 23/23 [00:02<00:00,  9.78it/s]

  0%|          | 0/8 [00:00<?, ?it/s]
accuracy: 0.9481, accuracy3: 0.9650, loss: 0.2963, reg_loss: 0.0000 ||:  88%|########7 | 7/8 [00:00<00:00, 69.19it/s]
accuracy: 0.9503, accuracy3: 0.9668, loss: 0.2783, reg_loss: 0.0000 ||: 100%|##########| 8/8 [00:00<00:00, 75.12it/s]

  0%|          | 0/23 [00:00<?, ?it/s]
accuracy: 0.9657, accuracy3: 0.9834, loss: 0.1448, reg_loss: 0.0000 ||:   4%|4         | 1/23 [00:00<00:02,  7.95it/s]
accuracy: 0.9730, accuracy3: 0.9866, loss: 0.1285, reg_loss: 0.0000 ||:   9%|8         | 2/23 [00:00<00:02,  8.30it/s]
accuracy: 0.9670, accuracy3: 0.9820, loss: 0.1485, reg_loss: 0.0000 ||:  13%|#3        | 3/23 [00:00<00:02,  8.07it/s]
accuracy: 0.9614, accuracy3: 0.9800, loss: 0.1654, reg_loss: 0.0000 ||:  17%|#7        | 4/23 [00:00<00:02,  8.26it/s]
accuracy: 0.9619, accuracy3: 0.9784, loss: 0.1653, reg_loss: 0.0000 ||:  22%|##1       | 5/23 [00:00<00:02,  8.70it/s]
accuracy: 0.9629, accuracy3: 0.9786, loss: 0.1613, reg_loss: 0.0000 ||:  26%|##6       | 6/23 [00:00<00:01,  8.82it/s]
accuracy: 0.9587, accuracy3: 0.9765, loss: 0.1761, reg_loss: 0.0000 ||:  35%|###4      | 8/23 [00:00<00:01,  9.46it/s]
accuracy: 0.9615, accuracy3: 0.9780, loss: 0.1683, reg_loss: 0.0000 ||:  43%|####3     | 10/23 [00:01<00:01, 10.12it/s]
accuracy: 0.9611, accuracy3: 0.9776, loss: 0.1709, reg_loss: 0.0000 ||:  48%|####7     | 11/23 [00:01<00:01,  9.57it/s]
accuracy: 0.9617, accuracy3: 0.9781, loss: 0.1625, reg_loss: 0.0000 ||:  57%|#####6    | 13/23 [00:01<00:00, 10.04it/s]
accuracy: 0.9624, accuracy3: 0.9784, loss: 0.1624, reg_loss: 0.0000 ||:  65%|######5   | 15/23 [00:01<00:00,  9.65it/s]
accuracy: 0.9625, accuracy3: 0.9787, loss: 0.1624, reg_loss: 0.0000 ||:  74%|#######3  | 17/23 [00:01<00:00, 10.76it/s]
accuracy: 0.9619, accuracy3: 0.9788, loss: 0.1647, reg_loss: 0.0000 ||:  83%|########2 | 19/23 [00:01<00:00, 10.14it/s]
accuracy: 0.9615, accuracy3: 0.9782, loss: 0.1671, reg_loss: 0.0000 ||:  91%|#########1| 21/23 [00:02<00:00,  9.94it/s]
accuracy: 0.9603, accuracy3: 0.9775, loss: 0.1725, reg_loss: 0.0000 ||: 100%|##########| 23/23 [00:02<00:00,  9.36it/s]

  0%|          | 0/8 [00:00<?, ?it/s]
accuracy: 0.9493, accuracy3: 0.9675, loss: 0.2797, reg_loss: 0.0000 ||:  88%|########7 | 7/8 [00:00<00:00, 64.42it/s]
accuracy: 0.9502, accuracy3: 0.9671, loss: 0.2777, reg_loss: 0.0000 ||: 100%|##########| 8/8 [00:00<00:00, 63.46it/s]

  0%|          | 0/23 [00:00<?, ?it/s]
accuracy: 0.9659, accuracy3: 0.9948, loss: 0.1031, reg_loss: 0.0000 ||:   4%|4         | 1/23 [00:00<00:02,  9.58it/s]
accuracy: 0.9579, accuracy3: 0.9757, loss: 0.1568, reg_loss: 0.0000 ||:  13%|#3        | 3/23 [00:00<00:02,  9.71it/s]
accuracy: 0.9590, accuracy3: 0.9750, loss: 0.1605, reg_loss: 0.0000 ||:  17%|#7        | 4/23 [00:00<00:02,  8.96it/s]
accuracy: 0.9626, accuracy3: 0.9780, loss: 0.1530, reg_loss: 0.0000 ||:  22%|##1       | 5/23 [00:00<00:01,  9.02it/s]
accuracy: 0.9624, accuracy3: 0.9781, loss: 0.1554, reg_loss: 0.0000 ||:  26%|##6       | 6/23 [00:00<00:01,  9.07it/s]
accuracy: 0.9641, accuracy3: 0.9790, loss: 0.1492, reg_loss: 0.0000 ||:  35%|###4      | 8/23 [00:00<00:01,  9.45it/s]
accuracy: 0.9639, accuracy3: 0.9792, loss: 0.1550, reg_loss: 0.0000 ||:  43%|####3     | 10/23 [00:01<00:01,  9.69it/s]
accuracy: 0.9620, accuracy3: 0.9782, loss: 0.1645, reg_loss: 0.0000 ||:  48%|####7     | 11/23 [00:01<00:01,  8.93it/s]
accuracy: 0.9622, accuracy3: 0.9785, loss: 0.1625, reg_loss: 0.0000 ||:  52%|#####2    | 12/23 [00:01<00:01,  8.67it/s]
accuracy: 0.9620, accuracy3: 0.9788, loss: 0.1620, reg_loss: 0.0000 ||:  61%|######    | 14/23 [00:01<00:01,  8.50it/s]
accuracy: 0.9598, accuracy3: 0.9779, loss: 0.1689, reg_loss: 0.0000 ||:  70%|######9   | 16/23 [00:01<00:00,  8.81it/s]
accuracy: 0.9596, accuracy3: 0.9777, loss: 0.1705, reg_loss: 0.0000 ||:  74%|#######3  | 17/23 [00:01<00:00,  8.61it/s]
accuracy: 0.9593, accuracy3: 0.9776, loss: 0.1733, reg_loss: 0.0000 ||:  83%|########2 | 19/23 [00:02<00:00,  9.81it/s]
accuracy: 0.9598, accuracy3: 0.9777, loss: 0.1726, reg_loss: 0.0000 ||:  91%|#########1| 21/23 [00:02<00:00,  9.93it/s]
accuracy: 0.9610, accuracy3: 0.9784, loss: 0.1695, reg_loss: 0.0000 ||: 100%|##########| 23/23 [00:02<00:00, 10.27it/s]

  0%|          | 0/8 [00:00<?, ?it/s]
accuracy: 0.9506, accuracy3: 0.9677, loss: 0.2773, reg_loss: 0.0000 ||: 100%|##########| 8/8 [00:00<00:00, 70.86it/s]

  0%|          | 0/23 [00:00<?, ?it/s]
accuracy: 0.9480, accuracy3: 0.9755, loss: 0.2075, reg_loss: 0.0000 ||:   4%|4         | 1/23 [00:00<00:03,  5.68it/s]
accuracy: 0.9576, accuracy3: 0.9755, loss: 0.1847, reg_loss: 0.0000 ||:   9%|8         | 2/23 [00:00<00:03,  6.48it/s]
accuracy: 0.9578, accuracy3: 0.9767, loss: 0.1825, reg_loss: 0.0000 ||:  17%|#7        | 4/23 [00:00<00:02,  7.69it/s]
accuracy: 0.9567, accuracy3: 0.9772, loss: 0.1850, reg_loss: 0.0000 ||:  22%|##1       | 5/23 [00:00<00:02,  7.33it/s]
accuracy: 0.9580, accuracy3: 0.9782, loss: 0.1770, reg_loss: 0.0000 ||:  26%|##6       | 6/23 [00:00<00:02,  7.56it/s]
accuracy: 0.9586, accuracy3: 0.9782, loss: 0.1689, reg_loss: 0.0000 ||:  35%|###4      | 8/23 [00:00<00:01,  8.17it/s]
accuracy: 0.9563, accuracy3: 0.9769, loss: 0.1781, reg_loss: 0.0000 ||:  39%|###9      | 9/23 [00:01<00:01,  7.96it/s]
accuracy: 0.9601, accuracy3: 0.9788, loss: 0.1712, reg_loss: 0.0000 ||:  43%|####3     | 10/23 [00:01<00:01,  8.27it/s]
accuracy: 0.9598, accuracy3: 0.9784, loss: 0.1721, reg_loss: 0.0000 ||:  48%|####7     | 11/23 [00:01<00:01,  8.02it/s]
accuracy: 0.9608, accuracy3: 0.9789, loss: 0.1692, reg_loss: 0.0000 ||:  52%|#####2    | 12/23 [00:01<00:01,  8.27it/s]
accuracy: 0.9609, accuracy3: 0.9785, loss: 0.1694, reg_loss: 0.0000 ||:  57%|#####6    | 13/23 [00:01<00:01,  8.13it/s]
accuracy: 0.9622, accuracy3: 0.9794, loss: 0.1659, reg_loss: 0.0000 ||:  61%|######    | 14/23 [00:01<00:01,  8.50it/s]
accuracy: 0.9620, accuracy3: 0.9790, loss: 0.1677, reg_loss: 0.0000 ||:  65%|######5   | 15/23 [00:01<00:00,  8.43it/s]
accuracy: 0.9617, accuracy3: 0.9788, loss: 0.1683, reg_loss: 0.0000 ||:  74%|#######3  | 17/23 [00:01<00:00,  9.44it/s]
accuracy: 0.9619, accuracy3: 0.9785, loss: 0.1679, reg_loss: 0.0000 ||:  83%|########2 | 19/23 [00:02<00:00,  9.87it/s]
accuracy: 0.9628, accuracy3: 0.9793, loss: 0.1642, reg_loss: 0.0000 ||:  91%|#########1| 21/23 [00:02<00:00, 10.00it/s]
accuracy: 0.9621, accuracy3: 0.9788, loss: 0.1667, reg_loss: 0.0000 ||: 100%|##########| 23/23 [00:02<00:00, 10.67it/s]

  0%|          | 0/8 [00:00<?, ?it/s]
accuracy: 0.9508, accuracy3: 0.9665, loss: 0.2768, reg_loss: 0.0000 ||: 100%|##########| 8/8 [00:00<00:00, 73.87it/s]

  0%|          | 0/23 [00:00<?, ?it/s]
accuracy: 0.9711, accuracy3: 0.9921, loss: 0.1003, reg_loss: 0.0000 ||:   4%|4         | 1/23 [00:00<00:02,  9.44it/s]
accuracy: 0.9547, accuracy3: 0.9815, loss: 0.1528, reg_loss: 0.0000 ||:   9%|8         | 2/23 [00:00<00:02,  9.03it/s]
accuracy: 0.9565, accuracy3: 0.9808, loss: 0.1550, reg_loss: 0.0000 ||:  13%|#3        | 3/23 [00:00<00:02,  9.02it/s]
accuracy: 0.9558, accuracy3: 0.9767, loss: 0.1699, reg_loss: 0.0000 ||:  22%|##1       | 5/23 [00:00<00:01,  9.43it/s]
accuracy: 0.9587, accuracy3: 0.9783, loss: 0.1639, reg_loss: 0.0000 ||:  26%|##6       | 6/23 [00:00<00:01,  9.35it/s]
accuracy: 0.9630, accuracy3: 0.9813, loss: 0.1551, reg_loss: 0.0000 ||:  35%|###4      | 8/23 [00:00<00:01,  9.53it/s]
accuracy: 0.9631, accuracy3: 0.9804, loss: 0.1567, reg_loss: 0.0000 ||:  39%|###9      | 9/23 [00:00<00:01,  8.99it/s]
accuracy: 0.9641, accuracy3: 0.9801, loss: 0.1536, reg_loss: 0.0000 ||:  48%|####7     | 11/23 [00:01<00:01,  9.50it/s]
accuracy: 0.9635, accuracy3: 0.9798, loss: 0.1556, reg_loss: 0.0000 ||:  52%|#####2    | 12/23 [00:01<00:01,  8.87it/s]
accuracy: 0.9628, accuracy3: 0.9794, loss: 0.1620, reg_loss: 0.0000 ||:  61%|######    | 14/23 [00:01<00:00, 10.17it/s]
accuracy: 0.9622, accuracy3: 0.9789, loss: 0.1628, reg_loss: 0.0000 ||:  70%|######9   | 16/23 [00:01<00:00, 10.41it/s]
accuracy: 0.9617, accuracy3: 0.9787, loss: 0.1658, reg_loss: 0.0000 ||:  78%|#######8  | 18/23 [00:01<00:00,  9.33it/s]
accuracy: 0.9630, accuracy3: 0.9794, loss: 0.1626, reg_loss: 0.0000 ||:  83%|########2 | 19/23 [00:01<00:00,  9.31it/s]
accuracy: 0.9621, accuracy3: 0.9790, loss: 0.1670, reg_loss: 0.0000 ||:  87%|########6 | 20/23 [00:02<00:00,  8.70it/s]
accuracy: 0.9623, accuracy3: 0.9791, loss: 0.1654, reg_loss: 0.0000 ||:  91%|#########1| 21/23 [00:02<00:00,  8.53it/s]
accuracy: 0.9629, accuracy3: 0.9792, loss: 0.1641, reg_loss: 0.0000 ||: 100%|##########| 23/23 [00:02<00:00,  9.88it/s]

  0%|          | 0/8 [00:00<?, ?it/s]
accuracy: 0.9509, accuracy3: 0.9664, loss: 0.2763, reg_loss: 0.0000 ||: 100%|##########| 8/8 [00:00<00:00, 75.13it/s]

  0%|          | 0/23 [00:00<?, ?it/s]
accuracy: 0.9379, accuracy3: 0.9652, loss: 0.2451, reg_loss: 0.0000 ||:   4%|4         | 1/23 [00:00<00:03,  5.90it/s]
accuracy: 0.9604, accuracy3: 0.9771, loss: 0.1904, reg_loss: 0.0000 ||:  13%|#3        | 3/23 [00:00<00:02,  6.75it/s]
accuracy: 0.9603, accuracy3: 0.9756, loss: 0.1917, reg_loss: 0.0000 ||:  22%|##1       | 5/23 [00:00<00:02,  7.38it/s]
accuracy: 0.9625, accuracy3: 0.9763, loss: 0.1729, reg_loss: 0.0000 ||:  30%|###       | 7/23 [00:00<00:01,  8.05it/s]
accuracy: 0.9621, accuracy3: 0.9769, loss: 0.1747, reg_loss: 0.0000 ||:  35%|###4      | 8/23 [00:00<00:01,  7.64it/s]
accuracy: 0.9621, accuracy3: 0.9771, loss: 0.1721, reg_loss: 0.0000 ||:  39%|###9      | 9/23 [00:01<00:01,  8.02it/s]
accuracy: 0.9640, accuracy3: 0.9786, loss: 0.1664, reg_loss: 0.0000 ||:  43%|####3     | 10/23 [00:01<00:01,  8.42it/s]
accuracy: 0.9654, accuracy3: 0.9802, loss: 0.1607, reg_loss: 0.0000 ||:  52%|#####2    | 12/23 [00:01<00:01,  8.80it/s]
accuracy: 0.9645, accuracy3: 0.9801, loss: 0.1637, reg_loss: 0.0000 ||:  57%|#####6    | 13/23 [00:01<00:01,  8.79it/s]
accuracy: 0.9642, accuracy3: 0.9800, loss: 0.1625, reg_loss: 0.0000 ||:  65%|######5   | 15/23 [00:01<00:00,  9.51it/s]
accuracy: 0.9644, accuracy3: 0.9802, loss: 0.1603, reg_loss: 0.0000 ||:  74%|#######3  | 17/23 [00:01<00:00,  9.70it/s]
accuracy: 0.9639, accuracy3: 0.9800, loss: 0.1632, reg_loss: 0.0000 ||:  83%|########2 | 19/23 [00:01<00:00, 10.67it/s]
accuracy: 0.9641, accuracy3: 0.9801, loss: 0.1625, reg_loss: 0.0000 ||:  91%|#########1| 21/23 [00:02<00:00, 10.43it/s]
accuracy: 0.9644, accuracy3: 0.9800, loss: 0.1603, reg_loss: 0.0000 ||: 100%|##########| 23/23 [00:02<00:00,  9.89it/s]

  0%|          | 0/8 [00:00<?, ?it/s]
accuracy: 0.9511, accuracy3: 0.9662, loss: 0.2757, reg_loss: 0.0000 ||: 100%|##########| 8/8 [00:00<00:00, 74.59it/s]

  0%|          | 0/23 [00:00<?, ?it/s]
accuracy: 0.9731, accuracy3: 0.9881, loss: 0.1266, reg_loss: 0.0000 ||:   4%|4         | 1/23 [00:00<00:03,  6.43it/s]
accuracy: 0.9700, accuracy3: 0.9819, loss: 0.1403, reg_loss: 0.0000 ||:   9%|8         | 2/23 [00:00<00:02,  7.18it/s]
accuracy: 0.9697, accuracy3: 0.9821, loss: 0.1429, reg_loss: 0.0000 ||:  13%|#3        | 3/23 [00:00<00:02,  7.67it/s]
accuracy: 0.9683, accuracy3: 0.9801, loss: 0.1477, reg_loss: 0.0000 ||:  17%|#7        | 4/23 [00:00<00:02,  7.75it/s]
accuracy: 0.9658, accuracy3: 0.9808, loss: 0.1464, reg_loss: 0.0000 ||:  26%|##6       | 6/23 [00:00<00:02,  8.23it/s]
accuracy: 0.9649, accuracy3: 0.9809, loss: 0.1518, reg_loss: 0.0000 ||:  30%|###       | 7/23 [00:00<00:02,  7.73it/s]
accuracy: 0.9660, accuracy3: 0.9822, loss: 0.1541, reg_loss: 0.0000 ||:  39%|###9      | 9/23 [00:00<00:01,  9.07it/s]
accuracy: 0.9664, accuracy3: 0.9824, loss: 0.1515, reg_loss: 0.0000 ||:  43%|####3     | 10/23 [00:01<00:01,  8.82it/s]
accuracy: 0.9675, accuracy3: 0.9832, loss: 0.1480, reg_loss: 0.0000 ||:  48%|####7     | 11/23 [00:01<00:01,  9.03it/s]
accuracy: 0.9692, accuracy3: 0.9838, loss: 0.1441, reg_loss: 0.0000 ||:  52%|#####2    | 12/23 [00:01<00:01,  9.10it/s]
accuracy: 0.9680, accuracy3: 0.9831, loss: 0.1480, reg_loss: 0.0000 ||:  61%|######    | 14/23 [00:01<00:00,  9.01it/s]
accuracy: 0.9675, accuracy3: 0.9825, loss: 0.1505, reg_loss: 0.0000 ||:  65%|######5   | 15/23 [00:01<00:00,  8.85it/s]
accuracy: 0.9665, accuracy3: 0.9815, loss: 0.1543, reg_loss: 0.0000 ||:  74%|#######3  | 17/23 [00:01<00:00,  9.76it/s]
accuracy: 0.9656, accuracy3: 0.9808, loss: 0.1583, reg_loss: 0.0000 ||:  83%|########2 | 19/23 [00:02<00:00, 10.02it/s]
accuracy: 0.9656, accuracy3: 0.9808, loss: 0.1569, reg_loss: 0.0000 ||:  91%|#########1| 21/23 [00:02<00:00,  9.84it/s]
accuracy: 0.9657, accuracy3: 0.9806, loss: 0.1569, reg_loss: 0.0000 ||: 100%|##########| 23/23 [00:02<00:00, 10.47it/s]

  0%|          | 0/8 [00:00<?, ?it/s]
accuracy: 0.9495, accuracy3: 0.9643, loss: 0.2933, reg_loss: 0.0000 ||:  88%|########7 | 7/8 [00:00<00:00, 68.43it/s]
accuracy: 0.9517, accuracy3: 0.9660, loss: 0.2755, reg_loss: 0.0000 ||: 100%|##########| 8/8 [00:00<00:00, 74.28it/s]

  0%|          | 0/23 [00:00<?, ?it/s]
accuracy: 0.9578, accuracy3: 0.9824, loss: 0.1895, reg_loss: 0.0000 ||:   9%|8         | 2/23 [00:00<00:01, 12.96it/s]
accuracy: 0.9647, accuracy3: 0.9816, loss: 0.1761, reg_loss: 0.0000 ||:  17%|#7        | 4/23 [00:00<00:01, 12.11it/s]
accuracy: 0.9611, accuracy3: 0.9794, loss: 0.1872, reg_loss: 0.0000 ||:  22%|##1       | 5/23 [00:00<00:01, 10.30it/s]
accuracy: 0.9671, accuracy3: 0.9821, loss: 0.1641, reg_loss: 0.0000 ||:  30%|###       | 7/23 [00:00<00:01, 10.37it/s]
accuracy: 0.9676, accuracy3: 0.9814, loss: 0.1626, reg_loss: 0.0000 ||:  35%|###4      | 8/23 [00:00<00:01, 10.21it/s]
accuracy: 0.9669, accuracy3: 0.9808, loss: 0.1638, reg_loss: 0.0000 ||:  39%|###9      | 9/23 [00:00<00:01, 10.09it/s]
accuracy: 0.9665, accuracy3: 0.9803, loss: 0.1655, reg_loss: 0.0000 ||:  43%|####3     | 10/23 [00:00<00:01,  9.57it/s]
accuracy: 0.9665, accuracy3: 0.9804, loss: 0.1637, reg_loss: 0.0000 ||:  48%|####7     | 11/23 [00:01<00:01,  9.45it/s]
accuracy: 0.9674, accuracy3: 0.9809, loss: 0.1574, reg_loss: 0.0000 ||:  57%|#####6    | 13/23 [00:01<00:00, 10.26it/s]
accuracy: 0.9682, accuracy3: 0.9815, loss: 0.1536, reg_loss: 0.0000 ||:  65%|######5   | 15/23 [00:01<00:00, 10.63it/s]
accuracy: 0.9680, accuracy3: 0.9818, loss: 0.1513, reg_loss: 0.0000 ||:  74%|#######3  | 17/23 [00:01<00:00,  9.79it/s]
accuracy: 0.9673, accuracy3: 0.9816, loss: 0.1515, reg_loss: 0.0000 ||:  83%|########2 | 19/23 [00:01<00:00,  9.71it/s]
accuracy: 0.9663, accuracy3: 0.9809, loss: 0.1553, reg_loss: 0.0000 ||:  91%|#########1| 21/23 [00:02<00:00,  9.53it/s]
accuracy: 0.9666, accuracy3: 0.9812, loss: 0.1538, reg_loss: 0.0000 ||:  96%|#########5| 22/23 [00:02<00:00,  9.42it/s]
accuracy: 0.9666, accuracy3: 0.9810, loss: 0.1541, reg_loss: 0.0000 ||: 100%|##########| 23/23 [00:02<00:00,  8.91it/s]

  0%|          | 0/8 [00:00<?, ?it/s]
accuracy: 0.9519, accuracy3: 0.9664, loss: 0.2749, reg_loss: 0.0000 ||: 100%|##########| 8/8 [00:00<00:00, 74.37it/s]

  0%|          | 0/23 [00:00<?, ?it/s]
accuracy: 0.9436, accuracy3: 0.9680, loss: 0.2281, reg_loss: 0.0000 ||:   4%|4         | 1/23 [00:00<00:03,  6.39it/s]
accuracy: 0.9621, accuracy3: 0.9756, loss: 0.1798, reg_loss: 0.0000 ||:  13%|#3        | 3/23 [00:00<00:02,  7.33it/s]
accuracy: 0.9606, accuracy3: 0.9759, loss: 0.1871, reg_loss: 0.0000 ||:  22%|##1       | 5/23 [00:00<00:02,  8.78it/s]
accuracy: 0.9653, accuracy3: 0.9795, loss: 0.1668, reg_loss: 0.0000 ||:  30%|###       | 7/23 [00:00<00:01,  9.23it/s]
accuracy: 0.9654, accuracy3: 0.9798, loss: 0.1638, reg_loss: 0.0000 ||:  35%|###4      | 8/23 [00:00<00:01,  9.22it/s]
accuracy: 0.9655, accuracy3: 0.9797, loss: 0.1629, reg_loss: 0.0000 ||:  39%|###9      | 9/23 [00:00<00:01,  8.82it/s]
accuracy: 0.9668, accuracy3: 0.9803, loss: 0.1563, reg_loss: 0.0000 ||:  48%|####7     | 11/23 [00:01<00:01,  9.82it/s]
accuracy: 0.9655, accuracy3: 0.9800, loss: 0.1596, reg_loss: 0.0000 ||:  57%|#####6    | 13/23 [00:01<00:01,  9.65it/s]
accuracy: 0.9653, accuracy3: 0.9802, loss: 0.1605, reg_loss: 0.0000 ||:  61%|######    | 14/23 [00:01<00:01,  8.56it/s]
accuracy: 0.9658, accuracy3: 0.9801, loss: 0.1597, reg_loss: 0.0000 ||:  65%|######5   | 15/23 [00:01<00:00,  8.92it/s]
accuracy: 0.9655, accuracy3: 0.9799, loss: 0.1601, reg_loss: 0.0000 ||:  70%|######9   | 16/23 [00:01<00:00,  8.50it/s]
accuracy: 0.9670, accuracy3: 0.9807, loss: 0.1564, reg_loss: 0.0000 ||:  74%|#######3  | 17/23 [00:01<00:00,  8.72it/s]
accuracy: 0.9672, accuracy3: 0.9809, loss: 0.1543, reg_loss: 0.0000 ||:  78%|#######8  | 18/23 [00:01<00:00,  8.59it/s]
accuracy: 0.9679, accuracy3: 0.9815, loss: 0.1519, reg_loss: 0.0000 ||:  83%|########2 | 19/23 [00:01<00:00,  8.88it/s]
accuracy: 0.9683, accuracy3: 0.9819, loss: 0.1473, reg_loss: 0.0000 ||:  91%|#########1| 21/23 [00:02<00:00,  9.15it/s]
accuracy: 0.9675, accuracy3: 0.9814, loss: 0.1504, reg_loss: 0.0000 ||: 100%|##########| 23/23 [00:02<00:00,  9.60it/s]

  0%|          | 0/8 [00:00<?, ?it/s]
accuracy: 0.9520, accuracy3: 0.9665, loss: 0.2745, reg_loss: 0.0000 ||: 100%|##########| 8/8 [00:00<00:00, 74.53it/s]

  0%|          | 0/23 [00:00<?, ?it/s]
accuracy: 0.9758, accuracy3: 0.9881, loss: 0.1076, reg_loss: 0.0000 ||:   4%|4         | 1/23 [00:00<00:02,  9.29it/s]
accuracy: 0.9747, accuracy3: 0.9874, loss: 0.1138, reg_loss: 0.0000 ||:   9%|8         | 2/23 [00:00<00:02,  8.93it/s]
accuracy: 0.9702, accuracy3: 0.9837, loss: 0.1316, reg_loss: 0.0000 ||:  13%|#3        | 3/23 [00:00<00:02,  9.20it/s]
accuracy: 0.9673, accuracy3: 0.9810, loss: 0.1496, reg_loss: 0.0000 ||:  22%|##1       | 5/23 [00:00<00:01,  9.34it/s]
accuracy: 0.9683, accuracy3: 0.9819, loss: 0.1441, reg_loss: 0.0000 ||:  26%|##6       | 6/23 [00:00<00:01,  9.26it/s]
accuracy: 0.9670, accuracy3: 0.9818, loss: 0.1496, reg_loss: 0.0000 ||:  30%|###       | 7/23 [00:00<00:01,  9.11it/s]
accuracy: 0.9678, accuracy3: 0.9815, loss: 0.1493, reg_loss: 0.0000 ||:  35%|###4      | 8/23 [00:00<00:01,  9.32it/s]
accuracy: 0.9653, accuracy3: 0.9798, loss: 0.1619, reg_loss: 0.0000 ||:  43%|####3     | 10/23 [00:01<00:01,  9.26it/s]
accuracy: 0.9657, accuracy3: 0.9796, loss: 0.1585, reg_loss: 0.0000 ||:  52%|#####2    | 12/23 [00:01<00:01,  9.60it/s]
accuracy: 0.9657, accuracy3: 0.9795, loss: 0.1581, reg_loss: 0.0000 ||:  57%|#####6    | 13/23 [00:01<00:01,  9.06it/s]
accuracy: 0.9669, accuracy3: 0.9804, loss: 0.1547, reg_loss: 0.0000 ||:  65%|######5   | 15/23 [00:01<00:00,  9.83it/s]
accuracy: 0.9671, accuracy3: 0.9804, loss: 0.1521, reg_loss: 0.0000 ||:  74%|#######3  | 17/23 [00:01<00:00,  9.70it/s]
accuracy: 0.9674, accuracy3: 0.9807, loss: 0.1521, reg_loss: 0.0000 ||:  83%|########2 | 19/23 [00:01<00:00,  9.66it/s]
accuracy: 0.9675, accuracy3: 0.9808, loss: 0.1513, reg_loss: 0.0000 ||:  87%|########6 | 20/23 [00:02<00:00,  9.47it/s]
accuracy: 0.9687, accuracy3: 0.9815, loss: 0.1455, reg_loss: 0.0000 ||:  96%|#########5| 22/23 [00:02<00:00,  9.62it/s]
accuracy: 0.9686, accuracy3: 0.9816, loss: 0.1471, reg_loss: 0.0000 ||: 100%|##########| 23/23 [00:02<00:00,  9.88it/s]

  0%|          | 0/8 [00:00<?, ?it/s]
accuracy: 0.9527, accuracy3: 0.9666, loss: 0.2740, reg_loss: 0.0000 ||: 100%|##########| 8/8 [00:00<00:00, 74.33it/s]

  0%|          | 0/23 [00:00<?, ?it/s]
accuracy: 0.9747, accuracy3: 0.9827, loss: 0.1364, reg_loss: 0.0000 ||:   4%|4         | 1/23 [00:00<00:02,  8.92it/s]
accuracy: 0.9713, accuracy3: 0.9799, loss: 0.1411, reg_loss: 0.0000 ||:  13%|#3        | 3/23 [00:00<00:02,  9.53it/s]
accuracy: 0.9719, accuracy3: 0.9813, loss: 0.1345, reg_loss: 0.0000 ||:  17%|#7        | 4/23 [00:00<00:02,  9.06it/s]
accuracy: 0.9713, accuracy3: 0.9812, loss: 0.1378, reg_loss: 0.0000 ||:  22%|##1       | 5/23 [00:00<00:02,  8.64it/s]
accuracy: 0.9710, accuracy3: 0.9809, loss: 0.1406, reg_loss: 0.0000 ||:  30%|###       | 7/23 [00:00<00:01,  9.50it/s]
accuracy: 0.9704, accuracy3: 0.9812, loss: 0.1438, reg_loss: 0.0000 ||:  35%|###4      | 8/23 [00:00<00:01,  8.48it/s]
accuracy: 0.9707, accuracy3: 0.9816, loss: 0.1446, reg_loss: 0.0000 ||:  43%|####3     | 10/23 [00:01<00:01,  8.72it/s]
accuracy: 0.9692, accuracy3: 0.9807, loss: 0.1511, reg_loss: 0.0000 ||:  48%|####7     | 11/23 [00:01<00:01,  8.34it/s]
accuracy: 0.9697, accuracy3: 0.9806, loss: 0.1505, reg_loss: 0.0000 ||:  52%|#####2    | 12/23 [00:01<00:01,  8.75it/s]
accuracy: 0.9693, accuracy3: 0.9804, loss: 0.1510, reg_loss: 0.0000 ||:  57%|#####6    | 13/23 [00:01<00:01,  8.39it/s]
accuracy: 0.9699, accuracy3: 0.9809, loss: 0.1482, reg_loss: 0.0000 ||:  61%|######    | 14/23 [00:01<00:01,  8.58it/s]
accuracy: 0.9712, accuracy3: 0.9817, loss: 0.1445, reg_loss: 0.0000 ||:  65%|######5   | 15/23 [00:01<00:00,  8.77it/s]
accuracy: 0.9713, accuracy3: 0.9820, loss: 0.1437, reg_loss: 0.0000 ||:  74%|#######3  | 17/23 [00:01<00:00, 10.09it/s]
accuracy: 0.9699, accuracy3: 0.9813, loss: 0.1480, reg_loss: 0.0000 ||:  83%|########2 | 19/23 [00:01<00:00, 10.43it/s]
accuracy: 0.9700, accuracy3: 0.9818, loss: 0.1473, reg_loss: 0.0000 ||:  91%|#########1| 21/23 [00:02<00:00, 10.00it/s]
accuracy: 0.9701, accuracy3: 0.9820, loss: 0.1440, reg_loss: 0.0000 ||: 100%|##########| 23/23 [00:02<00:00, 10.62it/s]

  0%|          | 0/8 [00:00<?, ?it/s]
accuracy: 0.9528, accuracy3: 0.9665, loss: 0.2737, reg_loss: 0.0000 ||: 100%|##########| 8/8 [00:00<00:00, 74.36it/s]

  0%|          | 0/23 [00:00<?, ?it/s]
accuracy: 0.9640, accuracy3: 0.9773, loss: 0.1795, reg_loss: 0.0000 ||:   9%|8         | 2/23 [00:00<00:02, 10.34it/s]
accuracy: 0.9660, accuracy3: 0.9782, loss: 0.1660, reg_loss: 0.0000 ||:  17%|#7        | 4/23 [00:00<00:01, 10.89it/s]
accuracy: 0.9656, accuracy3: 0.9789, loss: 0.1675, reg_loss: 0.0000 ||:  22%|##1       | 5/23 [00:00<00:01, 10.11it/s]
accuracy: 0.9655, accuracy3: 0.9786, loss: 0.1642, reg_loss: 0.0000 ||:  30%|###       | 7/23 [00:00<00:01,  9.87it/s]
accuracy: 0.9654, accuracy3: 0.9781, loss: 0.1647, reg_loss: 0.0000 ||:  35%|###4      | 8/23 [00:00<00:01,  9.39it/s]
accuracy: 0.9659, accuracy3: 0.9789, loss: 0.1557, reg_loss: 0.0000 ||:  43%|####3     | 10/23 [00:01<00:01,  9.02it/s]
accuracy: 0.9671, accuracy3: 0.9792, loss: 0.1544, reg_loss: 0.0000 ||:  48%|####7     | 11/23 [00:01<00:01,  9.27it/s]
accuracy: 0.9680, accuracy3: 0.9796, loss: 0.1493, reg_loss: 0.0000 ||:  57%|#####6    | 13/23 [00:01<00:01,  9.21it/s]
accuracy: 0.9679, accuracy3: 0.9796, loss: 0.1496, reg_loss: 0.0000 ||:  61%|######    | 14/23 [00:01<00:01,  8.69it/s]
accuracy: 0.9689, accuracy3: 0.9806, loss: 0.1491, reg_loss: 0.0000 ||:  70%|######9   | 16/23 [00:01<00:00,  9.97it/s]
accuracy: 0.9710, accuracy3: 0.9821, loss: 0.1432, reg_loss: 0.0000 ||:  78%|#######8  | 18/23 [00:01<00:00,  9.81it/s]
accuracy: 0.9712, accuracy3: 0.9822, loss: 0.1421, reg_loss: 0.0000 ||:  87%|########6 | 20/23 [00:02<00:00, 10.21it/s]
accuracy: 0.9713, accuracy3: 0.9823, loss: 0.1417, reg_loss: 0.0000 ||:  96%|#########5| 22/23 [00:02<00:00, 10.19it/s]
accuracy: 0.9714, accuracy3: 0.9825, loss: 0.1403, reg_loss: 0.0000 ||: 100%|##########| 23/23 [00:02<00:00,  9.85it/s]

  0%|          | 0/8 [00:00<?, ?it/s]
accuracy: 0.9532, accuracy3: 0.9665, loss: 0.2735, reg_loss: 0.0000 ||: 100%|##########| 8/8 [00:00<00:00, 74.35it/s]

0it [00:00, ?it/s]
accuracy: 0.96, accuracy3: 0.97, loss: 0.27 ||: : 6it [00:00, 51.87it/s]
accuracy: 0.95, accuracy3: 0.97, loss: 0.27 ||: : 8it [00:00, 49.83it/s]

