/home/yijingxiao/anaconda3/envs/transformers/lib/python3.7/site-packages/allennlp/data/token_indexers/token_characters_indexer.py:61: UserWarning: You are using the default value (0) of `min_padding_length`, which can cause some subtle bugs (more info see https://github.com/allenai/allennlp/issues/1954). Strongly recommend to set a value, usually the maximum size of the convolutional layer size when using CnnEncoder.
  UserWarning,
0it [00:00, ?it/s]
379it [00:00, 29224.03it/s]

0it [00:00, ?it/s]
112it [00:00, 27283.19it/s]

0it [00:00, ?it/s]
112it [00:00, 30240.89it/s]

0it [00:00, ?it/s]
603it [00:00, 13639.53it/s]

  0%|          | 0/5 [00:00<?, ?it/s]
accuracy: 0.0372, accuracy3: 0.1263, loss: 4322.7402, reg_loss: 0.0000 ||:  20%|##        | 1/5 [00:00<00:00,  4.73it/s]
accuracy: 0.0293, accuracy3: 0.1268, loss: 4454.7139, reg_loss: 0.0000 ||:  40%|####      | 2/5 [00:00<00:00,  5.05it/s]
accuracy: 0.0298, accuracy3: 0.1300, loss: 4019.1707, reg_loss: 0.0000 ||:  60%|######    | 3/5 [00:00<00:00,  5.62it/s]
accuracy: 0.0324, accuracy3: 0.1312, loss: 3501.5497, reg_loss: 0.0000 ||:  80%|########  | 4/5 [00:00<00:00,  5.98it/s]
accuracy: 0.0366, accuracy3: 0.1339, loss: 3806.6471, reg_loss: 0.0000 ||: 100%|##########| 5/5 [00:00<00:00,  5.79it/s]

  0%|          | 0/2 [00:00<?, ?it/s]
accuracy: 0.0795, accuracy3: 0.1727, loss: 2630.8423, reg_loss: 0.0000 ||: 100%|##########| 2/2 [00:00<00:00, 21.94it/s]

  0%|          | 0/5 [00:00<?, ?it/s]
accuracy: 0.1090, accuracy3: 0.2005, loss: 1897.0760, reg_loss: 0.0000 ||:  20%|##        | 1/5 [00:00<00:00,  7.85it/s]
accuracy: 0.1308, accuracy3: 0.2169, loss: 3394.8315, reg_loss: 0.0000 ||:  40%|####      | 2/5 [00:00<00:00,  6.99it/s]
accuracy: 0.1417, accuracy3: 0.2315, loss: 3247.3102, reg_loss: 0.0000 ||:  60%|######    | 3/5 [00:00<00:00,  7.34it/s]
accuracy: 0.1494, accuracy3: 0.2350, loss: 3408.9469, reg_loss: 0.0000 ||:  80%|########  | 4/5 [00:00<00:00,  6.44it/s]
accuracy: 0.1551, accuracy3: 0.2398, loss: 3560.5844, reg_loss: 0.0000 ||: 100%|##########| 5/5 [00:00<00:00,  6.28it/s]

  0%|          | 0/2 [00:00<?, ?it/s]
accuracy: 0.2110, accuracy3: 0.2876, loss: 2452.7542, reg_loss: 0.0000 ||: 100%|##########| 2/2 [00:00<00:00, 25.10it/s]

  0%|          | 0/5 [00:00<?, ?it/s]
accuracy: 0.2046, accuracy3: 0.2759, loss: 1748.7841, reg_loss: 0.0000 ||:  20%|##        | 1/5 [00:00<00:00,  7.74it/s]
accuracy: 0.2045, accuracy3: 0.2817, loss: 2275.8552, reg_loss: 0.0000 ||:  40%|####      | 2/5 [00:00<00:00,  7.77it/s]
accuracy: 0.2087, accuracy3: 0.2837, loss: 2869.2635, reg_loss: 0.0000 ||:  60%|######    | 3/5 [00:00<00:00,  7.11it/s]
accuracy: 0.2207, accuracy3: 0.2914, loss: 3280.2411, reg_loss: 0.0000 ||:  80%|########  | 4/5 [00:00<00:00,  6.61it/s]
accuracy: 0.2245, accuracy3: 0.2932, loss: 3364.0451, reg_loss: 0.0000 ||: 100%|##########| 5/5 [00:00<00:00,  6.04it/s]

  0%|          | 0/2 [00:00<?, ?it/s]
accuracy: 0.2521, accuracy3: 0.3207, loss: 2384.1533, reg_loss: 0.0000 ||: 100%|##########| 2/2 [00:00<00:00, 22.64it/s]

  0%|          | 0/5 [00:00<?, ?it/s]
accuracy: 0.2399, accuracy3: 0.3133, loss: 2748.7700, reg_loss: 0.0000 ||:  20%|##        | 1/5 [00:00<00:00,  8.54it/s]
accuracy: 0.2581, accuracy3: 0.3243, loss: 3209.7444, reg_loss: 0.0000 ||:  40%|####      | 2/5 [00:00<00:00,  7.16it/s]
accuracy: 0.2703, accuracy3: 0.3359, loss: 3615.8794, reg_loss: 0.0000 ||:  60%|######    | 3/5 [00:00<00:00,  6.60it/s]
accuracy: 0.2736, accuracy3: 0.3394, loss: 3127.2425, reg_loss: 0.0000 ||:  80%|########  | 4/5 [00:00<00:00,  6.91it/s]
accuracy: 0.2809, accuracy3: 0.3493, loss: 3284.5956, reg_loss: 0.0000 ||: 100%|##########| 5/5 [00:00<00:00,  6.69it/s]

  0%|          | 0/2 [00:00<?, ?it/s]
accuracy: 0.2994, accuracy3: 0.3737, loss: 2318.2501, reg_loss: 0.0000 ||: 100%|##########| 2/2 [00:00<00:00, 23.92it/s]

  0%|          | 0/5 [00:00<?, ?it/s]
accuracy: 0.3082, accuracy3: 0.3769, loss: 1640.6890, reg_loss: 0.0000 ||:  20%|##        | 1/5 [00:00<00:00,  6.71it/s]
accuracy: 0.3016, accuracy3: 0.3688, loss: 2980.1426, reg_loss: 0.0000 ||:  40%|####      | 2/5 [00:00<00:00,  6.27it/s]
accuracy: 0.3076, accuracy3: 0.3791, loss: 3266.8574, reg_loss: 0.0000 ||:  60%|######    | 3/5 [00:00<00:00,  6.21it/s]
accuracy: 0.3067, accuracy3: 0.3776, loss: 3333.2472, reg_loss: 0.0000 ||:  80%|########  | 4/5 [00:00<00:00,  5.91it/s]
accuracy: 0.3054, accuracy3: 0.3775, loss: 3186.5843, reg_loss: 0.0000 ||: 100%|##########| 5/5 [00:00<00:00,  6.44it/s]

  0%|          | 0/2 [00:00<?, ?it/s]
accuracy: 0.3259, accuracy3: 0.4021, loss: 2246.5325, reg_loss: 0.0000 ||: 100%|##########| 2/2 [00:00<00:00, 20.91it/s]

  0%|          | 0/5 [00:00<?, ?it/s]
accuracy: 0.3235, accuracy3: 0.3883, loss: 4205.1733, reg_loss: 0.0000 ||:  20%|##        | 1/5 [00:00<00:00,  5.61it/s]
accuracy: 0.3213, accuracy3: 0.3871, loss: 3835.1902, reg_loss: 0.0000 ||:  40%|####      | 2/5 [00:00<00:00,  5.48it/s]
accuracy: 0.3193, accuracy3: 0.3858, loss: 3083.7696, reg_loss: 0.0000 ||:  60%|######    | 3/5 [00:00<00:00,  6.11it/s]
accuracy: 0.3267, accuracy3: 0.3962, loss: 3236.4984, reg_loss: 0.0000 ||:  80%|########  | 4/5 [00:00<00:00,  6.20it/s]
accuracy: 0.3273, accuracy3: 0.3978, loss: 3092.0511, reg_loss: 0.0000 ||: 100%|##########| 5/5 [00:00<00:00,  6.71it/s]

  0%|          | 0/2 [00:00<?, ?it/s]
accuracy: 0.3377, accuracy3: 0.4111, loss: 2179.1550, reg_loss: 0.0000 ||: 100%|##########| 2/2 [00:00<00:00, 26.86it/s]

  0%|          | 0/5 [00:00<?, ?it/s]
accuracy: 0.3240, accuracy3: 0.3990, loss: 2499.8154, reg_loss: 0.0000 ||:  20%|##        | 1/5 [00:00<00:00,  6.45it/s]
accuracy: 0.3476, accuracy3: 0.4165, loss: 3268.8610, reg_loss: 0.0000 ||:  40%|####      | 2/5 [00:00<00:00,  6.20it/s]
accuracy: 0.3533, accuracy3: 0.4249, loss: 3380.1532, reg_loss: 0.0000 ||:  60%|######    | 3/5 [00:00<00:00,  6.16it/s]
accuracy: 0.3513, accuracy3: 0.4227, loss: 2915.4114, reg_loss: 0.0000 ||:  80%|########  | 4/5 [00:00<00:00,  6.56it/s]
accuracy: 0.3525, accuracy3: 0.4220, loss: 2989.0467, reg_loss: 0.0000 ||: 100%|##########| 5/5 [00:00<00:00,  6.06it/s]

  0%|          | 0/2 [00:00<?, ?it/s]
accuracy: 0.3486, accuracy3: 0.4219, loss: 2109.8253, reg_loss: 0.0000 ||: 100%|##########| 2/2 [00:00<00:00, 25.51it/s]

  0%|          | 0/5 [00:00<?, ?it/s]
accuracy: 0.3520, accuracy3: 0.4262, loss: 2410.2488, reg_loss: 0.0000 ||:  20%|##        | 1/5 [00:00<00:00,  7.42it/s]
accuracy: 0.3548, accuracy3: 0.4229, loss: 2823.6266, reg_loss: 0.0000 ||:  40%|####      | 2/5 [00:00<00:00,  6.51it/s]
accuracy: 0.3634, accuracy3: 0.4357, loss: 3041.0335, reg_loss: 0.0000 ||:  60%|######    | 3/5 [00:00<00:00,  6.34it/s]
accuracy: 0.3595, accuracy3: 0.4321, loss: 2646.1522, reg_loss: 0.0000 ||:  80%|########  | 4/5 [00:00<00:00,  6.76it/s]
accuracy: 0.3680, accuracy3: 0.4390, loss: 2877.5288, reg_loss: 0.0000 ||: 100%|##########| 5/5 [00:00<00:00,  6.25it/s]

  0%|          | 0/2 [00:00<?, ?it/s]
accuracy: 0.3590, accuracy3: 0.4324, loss: 2033.9731, reg_loss: 0.0000 ||: 100%|##########| 2/2 [00:00<00:00, 26.45it/s]

  0%|          | 0/5 [00:00<?, ?it/s]
accuracy: 0.3649, accuracy3: 0.4295, loss: 3133.3584, reg_loss: 0.0000 ||:  20%|##        | 1/5 [00:00<00:00,  5.39it/s]
accuracy: 0.3619, accuracy3: 0.4291, loss: 2280.0636, reg_loss: 0.0000 ||:  40%|####      | 2/5 [00:00<00:00,  5.91it/s]
accuracy: 0.3758, accuracy3: 0.4487, loss: 2627.8228, reg_loss: 0.0000 ||:  60%|######    | 3/5 [00:00<00:00,  5.88it/s]
accuracy: 0.3768, accuracy3: 0.4507, loss: 2536.7761, reg_loss: 0.0000 ||:  80%|########  | 4/5 [00:00<00:00,  6.55it/s]
accuracy: 0.3879, accuracy3: 0.4608, loss: 2757.3897, reg_loss: 0.0000 ||: 100%|##########| 5/5 [00:00<00:00,  6.21it/s]

  0%|          | 0/2 [00:00<?, ?it/s]
accuracy: 0.3675, accuracy3: 0.4413, loss: 1947.1236, reg_loss: 0.0000 ||: 100%|##########| 2/2 [00:00<00:00, 25.45it/s]

  0%|          | 0/5 [00:00<?, ?it/s]
accuracy: 0.4041, accuracy3: 0.4845, loss: 3226.9973, reg_loss: 0.0000 ||:  20%|##        | 1/5 [00:00<00:00,  6.44it/s]
accuracy: 0.3925, accuracy3: 0.4690, loss: 2292.7070, reg_loss: 0.0000 ||:  40%|####      | 2/5 [00:00<00:00,  6.69it/s]
accuracy: 0.3932, accuracy3: 0.4701, loss: 2253.7815, reg_loss: 0.0000 ||:  60%|######    | 3/5 [00:00<00:00,  7.05it/s]
accuracy: 0.3941, accuracy3: 0.4674, loss: 2417.2945, reg_loss: 0.0000 ||:  80%|########  | 4/5 [00:00<00:00,  6.42it/s]
accuracy: 0.4088, accuracy3: 0.4808, loss: 2626.4636, reg_loss: 0.0000 ||: 100%|##########| 5/5 [00:00<00:00,  6.24it/s]

  0%|          | 0/2 [00:00<?, ?it/s]
accuracy: 0.4044, accuracy3: 0.4787, loss: 1850.7983, reg_loss: 0.0000 ||: 100%|##########| 2/2 [00:00<00:00, 25.05it/s]

  0%|          | 0/5 [00:00<?, ?it/s]
accuracy: 0.4105, accuracy3: 0.4832, loss: 1298.1740, reg_loss: 0.0000 ||:  20%|##        | 1/5 [00:00<00:00,  7.95it/s]
accuracy: 0.4233, accuracy3: 0.4959, loss: 1686.8122, reg_loss: 0.0000 ||:  40%|####      | 2/5 [00:00<00:00,  7.96it/s]
accuracy: 0.4306, accuracy3: 0.4993, loss: 2052.4259, reg_loss: 0.0000 ||:  60%|######    | 3/5 [00:00<00:00,  6.78it/s]
accuracy: 0.4474, accuracy3: 0.5162, loss: 2370.1511, reg_loss: 0.0000 ||:  80%|########  | 4/5 [00:00<00:00,  6.15it/s]
accuracy: 0.4543, accuracy3: 0.5247, loss: 2480.1896, reg_loss: 0.0000 ||: 100%|##########| 5/5 [00:00<00:00,  6.02it/s]

  0%|          | 0/2 [00:00<?, ?it/s]
accuracy: 0.4409, accuracy3: 0.5166, loss: 1755.8351, reg_loss: 0.0000 ||: 100%|##########| 2/2 [00:00<00:00, 27.31it/s]

  0%|          | 0/5 [00:00<?, ?it/s]
accuracy: 0.4683, accuracy3: 0.5441, loss: 1977.7634, reg_loss: 0.0000 ||:  20%|##        | 1/5 [00:00<00:00,  8.44it/s]
accuracy: 0.4729, accuracy3: 0.5470, loss: 1594.1530, reg_loss: 0.0000 ||:  40%|####      | 2/5 [00:00<00:00,  8.16it/s]
accuracy: 0.4787, accuracy3: 0.5534, loss: 2003.4501, reg_loss: 0.0000 ||:  60%|######    | 3/5 [00:00<00:00,  7.50it/s]
accuracy: 0.4801, accuracy3: 0.5521, loss: 2153.1418, reg_loss: 0.0000 ||:  80%|########  | 4/5 [00:00<00:00,  6.66it/s]
accuracy: 0.4887, accuracy3: 0.5606, loss: 2341.1078, reg_loss: 0.0000 ||: 100%|##########| 5/5 [00:00<00:00,  6.24it/s]

  0%|          | 0/2 [00:00<?, ?it/s]
accuracy: 0.4740, accuracy3: 0.5539, loss: 1667.2161, reg_loss: 0.0000 ||: 100%|##########| 2/2 [00:00<00:00, 26.88it/s]

  0%|          | 0/5 [00:00<?, ?it/s]
accuracy: 0.5132, accuracy3: 0.5854, loss: 3063.4607, reg_loss: 0.0000 ||:  20%|##        | 1/5 [00:00<00:00,  5.71it/s]
accuracy: 0.5090, accuracy3: 0.5853, loss: 2885.3184, reg_loss: 0.0000 ||:  40%|####      | 2/5 [00:00<00:00,  5.82it/s]
accuracy: 0.5032, accuracy3: 0.5760, loss: 2760.9941, reg_loss: 0.0000 ||:  60%|######    | 3/5 [00:00<00:00,  5.62it/s]
accuracy: 0.5075, accuracy3: 0.5806, loss: 2525.7423, reg_loss: 0.0000 ||:  80%|########  | 4/5 [00:00<00:00,  6.14it/s]
accuracy: 0.5085, accuracy3: 0.5808, loss: 2242.7769, reg_loss: 0.0000 ||: 100%|##########| 5/5 [00:00<00:00,  6.60it/s]

  0%|          | 0/2 [00:00<?, ?it/s]
accuracy: 0.4910, accuracy3: 0.5705, loss: 1591.0569, reg_loss: 0.0000 ||: 100%|##########| 2/2 [00:00<00:00, 25.74it/s]

  0%|          | 0/5 [00:00<?, ?it/s]
accuracy: 0.5141, accuracy3: 0.5774, loss: 1100.7135, reg_loss: 0.0000 ||:  20%|##        | 1/5 [00:00<00:00,  7.40it/s]
accuracy: 0.5218, accuracy3: 0.5948, loss: 1843.5955, reg_loss: 0.0000 ||:  40%|####      | 2/5 [00:00<00:00,  6.82it/s]
accuracy: 0.5304, accuracy3: 0.6021, loss: 2180.1690, reg_loss: 0.0000 ||:  60%|######    | 3/5 [00:00<00:00,  6.29it/s]
accuracy: 0.5266, accuracy3: 0.5961, loss: 2222.8039, reg_loss: 0.0000 ||:  80%|########  | 4/5 [00:00<00:00,  5.94it/s]
accuracy: 0.5306, accuracy3: 0.6006, loss: 2120.0581, reg_loss: 0.0000 ||: 100%|##########| 5/5 [00:00<00:00,  6.35it/s]

  0%|          | 0/2 [00:00<?, ?it/s]
accuracy: 0.5123, accuracy3: 0.5847, loss: 1527.0585, reg_loss: 0.0000 ||: 100%|##########| 2/2 [00:00<00:00, 28.26it/s]

  0%|          | 0/5 [00:00<?, ?it/s]
accuracy: 0.5425, accuracy3: 0.6156, loss: 2491.5806, reg_loss: 0.0000 ||:  20%|##        | 1/5 [00:00<00:00,  6.12it/s]
accuracy: 0.5492, accuracy3: 0.6204, loss: 2084.6172, reg_loss: 0.0000 ||:  40%|####      | 2/5 [00:00<00:00,  6.55it/s]
accuracy: 0.5609, accuracy3: 0.6315, loss: 2291.9491, reg_loss: 0.0000 ||:  60%|######    | 3/5 [00:00<00:00,  6.17it/s]
accuracy: 0.5578, accuracy3: 0.6262, loss: 2278.9003, reg_loss: 0.0000 ||:  80%|########  | 4/5 [00:00<00:00,  5.77it/s]
accuracy: 0.5585, accuracy3: 0.6262, loss: 2023.4808, reg_loss: 0.0000 ||: 100%|##########| 5/5 [00:00<00:00,  6.21it/s]

  0%|          | 0/2 [00:00<?, ?it/s]
accuracy: 0.5374, accuracy3: 0.6140, loss: 1464.2956, reg_loss: 0.0000 ||: 100%|##########| 2/2 [00:00<00:00, 24.05it/s]

  0%|          | 0/5 [00:00<?, ?it/s]
accuracy: 0.5740, accuracy3: 0.6466, loss: 2377.0032, reg_loss: 0.0000 ||:  20%|##        | 1/5 [00:00<00:00,  6.44it/s]
accuracy: 0.5635, accuracy3: 0.6297, loss: 2275.3445, reg_loss: 0.0000 ||:  40%|####      | 2/5 [00:00<00:00,  5.91it/s]
accuracy: 0.5665, accuracy3: 0.6328, loss: 1841.7913, reg_loss: 0.0000 ||:  60%|######    | 3/5 [00:00<00:00,  6.34it/s]
accuracy: 0.5837, accuracy3: 0.6511, loss: 2019.2941, reg_loss: 0.0000 ||:  80%|########  | 4/5 [00:00<00:00,  6.13it/s]
accuracy: 0.5889, accuracy3: 0.6571, loss: 1923.3630, reg_loss: 0.0000 ||: 100%|##########| 5/5 [00:00<00:00,  6.55it/s]

  0%|          | 0/2 [00:00<?, ?it/s]
accuracy: 0.5724, accuracy3: 0.6447, loss: 1400.8683, reg_loss: 0.0000 ||: 100%|##########| 2/2 [00:00<00:00, 25.09it/s]

  0%|          | 0/5 [00:00<?, ?it/s]
accuracy: 0.6061, accuracy3: 0.6798, loss: 2266.1008, reg_loss: 0.0000 ||:  20%|##        | 1/5 [00:00<00:00,  6.49it/s]
accuracy: 0.6139, accuracy3: 0.6829, loss: 1599.4622, reg_loss: 0.0000 ||:  40%|####      | 2/5 [00:00<00:00,  6.78it/s]
accuracy: 0.6209, accuracy3: 0.6890, loss: 1562.7405, reg_loss: 0.0000 ||:  60%|######    | 3/5 [00:00<00:00,  7.31it/s]
accuracy: 0.6178, accuracy3: 0.6822, loss: 1677.3763, reg_loss: 0.0000 ||:  80%|########  | 4/5 [00:00<00:00,  6.52it/s]
accuracy: 0.6269, accuracy3: 0.6919, loss: 1827.0488, reg_loss: 0.0000 ||: 100%|##########| 5/5 [00:00<00:00,  6.15it/s]

  0%|          | 0/2 [00:00<?, ?it/s]
accuracy: 0.6017, accuracy3: 0.6708, loss: 1343.0617, reg_loss: 0.0000 ||: 100%|##########| 2/2 [00:00<00:00, 27.88it/s]

  0%|          | 0/5 [00:00<?, ?it/s]
accuracy: 0.6655, accuracy3: 0.7292, loss: 2391.7957, reg_loss: 0.0000 ||:  20%|##        | 1/5 [00:00<00:00,  5.36it/s]
accuracy: 0.6516, accuracy3: 0.7176, loss: 2268.5359, reg_loss: 0.0000 ||:  40%|####      | 2/5 [00:00<00:00,  5.57it/s]
accuracy: 0.6540, accuracy3: 0.7180, loss: 1809.1497, reg_loss: 0.0000 ||:  60%|######    | 3/5 [00:00<00:00,  6.05it/s]
accuracy: 0.6595, accuracy3: 0.7241, loss: 1709.1824, reg_loss: 0.0000 ||:  80%|########  | 4/5 [00:00<00:00,  6.54it/s]
accuracy: 0.6567, accuracy3: 0.7189, loss: 1749.1689, reg_loss: 0.0000 ||: 100%|##########| 5/5 [00:00<00:00,  6.12it/s]

  0%|          | 0/2 [00:00<?, ?it/s]
accuracy: 0.6225, accuracy3: 0.6906, loss: 1293.2638, reg_loss: 0.0000 ||: 100%|##########| 2/2 [00:00<00:00, 26.31it/s]

  0%|          | 0/5 [00:00<?, ?it/s]
accuracy: 0.6824, accuracy3: 0.7376, loss: 853.8928, reg_loss: 0.0000 ||:  20%|##        | 1/5 [00:00<00:00,  7.61it/s]
accuracy: 0.6734, accuracy3: 0.7357, loss: 1456.2937, reg_loss: 0.0000 ||:  40%|####      | 2/5 [00:00<00:00,  7.15it/s]
accuracy: 0.6783, accuracy3: 0.7418, loss: 1419.0415, reg_loss: 0.0000 ||:  60%|######    | 3/5 [00:00<00:00,  7.40it/s]
accuracy: 0.6791, accuracy3: 0.7381, loss: 1523.6801, reg_loss: 0.0000 ||:  80%|########  | 4/5 [00:00<00:00,  6.52it/s]
accuracy: 0.6872, accuracy3: 0.7462, loss: 1658.5851, reg_loss: 0.0000 ||: 100%|##########| 5/5 [00:00<00:00,  6.20it/s]

  0%|          | 0/2 [00:00<?, ?it/s]
accuracy: 0.6599, accuracy3: 0.7219, loss: 1240.9326, reg_loss: 0.0000 ||: 100%|##########| 2/2 [00:00<00:00, 23.89it/s]

  0%|          | 0/5 [00:00<?, ?it/s]
accuracy: 0.6998, accuracy3: 0.7486, loss: 1796.7256, reg_loss: 0.0000 ||:  20%|##        | 1/5 [00:00<00:00,  5.40it/s]
accuracy: 0.7083, accuracy3: 0.7630, loss: 1547.5416, reg_loss: 0.0000 ||:  40%|####      | 2/5 [00:00<00:00,  6.02it/s]
accuracy: 0.7138, accuracy3: 0.7688, loss: 1740.6876, reg_loss: 0.0000 ||:  60%|######    | 3/5 [00:00<00:00,  5.82it/s]
accuracy: 0.7177, accuracy3: 0.7734, loss: 1781.1762, reg_loss: 0.0000 ||:  80%|########  | 4/5 [00:00<00:00,  5.85it/s]
accuracy: 0.7191, accuracy3: 0.7744, loss: 1579.8027, reg_loss: 0.0000 ||: 100%|##########| 5/5 [00:00<00:00,  6.30it/s]

  0%|          | 0/2 [00:00<?, ?it/s]
accuracy: 0.6821, accuracy3: 0.7427, loss: 1185.7737, reg_loss: 0.0000 ||: 100%|##########| 2/2 [00:00<00:00, 21.65it/s]

  0%|          | 0/5 [00:00<?, ?it/s]
accuracy: 0.7307, accuracy3: 0.7845, loss: 2049.6003, reg_loss: 0.0000 ||:  20%|##        | 1/5 [00:00<00:00,  5.48it/s]
accuracy: 0.7264, accuracy3: 0.7771, loss: 1859.0128, reg_loss: 0.0000 ||:  40%|####      | 2/5 [00:00<00:00,  5.42it/s]
accuracy: 0.7297, accuracy3: 0.7826, loss: 1639.7807, reg_loss: 0.0000 ||:  60%|######    | 3/5 [00:00<00:00,  6.09it/s]
accuracy: 0.7311, accuracy3: 0.7832, loss: 1415.2654, reg_loss: 0.0000 ||:  80%|########  | 4/5 [00:00<00:00,  6.47it/s]
accuracy: 0.7345, accuracy3: 0.7867, loss: 1493.5080, reg_loss: 0.0000 ||: 100%|##########| 5/5 [00:00<00:00,  6.36it/s]

  0%|          | 0/2 [00:00<?, ?it/s]
accuracy: 0.7114, accuracy3: 0.7654, loss: 1133.6110, reg_loss: 0.0000 ||: 100%|##########| 2/2 [00:00<00:00, 23.62it/s]

  0%|          | 0/5 [00:00<?, ?it/s]
accuracy: 0.7566, accuracy3: 0.8069, loss: 1942.7645, reg_loss: 0.0000 ||:  20%|##        | 1/5 [00:00<00:00,  4.70it/s]
accuracy: 0.7607, accuracy3: 0.8130, loss: 1851.3951, reg_loss: 0.0000 ||:  40%|####      | 2/5 [00:00<00:00,  5.04it/s]
accuracy: 0.7604, accuracy3: 0.8112, loss: 1474.2487, reg_loss: 0.0000 ||:  60%|######    | 3/5 [00:00<00:00,  5.64it/s]
accuracy: 0.7633, accuracy3: 0.8149, loss: 1389.0217, reg_loss: 0.0000 ||:  80%|########  | 4/5 [00:00<00:00,  6.30it/s]
accuracy: 0.7660, accuracy3: 0.8157, loss: 1417.3918, reg_loss: 0.0000 ||: 100%|##########| 5/5 [00:00<00:00,  5.87it/s]

  0%|          | 0/2 [00:00<?, ?it/s]
accuracy: 0.7204, accuracy3: 0.7767, loss: 1087.6455, reg_loss: 0.0000 ||: 100%|##########| 2/2 [00:00<00:00, 22.92it/s]

  0%|          | 0/5 [00:00<?, ?it/s]
accuracy: 0.7685, accuracy3: 0.8116, loss: 689.1623, reg_loss: 0.0000 ||:  20%|##        | 1/5 [00:00<00:00,  7.04it/s]
accuracy: 0.7740, accuracy3: 0.8212, loss: 1260.3534, reg_loss: 0.0000 ||:  40%|####      | 2/5 [00:00<00:00,  6.63it/s]
accuracy: 0.7783, accuracy3: 0.8272, loss: 1198.0978, reg_loss: 0.0000 ||:  60%|######    | 3/5 [00:00<00:00,  6.94it/s]
accuracy: 0.7794, accuracy3: 0.8255, loss: 1265.2622, reg_loss: 0.0000 ||:  80%|########  | 4/5 [00:00<00:00,  6.21it/s]
accuracy: 0.7819, accuracy3: 0.8287, loss: 1335.7039, reg_loss: 0.0000 ||: 100%|##########| 5/5 [00:00<00:00,  6.13it/s]

  0%|          | 0/2 [00:00<?, ?it/s]
accuracy: 0.7332, accuracy3: 0.7857, loss: 1044.8771, reg_loss: 0.0000 ||: 100%|##########| 2/2 [00:00<00:00, 22.17it/s]

  0%|          | 0/5 [00:00<?, ?it/s]
accuracy: 0.7923, accuracy3: 0.8441, loss: 1594.7068, reg_loss: 0.0000 ||:  20%|##        | 1/5 [00:00<00:00,  5.92it/s]
accuracy: 0.7980, accuracy3: 0.8446, loss: 1505.3803, reg_loss: 0.0000 ||:  40%|####      | 2/5 [00:00<00:00,  5.64it/s]
accuracy: 0.7983, accuracy3: 0.8428, loss: 1222.7949, reg_loss: 0.0000 ||:  60%|######    | 3/5 [00:00<00:00,  6.07it/s]
accuracy: 0.8021, accuracy3: 0.8472, loss: 1170.3576, reg_loss: 0.0000 ||:  80%|########  | 4/5 [00:00<00:00,  6.46it/s]
accuracy: 0.8033, accuracy3: 0.8481, loss: 1271.3106, reg_loss: 0.0000 ||: 100%|##########| 5/5 [00:00<00:00,  6.08it/s]

  0%|          | 0/2 [00:00<?, ?it/s]
accuracy: 0.7479, accuracy3: 0.7971, loss: 1001.9146, reg_loss: 0.0000 ||: 100%|##########| 2/2 [00:00<00:00, 24.18it/s]

  0%|          | 0/5 [00:00<?, ?it/s]
accuracy: 0.8054, accuracy3: 0.8502, loss: 1663.4052, reg_loss: 0.0000 ||:  20%|##        | 1/5 [00:00<00:00,  5.56it/s]
accuracy: 0.8082, accuracy3: 0.8531, loss: 1573.7621, reg_loss: 0.0000 ||:  40%|####      | 2/5 [00:00<00:00,  5.72it/s]
accuracy: 0.8090, accuracy3: 0.8511, loss: 1489.2200, reg_loss: 0.0000 ||:  60%|######    | 3/5 [00:00<00:00,  5.55it/s]
accuracy: 0.8092, accuracy3: 0.8505, loss: 1269.3692, reg_loss: 0.0000 ||:  80%|########  | 4/5 [00:00<00:00,  6.07it/s]
accuracy: 0.8111, accuracy3: 0.8531, loss: 1202.6349, reg_loss: 0.0000 ||: 100%|##########| 5/5 [00:00<00:00,  6.51it/s]

  0%|          | 0/2 [00:00<?, ?it/s]
accuracy: 0.7588, accuracy3: 0.8051, loss: 960.2571, reg_loss: 0.0000 ||: 100%|##########| 2/2 [00:00<00:00, 23.89it/s]

  0%|          | 0/5 [00:00<?, ?it/s]
accuracy: 0.8102, accuracy3: 0.8466, loss: 595.3003, reg_loss: 0.0000 ||:  20%|##        | 1/5 [00:00<00:00,  7.64it/s]
accuracy: 0.8206, accuracy3: 0.8620, loss: 754.6109, reg_loss: 0.0000 ||:  40%|####      | 2/5 [00:00<00:00,  7.63it/s]
accuracy: 0.8228, accuracy3: 0.8606, loss: 918.1606, reg_loss: 0.0000 ||:  60%|######    | 3/5 [00:00<00:00,  6.68it/s]
accuracy: 0.8267, accuracy3: 0.8656, loss: 1031.1344, reg_loss: 0.0000 ||:  80%|########  | 4/5 [00:00<00:00,  6.56it/s]
accuracy: 0.8262, accuracy3: 0.8652, loss: 1127.0832, reg_loss: 0.0000 ||: 100%|##########| 5/5 [00:00<00:00,  6.13it/s]

  0%|          | 0/2 [00:00<?, ?it/s]
accuracy: 0.7658, accuracy3: 0.8117, loss: 925.3407, reg_loss: 0.0000 ||: 100%|##########| 2/2 [00:00<00:00, 22.84it/s]

  0%|          | 0/5 [00:00<?, ?it/s]
accuracy: 0.8298, accuracy3: 0.8686, loss: 1488.8070, reg_loss: 0.0000 ||:  20%|##        | 1/5 [00:00<00:00,  5.48it/s]
accuracy: 0.8349, accuracy3: 0.8740, loss: 1407.3770, reg_loss: 0.0000 ||:  40%|####      | 2/5 [00:00<00:00,  5.69it/s]
accuracy: 0.8384, accuracy3: 0.8762, loss: 1224.8301, reg_loss: 0.0000 ||:  60%|######    | 3/5 [00:00<00:00,  6.24it/s]
accuracy: 0.8411, accuracy3: 0.8774, loss: 1209.2669, reg_loss: 0.0000 ||:  80%|########  | 4/5 [00:00<00:00,  5.72it/s]
accuracy: 0.8401, accuracy3: 0.8756, loss: 1075.9184, reg_loss: 0.0000 ||: 100%|##########| 5/5 [00:00<00:00,  6.23it/s]

  0%|          | 0/2 [00:00<?, ?it/s]
accuracy: 0.7725, accuracy3: 0.8160, loss: 888.8757, reg_loss: 0.0000 ||: 100%|##########| 2/2 [00:00<00:00, 23.83it/s]

  0%|          | 0/5 [00:00<?, ?it/s]
accuracy: 0.8422, accuracy3: 0.8751, loss: 1402.7228, reg_loss: 0.0000 ||:  20%|##        | 1/5 [00:00<00:00,  5.61it/s]
accuracy: 0.8470, accuracy3: 0.8799, loss: 1107.7490, reg_loss: 0.0000 ||:  40%|####      | 2/5 [00:00<00:00,  6.14it/s]
accuracy: 0.8492, accuracy3: 0.8824, loss: 1150.1762, reg_loss: 0.0000 ||:  60%|######    | 3/5 [00:00<00:00,  6.08it/s]
accuracy: 0.8471, accuracy3: 0.8795, loss: 993.2979, reg_loss: 0.0000 ||:  80%|########  | 4/5 [00:00<00:00,  6.42it/s] 
accuracy: 0.8472, accuracy3: 0.8794, loss: 1012.8815, reg_loss: 0.0000 ||: 100%|##########| 5/5 [00:00<00:00,  6.02it/s]

  0%|          | 0/2 [00:00<?, ?it/s]
accuracy: 0.7777, accuracy3: 0.8193, loss: 856.9716, reg_loss: 0.0000 ||: 100%|##########| 2/2 [00:00<00:00, 21.34it/s]

  0%|          | 0/5 [00:00<?, ?it/s]
accuracy: 0.8656, accuracy3: 0.8969, loss: 768.5955, reg_loss: 0.0000 ||:  20%|##        | 1/5 [00:00<00:00,  8.23it/s]
accuracy: 0.8642, accuracy3: 0.8950, loss: 970.8809, reg_loss: 0.0000 ||:  40%|####      | 2/5 [00:00<00:00,  7.55it/s]
accuracy: 0.8608, accuracy3: 0.8914, loss: 1080.1022, reg_loss: 0.0000 ||:  60%|######    | 3/5 [00:00<00:00,  6.75it/s]
accuracy: 0.8616, accuracy3: 0.8911, loss: 1069.4727, reg_loss: 0.0000 ||:  80%|########  | 4/5 [00:00<00:00,  6.19it/s]
accuracy: 0.8611, accuracy3: 0.8899, loss: 953.9656, reg_loss: 0.0000 ||: 100%|##########| 5/5 [00:00<00:00,  6.50it/s] 

  0%|          | 0/2 [00:00<?, ?it/s]
accuracy: 0.7833, accuracy3: 0.8250, loss: 830.0104, reg_loss: 0.0000 ||: 100%|##########| 2/2 [00:00<00:00, 21.49it/s]

  0%|          | 0/5 [00:00<?, ?it/s]
accuracy: 0.8671, accuracy3: 0.8945, loss: 1256.8221, reg_loss: 0.0000 ||:  20%|##        | 1/5 [00:00<00:00,  5.53it/s]
accuracy: 0.8626, accuracy3: 0.8884, loss: 869.6107, reg_loss: 0.0000 ||:  40%|####      | 2/5 [00:00<00:00,  6.10it/s] 
accuracy: 0.8666, accuracy3: 0.8931, loss: 818.3362, reg_loss: 0.0000 ||:  60%|######    | 3/5 [00:00<00:00,  6.75it/s]
accuracy: 0.8680, accuracy3: 0.8945, loss: 885.3289, reg_loss: 0.0000 ||:  80%|########  | 4/5 [00:00<00:00,  6.60it/s]
accuracy: 0.8680, accuracy3: 0.8951, loss: 901.7789, reg_loss: 0.0000 ||: 100%|##########| 5/5 [00:00<00:00,  6.00it/s]

  0%|          | 0/2 [00:00<?, ?it/s]
accuracy: 0.7900, accuracy3: 0.8302, loss: 799.2358, reg_loss: 0.0000 ||: 100%|##########| 2/2 [00:00<00:00, 25.38it/s]

  0%|          | 0/5 [00:00<?, ?it/s]
accuracy: 0.8641, accuracy3: 0.8883, loss: 456.5173, reg_loss: 0.0000 ||:  20%|##        | 1/5 [00:00<00:00,  7.71it/s]
accuracy: 0.8747, accuracy3: 0.9013, loss: 569.8603, reg_loss: 0.0000 ||:  40%|####      | 2/5 [00:00<00:00,  7.88it/s]
accuracy: 0.8745, accuracy3: 0.9015, loss: 692.6895, reg_loss: 0.0000 ||:  60%|######    | 3/5 [00:00<00:00,  6.72it/s]
accuracy: 0.8740, accuracy3: 0.9001, loss: 810.8755, reg_loss: 0.0000 ||:  80%|########  | 4/5 [00:00<00:00,  6.23it/s]
accuracy: 0.8777, accuracy3: 0.9019, loss: 851.9674, reg_loss: 0.0000 ||: 100%|##########| 5/5 [00:00<00:00,  6.26it/s]

  0%|          | 0/2 [00:00<?, ?it/s]
accuracy: 0.8004, accuracy3: 0.8396, loss: 777.3530, reg_loss: 0.0000 ||: 100%|##########| 2/2 [00:00<00:00, 23.14it/s]

  0%|          | 0/5 [00:00<?, ?it/s]
accuracy: 0.8908, accuracy3: 0.9094, loss: 1004.6509, reg_loss: 0.0000 ||:  20%|##        | 1/5 [00:00<00:00,  6.22it/s]
accuracy: 0.8943, accuracy3: 0.9137, loss: 828.0401, reg_loss: 0.0000 ||:  40%|####      | 2/5 [00:00<00:00,  6.73it/s] 
accuracy: 0.8957, accuracy3: 0.9151, loss: 847.0931, reg_loss: 0.0000 ||:  60%|######    | 3/5 [00:00<00:00,  6.19it/s]
accuracy: 0.8962, accuracy3: 0.9155, loss: 910.6711, reg_loss: 0.0000 ||:  80%|########  | 4/5 [00:00<00:00,  5.94it/s]
accuracy: 0.8936, accuracy3: 0.9130, loss: 813.2349, reg_loss: 0.0000 ||: 100%|##########| 5/5 [00:00<00:00,  6.33it/s]

  0%|          | 0/2 [00:00<?, ?it/s]
accuracy: 0.8127, accuracy3: 0.8500, loss: 753.5080, reg_loss: 0.0000 ||: 100%|##########| 2/2 [00:00<00:00, 23.07it/s]

  0%|          | 0/5 [00:00<?, ?it/s]
accuracy: 0.8945, accuracy3: 0.9124, loss: 1076.7705, reg_loss: 0.0000 ||:  20%|##        | 1/5 [00:00<00:00,  5.55it/s]
accuracy: 0.8963, accuracy3: 0.9150, loss: 843.3083, reg_loss: 0.0000 ||:  40%|####      | 2/5 [00:00<00:00,  6.08it/s] 
accuracy: 0.8972, accuracy3: 0.9146, loss: 869.9981, reg_loss: 0.0000 ||:  60%|######    | 3/5 [00:00<00:00,  6.13it/s]
accuracy: 0.8960, accuracy3: 0.9129, loss: 753.0071, reg_loss: 0.0000 ||:  80%|########  | 4/5 [00:00<00:00,  6.44it/s]
accuracy: 0.8970, accuracy3: 0.9141, loss: 766.1491, reg_loss: 0.0000 ||: 100%|##########| 5/5 [00:00<00:00,  6.07it/s]

  0%|          | 0/2 [00:00<?, ?it/s]
accuracy: 0.8150, accuracy3: 0.8519, loss: 731.8328, reg_loss: 0.0000 ||: 100%|##########| 2/2 [00:00<00:00, 26.42it/s]

  0%|          | 0/5 [00:00<?, ?it/s]
accuracy: 0.8980, accuracy3: 0.9154, loss: 1022.7849, reg_loss: 0.0000 ||:  20%|##        | 1/5 [00:00<00:00,  5.71it/s]
accuracy: 0.8968, accuracy3: 0.9128, loss: 705.3430, reg_loss: 0.0000 ||:  40%|####      | 2/5 [00:00<00:00,  6.18it/s] 
accuracy: 0.9018, accuracy3: 0.9194, loss: 732.7724, reg_loss: 0.0000 ||:  60%|######    | 3/5 [00:00<00:00,  5.64it/s]
accuracy: 0.9036, accuracy3: 0.9208, loss: 691.2387, reg_loss: 0.0000 ||:  80%|########  | 4/5 [00:00<00:00,  6.29it/s]
accuracy: 0.9052, accuracy3: 0.9211, loss: 725.0707, reg_loss: 0.0000 ||: 100%|##########| 5/5 [00:00<00:00,  6.28it/s]

  0%|          | 0/2 [00:00<?, ?it/s]
accuracy: 0.8202, accuracy3: 0.8567, loss: 713.3570, reg_loss: 0.0000 ||: 100%|##########| 2/2 [00:00<00:00, 21.45it/s]

  0%|          | 0/5 [00:00<?, ?it/s]
accuracy: 0.9110, accuracy3: 0.9283, loss: 557.3602, reg_loss: 0.0000 ||:  20%|##        | 1/5 [00:00<00:00,  6.93it/s]
accuracy: 0.9147, accuracy3: 0.9281, loss: 700.2378, reg_loss: 0.0000 ||:  40%|####      | 2/5 [00:00<00:00,  6.60it/s]
accuracy: 0.9124, accuracy3: 0.9258, loss: 588.5898, reg_loss: 0.0000 ||:  60%|######    | 3/5 [00:00<00:00,  6.91it/s]
accuracy: 0.9127, accuracy3: 0.9260, loss: 677.1932, reg_loss: 0.0000 ||:  80%|########  | 4/5 [00:00<00:00,  6.37it/s]
accuracy: 0.9146, accuracy3: 0.9285, loss: 688.4474, reg_loss: 0.0000 ||: 100%|##########| 5/5 [00:00<00:00,  6.00it/s]

  0%|          | 0/2 [00:00<?, ?it/s]
accuracy: 0.8273, accuracy3: 0.8605, loss: 695.5559, reg_loss: 0.0000 ||: 100%|##########| 2/2 [00:00<00:00, 23.76it/s]

  0%|          | 0/5 [00:00<?, ?it/s]
accuracy: 0.9085, accuracy3: 0.9206, loss: 352.1699, reg_loss: 0.0000 ||:  20%|##        | 1/5 [00:00<00:00,  6.65it/s]
accuracy: 0.9160, accuracy3: 0.9316, loss: 534.2404, reg_loss: 0.0000 ||:  40%|####      | 2/5 [00:00<00:00,  6.14it/s]
accuracy: 0.9166, accuracy3: 0.9310, loss: 658.1299, reg_loss: 0.0000 ||:  60%|######    | 3/5 [00:00<00:00,  6.00it/s]
accuracy: 0.9181, accuracy3: 0.9314, loss: 688.5683, reg_loss: 0.0000 ||:  80%|########  | 4/5 [00:00<00:00,  6.11it/s]
accuracy: 0.9190, accuracy3: 0.9324, loss: 652.7661, reg_loss: 0.0000 ||: 100%|##########| 5/5 [00:00<00:00,  6.70it/s]

  0%|          | 0/2 [00:00<?, ?it/s]
accuracy: 0.8311, accuracy3: 0.8638, loss: 679.1230, reg_loss: 0.0000 ||: 100%|##########| 2/2 [00:00<00:00, 26.55it/s]

  0%|          | 0/5 [00:00<?, ?it/s]
accuracy: 0.9286, accuracy3: 0.9433, loss: 686.5044, reg_loss: 0.0000 ||:  20%|##        | 1/5 [00:00<00:00,  5.10it/s]
accuracy: 0.9249, accuracy3: 0.9391, loss: 510.2099, reg_loss: 0.0000 ||:  40%|####      | 2/5 [00:00<00:00,  5.61it/s]
accuracy: 0.9223, accuracy3: 0.9355, loss: 628.0069, reg_loss: 0.0000 ||:  60%|######    | 3/5 [00:00<00:00,  5.55it/s]
accuracy: 0.9235, accuracy3: 0.9360, loss: 656.4050, reg_loss: 0.0000 ||:  80%|########  | 4/5 [00:00<00:00,  5.65it/s]
accuracy: 0.9241, accuracy3: 0.9365, loss: 621.0273, reg_loss: 0.0000 ||: 100%|##########| 5/5 [00:00<00:00,  6.14it/s]

  0%|          | 0/2 [00:00<?, ?it/s]
accuracy: 0.8363, accuracy3: 0.8690, loss: 664.6093, reg_loss: 0.0000 ||: 100%|##########| 2/2 [00:00<00:00, 25.78it/s]

  0%|          | 0/5 [00:00<?, ?it/s]
accuracy: 0.9308, accuracy3: 0.9403, loss: 721.1240, reg_loss: 0.0000 ||:  20%|##        | 1/5 [00:00<00:00,  6.25it/s]
accuracy: 0.9356, accuracy3: 0.9456, loss: 680.9873, reg_loss: 0.0000 ||:  40%|####      | 2/5 [00:00<00:00,  5.87it/s]
accuracy: 0.9343, accuracy3: 0.9443, loss: 610.1489, reg_loss: 0.0000 ||:  60%|######    | 3/5 [00:00<00:00,  6.29it/s]
accuracy: 0.9321, accuracy3: 0.9420, loss: 661.4065, reg_loss: 0.0000 ||:  80%|########  | 4/5 [00:00<00:00,  5.96it/s]
accuracy: 0.9309, accuracy3: 0.9409, loss: 591.1750, reg_loss: 0.0000 ||: 100%|##########| 5/5 [00:00<00:00,  6.47it/s]

  0%|          | 0/2 [00:00<?, ?it/s]
accuracy: 0.8401, accuracy3: 0.8723, loss: 650.7383, reg_loss: 0.0000 ||: 100%|##########| 2/2 [00:00<00:00, 26.60it/s]

  0%|          | 0/5 [00:00<?, ?it/s]
accuracy: 0.9313, accuracy3: 0.9409, loss: 683.5965, reg_loss: 0.0000 ||:  20%|##        | 1/5 [00:00<00:00,  6.25it/s]
accuracy: 0.9295, accuracy3: 0.9390, loss: 736.8271, reg_loss: 0.0000 ||:  40%|####      | 2/5 [00:00<00:00,  6.08it/s]
accuracy: 0.9312, accuracy3: 0.9406, loss: 638.3306, reg_loss: 0.0000 ||:  60%|######    | 3/5 [00:00<00:00,  6.38it/s]
accuracy: 0.9293, accuracy3: 0.9385, loss: 554.0053, reg_loss: 0.0000 ||:  80%|########  | 4/5 [00:00<00:00,  6.77it/s]
accuracy: 0.9323, accuracy3: 0.9419, loss: 562.8367, reg_loss: 0.0000 ||: 100%|##########| 5/5 [00:00<00:00,  6.21it/s]

  0%|          | 0/2 [00:00<?, ?it/s]
accuracy: 0.8434, accuracy3: 0.8751, loss: 637.0942, reg_loss: 0.0000 ||: 100%|##########| 2/2 [00:00<00:00, 25.85it/s]

  0%|          | 0/5 [00:00<?, ?it/s]
accuracy: 0.9420, accuracy3: 0.9542, loss: 591.1324, reg_loss: 0.0000 ||:  20%|##        | 1/5 [00:00<00:00,  5.18it/s]
accuracy: 0.9356, accuracy3: 0.9463, loss: 669.9980, reg_loss: 0.0000 ||:  40%|####      | 2/5 [00:00<00:00,  5.27it/s]
accuracy: 0.9360, accuracy3: 0.9462, loss: 660.8482, reg_loss: 0.0000 ||:  60%|######    | 3/5 [00:00<00:00,  5.46it/s]
accuracy: 0.9351, accuracy3: 0.9450, loss: 567.3279, reg_loss: 0.0000 ||:  80%|########  | 4/5 [00:00<00:00,  5.99it/s]
accuracy: 0.9354, accuracy3: 0.9451, loss: 537.5033, reg_loss: 0.0000 ||: 100%|##########| 5/5 [00:00<00:00,  6.41it/s]

  0%|          | 0/2 [00:00<?, ?it/s]
accuracy: 0.8453, accuracy3: 0.8756, loss: 625.2349, reg_loss: 0.0000 ||: 100%|##########| 2/2 [00:00<00:00, 21.67it/s]

  0%|          | 0/5 [00:00<?, ?it/s]
accuracy: 0.9338, accuracy3: 0.9428, loss: 724.9905, reg_loss: 0.0000 ||:  20%|##        | 1/5 [00:00<00:00,  5.55it/s]
accuracy: 0.9351, accuracy3: 0.9441, loss: 565.2640, reg_loss: 0.0000 ||:  40%|####      | 2/5 [00:00<00:00,  6.16it/s]
accuracy: 0.9332, accuracy3: 0.9422, loss: 468.0443, reg_loss: 0.0000 ||:  60%|######    | 3/5 [00:00<00:00,  6.58it/s]
accuracy: 0.9345, accuracy3: 0.9432, loss: 504.6047, reg_loss: 0.0000 ||:  80%|########  | 4/5 [00:00<00:00,  6.47it/s]
accuracy: 0.9373, accuracy3: 0.9465, loss: 511.9383, reg_loss: 0.0000 ||: 100%|##########| 5/5 [00:00<00:00,  6.01it/s]

  0%|          | 0/2 [00:00<?, ?it/s]
accuracy: 0.8453, accuracy3: 0.8761, loss: 614.5205, reg_loss: 0.0000 ||: 100%|##########| 2/2 [00:00<00:00, 25.72it/s]

  0%|          | 0/5 [00:00<?, ?it/s]
accuracy: 0.9475, accuracy3: 0.9567, loss: 535.3381, reg_loss: 0.0000 ||:  20%|##        | 1/5 [00:00<00:00,  5.25it/s]
accuracy: 0.9432, accuracy3: 0.9517, loss: 565.3409, reg_loss: 0.0000 ||:  40%|####      | 2/5 [00:00<00:00,  5.58it/s]
accuracy: 0.9401, accuracy3: 0.9488, loss: 464.7666, reg_loss: 0.0000 ||:  60%|######    | 3/5 [00:00<00:00,  6.13it/s]
accuracy: 0.9408, accuracy3: 0.9496, loss: 516.2654, reg_loss: 0.0000 ||:  80%|########  | 4/5 [00:00<00:00,  5.92it/s]
accuracy: 0.9411, accuracy3: 0.9499, loss: 488.6909, reg_loss: 0.0000 ||: 100%|##########| 5/5 [00:00<00:00,  6.52it/s]

  0%|          | 0/2 [00:00<?, ?it/s]
accuracy: 0.8477, accuracy3: 0.8780, loss: 605.6926, reg_loss: 0.0000 ||: 100%|##########| 2/2 [00:00<00:00, 22.64it/s]

  0%|          | 0/5 [00:00<?, ?it/s]
accuracy: 0.9443, accuracy3: 0.9516, loss: 575.3174, reg_loss: 0.0000 ||:  20%|##        | 1/5 [00:00<00:00,  5.72it/s]
accuracy: 0.9476, accuracy3: 0.9558, loss: 538.8099, reg_loss: 0.0000 ||:  40%|####      | 2/5 [00:00<00:00,  5.52it/s]
accuracy: 0.9457, accuracy3: 0.9534, loss: 443.6968, reg_loss: 0.0000 ||:  60%|######    | 3/5 [00:00<00:00,  6.05it/s]
accuracy: 0.9449, accuracy3: 0.9531, loss: 494.4407, reg_loss: 0.0000 ||:  80%|########  | 4/5 [00:00<00:00,  5.81it/s]
accuracy: 0.9445, accuracy3: 0.9529, loss: 467.9825, reg_loss: 0.0000 ||: 100%|##########| 5/5 [00:00<00:00,  6.34it/s]

  0%|          | 0/2 [00:00<?, ?it/s]
accuracy: 0.8477, accuracy3: 0.8775, loss: 595.3482, reg_loss: 0.0000 ||: 100%|##########| 2/2 [00:00<00:00, 23.81it/s]

  0%|          | 0/5 [00:00<?, ?it/s]
accuracy: 0.9423, accuracy3: 0.9514, loss: 356.6589, reg_loss: 0.0000 ||:  20%|##        | 1/5 [00:00<00:00,  8.62it/s]
accuracy: 0.9411, accuracy3: 0.9492, loss: 451.4337, reg_loss: 0.0000 ||:  40%|####      | 2/5 [00:00<00:00,  7.77it/s]
accuracy: 0.9430, accuracy3: 0.9512, loss: 510.0076, reg_loss: 0.0000 ||:  60%|######    | 3/5 [00:00<00:00,  6.71it/s]
accuracy: 0.9461, accuracy3: 0.9539, loss: 500.2910, reg_loss: 0.0000 ||:  80%|########  | 4/5 [00:00<00:00,  6.04it/s]
accuracy: 0.9450, accuracy3: 0.9526, loss: 448.6629, reg_loss: 0.0000 ||: 100%|##########| 5/5 [00:00<00:00,  6.46it/s]

  0%|          | 0/2 [00:00<?, ?it/s]
accuracy: 0.8482, accuracy3: 0.8789, loss: 590.7925, reg_loss: 0.0000 ||: 100%|##########| 2/2 [00:00<00:00, 22.09it/s]

  0%|          | 0/5 [00:00<?, ?it/s]
accuracy: 0.9482, accuracy3: 0.9567, loss: 608.5427, reg_loss: 0.0000 ||:  20%|##        | 1/5 [00:00<00:00,  5.58it/s]
accuracy: 0.9474, accuracy3: 0.9551, loss: 567.4908, reg_loss: 0.0000 ||:  40%|####      | 2/5 [00:00<00:00,  5.80it/s]
accuracy: 0.9502, accuracy3: 0.9576, loss: 531.8907, reg_loss: 0.0000 ||:  60%|######    | 3/5 [00:00<00:00,  5.56it/s]
accuracy: 0.9483, accuracy3: 0.9556, loss: 457.6178, reg_loss: 0.0000 ||:  80%|########  | 4/5 [00:00<00:00,  5.89it/s]
accuracy: 0.9481, accuracy3: 0.9557, loss: 432.6378, reg_loss: 0.0000 ||: 100%|##########| 5/5 [00:00<00:00,  6.49it/s]

  0%|          | 0/2 [00:00<?, ?it/s]
accuracy: 0.8491, accuracy3: 0.8789, loss: 579.3240, reg_loss: 0.0000 ||: 100%|##########| 2/2 [00:00<00:00, 27.78it/s]

  0%|          | 0/5 [00:00<?, ?it/s]
accuracy: 0.9465, accuracy3: 0.9527, loss: 506.1467, reg_loss: 0.0000 ||:  20%|##        | 1/5 [00:00<00:00,  6.20it/s]
accuracy: 0.9444, accuracy3: 0.9508, loss: 367.4049, reg_loss: 0.0000 ||:  40%|####      | 2/5 [00:00<00:00,  6.69it/s]
accuracy: 0.9483, accuracy3: 0.9550, loss: 392.1576, reg_loss: 0.0000 ||:  60%|######    | 3/5 [00:00<00:00,  6.16it/s]
accuracy: 0.9475, accuracy3: 0.9548, loss: 374.5079, reg_loss: 0.0000 ||:  80%|########  | 4/5 [00:00<00:00,  6.74it/s]
accuracy: 0.9477, accuracy3: 0.9550, loss: 413.5542, reg_loss: 0.0000 ||: 100%|##########| 5/5 [00:00<00:00,  6.42it/s]

  0%|          | 0/2 [00:00<?, ?it/s]
accuracy: 0.8486, accuracy3: 0.8784, loss: 573.3691, reg_loss: 0.0000 ||: 100%|##########| 2/2 [00:00<00:00, 22.00it/s]

  0%|          | 0/5 [00:00<?, ?it/s]
accuracy: 0.9542, accuracy3: 0.9610, loss: 427.7073, reg_loss: 0.0000 ||:  20%|##        | 1/5 [00:00<00:00,  5.14it/s]
accuracy: 0.9517, accuracy3: 0.9581, loss: 458.5139, reg_loss: 0.0000 ||:  40%|####      | 2/5 [00:00<00:00,  5.43it/s]
accuracy: 0.9505, accuracy3: 0.9567, loss: 378.9077, reg_loss: 0.0000 ||:  60%|######    | 3/5 [00:00<00:00,  6.06it/s]
accuracy: 0.9512, accuracy3: 0.9580, loss: 422.0923, reg_loss: 0.0000 ||:  80%|########  | 4/5 [00:00<00:00,  5.86it/s]
accuracy: 0.9515, accuracy3: 0.9585, loss: 398.9209, reg_loss: 0.0000 ||: 100%|##########| 5/5 [00:00<00:00,  6.34it/s]

  0%|          | 0/2 [00:00<?, ?it/s]
accuracy: 0.8500, accuracy3: 0.8803, loss: 568.3431, reg_loss: 0.0000 ||: 100%|##########| 2/2 [00:00<00:00, 22.44it/s]

  0%|          | 0/5 [00:00<?, ?it/s]
accuracy: 0.9510, accuracy3: 0.9567, loss: 469.3481, reg_loss: 0.0000 ||:  20%|##        | 1/5 [00:00<00:00,  6.30it/s]
accuracy: 0.9546, accuracy3: 0.9611, loss: 438.8714, reg_loss: 0.0000 ||:  40%|####      | 2/5 [00:00<00:00,  5.83it/s]
accuracy: 0.9535, accuracy3: 0.9606, loss: 471.6835, reg_loss: 0.0000 ||:  60%|######    | 3/5 [00:00<00:00,  5.73it/s]
accuracy: 0.9528, accuracy3: 0.9596, loss: 405.7419, reg_loss: 0.0000 ||:  80%|########  | 4/5 [00:00<00:00,  6.14it/s]
accuracy: 0.9524, accuracy3: 0.9595, loss: 383.7885, reg_loss: 0.0000 ||: 100%|##########| 5/5 [00:00<00:00,  6.72it/s]

  0%|          | 0/2 [00:00<?, ?it/s]
accuracy: 0.8486, accuracy3: 0.8789, loss: 562.7766, reg_loss: 0.0000 ||: 100%|##########| 2/2 [00:00<00:00, 22.69it/s]

  0%|          | 0/5 [00:00<?, ?it/s]
accuracy: 0.9552, accuracy3: 0.9632, loss: 517.3548, reg_loss: 0.0000 ||:  20%|##        | 1/5 [00:00<00:00,  5.41it/s]
accuracy: 0.9553, accuracy3: 0.9634, loss: 404.5505, reg_loss: 0.0000 ||:  40%|####      | 2/5 [00:00<00:00,  6.00it/s]
accuracy: 0.9580, accuracy3: 0.9656, loss: 399.2840, reg_loss: 0.0000 ||:  60%|######    | 3/5 [00:00<00:00,  5.73it/s]
accuracy: 0.9568, accuracy3: 0.9641, loss: 350.2146, reg_loss: 0.0000 ||:  80%|########  | 4/5 [00:00<00:00,  6.14it/s]
accuracy: 0.9564, accuracy3: 0.9633, loss: 368.4729, reg_loss: 0.0000 ||: 100%|##########| 5/5 [00:00<00:00,  6.09it/s]

  0%|          | 0/2 [00:00<?, ?it/s]
accuracy: 0.8524, accuracy3: 0.8827, loss: 557.5003, reg_loss: 0.0000 ||: 100%|##########| 2/2 [00:00<00:00, 21.49it/s]

  0%|          | 0/5 [00:00<?, ?it/s]
accuracy: 0.9547, accuracy3: 0.9637, loss: 280.7486, reg_loss: 0.0000 ||:  20%|##        | 1/5 [00:00<00:00,  7.85it/s]
accuracy: 0.9590, accuracy3: 0.9663, loss: 327.2826, reg_loss: 0.0000 ||:  40%|####      | 2/5 [00:00<00:00,  6.86it/s]
accuracy: 0.9572, accuracy3: 0.9644, loss: 282.8417, reg_loss: 0.0000 ||:  60%|######    | 3/5 [00:00<00:00,  7.22it/s]
accuracy: 0.9559, accuracy3: 0.9634, loss: 336.1831, reg_loss: 0.0000 ||:  80%|########  | 4/5 [00:00<00:00,  6.76it/s]
accuracy: 0.9549, accuracy3: 0.9621, loss: 355.8779, reg_loss: 0.0000 ||: 100%|##########| 5/5 [00:00<00:00,  6.54it/s]

  0%|          | 0/2 [00:00<?, ?it/s]
accuracy: 0.8515, accuracy3: 0.8813, loss: 552.5833, reg_loss: 0.0000 ||: 100%|##########| 2/2 [00:00<00:00, 22.93it/s]

0it [00:00, ?it/s]
accuracy: 0.85, accuracy3: 0.88, loss: 552.58 ||: : 2it [00:00, 25.82it/s]

